<?xml version="1.0" encoding="UTF-8"?>
<testsuites name="TC30-33. Create Public Room" time="1776.718" tests="4" failures="0" errors="0">
   <testsuite name="TC30-33. Create Public Room" tests="4" failures="0" errors="0" time="1776.718" skipped="0" timestamp="2022-01-16 21:26:43" hostname="Dell T5810 - T5810.mshome.net" id="Test Suites/TC30-33. Create Public Room">
      <properties>
         <property name="deviceName" value=""/>
         <property name="devicePlatform" value=""/>
         <property name="logFolder" value="D:\\Personal\\University\\3rd_year\\1st_term\\CS300_SoftwareEngineering x\\BONUS\\Test-Automation-SE-Bonus-Katalon\\Reports\\20220116_212332\\TC30-33. Create Public Room\\20220116_212352"/>
         <property name="logFiles" value="D:\\Personal\\University\\3rd_year\\1st_term\\CS300_SoftwareEngineering x\\BONUS\\Test-Automation-SE-Bonus-Katalon\\Reports\\20220116_212332\\TC30-33. Create Public Room\\20220116_212352\\execution0.log"/>
         <property name="attachments" value=""/>
         <property name="hostName" value="Dell T5810 - T5810.mshome.net"/>
         <property name="os" value="Windows 10 64bit"/>
         <property name="katalonVersion" value="8.2.0.208"/>
         <property name="browser" value="Chrome 97.0.4692.71"/>
         <property name="hostAddress" value="172.17.142.97"/>
         <property name="sessionId" value="b9b2f01a207ef15b69055efeb5b9c9e6"/>
         <property name="seleniumVersion" value="3.141.59"/>
         <property name="proxyInformation" value="ProxyInformation { proxyOption=NO_PROXY, proxyServerType=HTTP, username=, password=********, proxyServerAddress=, proxyServerPort=0, executionList=&quot;&quot;, isApplyToDesiredCapabilities=true }"/>
         <property name="platform" value="Windows 10"/>
      </properties>
      <testcase name="Test Cases/TC30-33. Create Public Room" time="425.118" classname="Test Cases/TC30-33. Create Public Room" status="PASSED">
         <system-out><![CDATA[2022-01-16 21:26:44 - [TEST_CASE][PASSED] - Test Cases/TC30-33. Create Public Room: Test Cases/TC30-33. Create Public Room

2022-01-16 21:26:45 - [TEST_STEP][PASSED] - openBrowser(""): Browser is opened with url: ''

2022-01-16 21:26:46 - [MESSAGE][INFO] - Starting 'Chrome' driver

2022-01-16 21:26:46 - [MESSAGE][INFO] - Action delay is set to 0 milliseconds

2022-01-16 21:26:50 - [MESSAGE][PASSED] - Browser is opened with url: ''

2022-01-16 21:26:50 - [TEST_STEP][PASSED] - navigateToUrl("http://localhost:8080/#/login"): Navigate to 'http://localhost:8080/#/login' successfully

2022-01-16 21:26:52 - [MESSAGE][PASSED] - Navigate to 'http://localhost:8080/#/login' successfully

2022-01-16 21:26:52 - [TEST_STEP][PASSED] - setText(findTestObject("Object Repository/Create a public room/Page_Element/input_Sign in with_username"), "nctai"): Text 'nctai' is set on object 'Object Repository/Create a public room/Page_Element/input_Sign in with_username'

2022-01-16 21:26:58 - [MESSAGE][PASSED] - Text 'nctai' is set on object 'Object Repository/Create a public room/Page_Element/input_Sign in with_username'

2022-01-16 21:26:58 - [TEST_STEP][PASSED] - setEncryptedText(findTestObject("Object Repository/Create a public room/Page_Element/input_Username_password"), "EkCegUu2cCIeOttlbhr1Gg=="): Text ****** has been set on object 'Object Repository/Create a public room/Page_Element/input_Username_password'

2022-01-16 21:26:59 - [MESSAGE][PASSED] - Text ****** has been set on object 'Object Repository/Create a public room/Page_Element/input_Username_password'

2022-01-16 21:26:59 - [TEST_STEP][PASSED] - click(findTestObject("Object Repository/Create a public room/Page_Element/input_Forgot password_mx_Login_submit")): Object: 'Object Repository/Create a public room/Page_Element/input_Forgot password_mx_Login_submit' is clicked on

2022-01-16 21:26:59 - [MESSAGE][PASSED] - Object: 'Object Repository/Create a public room/Page_Element/input_Forgot password_mx_Login_submit' is clicked on

2022-01-16 21:26:59 - [TEST_STEP][PASSED] - click(findTestObject("Object Repository/Create a public room/Page_Element 3/div_Verify with Security Key or Phrase")): Object: 'Object Repository/Create a public room/Page_Element 3/div_Verify with Security Key or Phrase' is clicked on

2022-01-16 21:27:44 - [MESSAGE][PASSED] - Object: 'Object Repository/Create a public room/Page_Element 3/div_Verify with Security Key or Phrase' is clicked on

2022-01-16 21:27:44 - [TEST_STEP][PASSED] - setEncryptedText(findTestObject("Object Repository/Create a public room/Page_Element 3/input_use your Security Key_mx_passPhraseInput"), "reV6H350bXVA0kTbjZFhCPXAh4FFL4It6typrKizvxSyJdUn2mpvZeL5nXz6yBWwF/LIkIubCxLuDiWR7yvugw=="): Text ****** has been set on object 'Object Repository/Create a public room/Page_Element 3/input_use your Security Key_mx_passPhraseInput'

2022-01-16 21:28:14 - [MESSAGE][PASSED] - Text ****** has been set on object 'Object Repository/Create a public room/Page_Element 3/input_use your Security Key_mx_passPhraseInput'

2022-01-16 21:28:14 - [TEST_STEP][PASSED] - click(findTestObject("Object Repository/Create a public room/Page_Element 3/button_Continue")): Object: 'Object Repository/Create a public room/Page_Element 3/button_Continue' is clicked on

2022-01-16 21:28:15 - [MESSAGE][PASSED] - Object: 'Object Repository/Create a public room/Page_Element 3/button_Continue' is clicked on

2022-01-16 21:28:15 - [TEST_STEP][PASSED] - click(findTestObject("Object Repository/Create a public room/Page_Element 3/div_Done")): Object: 'Object Repository/Create a public room/Page_Element 3/div_Done' is clicked on

2022-01-16 21:28:45 - [MESSAGE][PASSED] - Object: 'Object Repository/Create a public room/Page_Element 3/div_Done' is clicked on

2022-01-16 21:28:45 - [TEST_STEP][PASSED] - click(findTestObject("Object Repository/Create a public room/Page_Element 3/div_Rooms_mx_AccessibleButton mx_RoomSublis_27fc2e")): Object: 'Object Repository/Create a public room/Page_Element 3/div_Rooms_mx_AccessibleButton mx_RoomSublis_27fc2e' is clicked on

2022-01-16 21:29:16 - [MESSAGE][PASSED] - Object: 'Object Repository/Create a public room/Page_Element 3/div_Rooms_mx_AccessibleButton mx_RoomSublis_27fc2e' is clicked on

2022-01-16 21:29:16 - [TEST_STEP][PASSED] - click(findTestObject("Object Repository/Create a public room/Page_Element 3/span_Create new room")): Object: 'Object Repository/Create a public room/Page_Element 3/span_Create new room' is clicked on

2022-01-16 21:29:28 - [MESSAGE][PASSED] - Object: 'Object Repository/Create a public room/Page_Element 3/span_Create new room' is clicked on

2022-01-16 21:29:28 - [TEST_STEP][PASSED] - click(findTestObject("Object Repository/Create a public room/Page_Element 3/div_Private room (invite only)")): Object: 'Object Repository/Create a public room/Page_Element 3/div_Private room (invite only)' is clicked on

2022-01-16 21:29:59 - [MESSAGE][PASSED] - Object: 'Object Repository/Create a public room/Page_Element 3/div_Private room (invite only)' is clicked on

2022-01-16 21:29:59 - [TEST_STEP][PASSED] - click(findTestObject("Object Repository/Create a public room/Page_Element 3/div_Public room")): Object: 'Object Repository/Create a public room/Page_Element 3/div_Public room' is clicked on

2022-01-16 21:30:25 - [MESSAGE][PASSED] - Object: 'Object Repository/Create a public room/Page_Element 3/div_Public room' is clicked on

2022-01-16 21:30:25 - [TEST_STEP][PASSED] - setText(findTestObject("Object Repository/Create a public room/Page_Element 3/input_Create a public room_mx_Field_4"), roomName): Text 'AutomatedTest' is set on object 'Object Repository/Create a public room/Page_Element 3/input_Create a public room_mx_Field_4'

2022-01-16 21:31:25 - [MESSAGE][PASSED] - Text 'AutomatedTest' is set on object 'Object Repository/Create a public room/Page_Element 3/input_Create a public room_mx_Field_4'

2022-01-16 21:31:25 - [TEST_STEP][PASSED] - setText(findTestObject("Object Repository/Create a public room/Page_Element 3/input__mx_Field_6"), address): Text 'automatedTest' is set on object 'Object Repository/Create a public room/Page_Element 3/input__mx_Field_6'

2022-01-16 21:32:26 - [MESSAGE][PASSED] - Text 'automatedTest' is set on object 'Object Repository/Create a public room/Page_Element 3/input__mx_Field_6'

2022-01-16 21:32:26 - [TEST_STEP][PASSED] - setText(findTestObject("Object Repository/Create a public room/Page_Element 3/input_Name_mx_Field_5"), description): Text 'This is used to test' is set on object 'Object Repository/Create a public room/Page_Element 3/input_Name_mx_Field_5'

2022-01-16 21:33:18 - [MESSAGE][PASSED] - Text 'This is used to test' is set on object 'Object Repository/Create a public room/Page_Element 3/input_Name_mx_Field_5'

2022-01-16 21:33:18 - [TEST_STEP][PASSED] - verifyElementClickable(findTestObject("Object Repository/Create a public room/Page_Element 3/button_Create Room")): Object 'Object Repository/Create a public room/Page_Element 3/button_Create Room' is clickable

2022-01-16 21:33:48 - [MESSAGE][PASSED] - Object 'Object Repository/Create a public room/Page_Element 3/button_Create Room' is clickable

2022-01-16 21:33:48 - [TEST_STEP][PASSED] - closeBrowser(): Browser is closed

2022-01-16 21:33:49 - [MESSAGE][PASSED] - Browser is closed]]></system-out>
         <system-err><![CDATA[]]></system-err>
      </testcase>
      <testcase name="Test Cases/TC30-33. Create Public Room" time="462.711" classname="Test Cases/TC30-33. Create Public Room" status="PASSED">
         <system-out><![CDATA[2022-01-16 21:33:49 - [TEST_CASE][PASSED] - Test Cases/TC30-33. Create Public Room: Test Cases/TC30-33. Create Public Room

2022-01-16 21:33:49 - [TEST_STEP][PASSED] - openBrowser(""): Browser is opened with url: ''

2022-01-16 21:33:49 - [MESSAGE][INFO] - Starting 'Chrome' driver

2022-01-16 21:33:49 - [MESSAGE][INFO] - Action delay is set to 0 milliseconds

2022-01-16 21:33:50 - [MESSAGE][PASSED] - Browser is opened with url: ''

2022-01-16 21:33:50 - [TEST_STEP][PASSED] - navigateToUrl("http://localhost:8080/#/login"): Navigate to 'http://localhost:8080/#/login' successfully

2022-01-16 21:33:53 - [MESSAGE][PASSED] - Navigate to 'http://localhost:8080/#/login' successfully

2022-01-16 21:33:53 - [TEST_STEP][PASSED] - setText(findTestObject("Object Repository/Create a public room/Page_Element/input_Sign in with_username"), "nctai"): Text 'nctai' is set on object 'Object Repository/Create a public room/Page_Element/input_Sign in with_username'

2022-01-16 21:33:56 - [MESSAGE][PASSED] - Text 'nctai' is set on object 'Object Repository/Create a public room/Page_Element/input_Sign in with_username'

2022-01-16 21:33:56 - [TEST_STEP][PASSED] - setEncryptedText(findTestObject("Object Repository/Create a public room/Page_Element/input_Username_password"), "EkCegUu2cCIeOttlbhr1Gg=="): Text ****** has been set on object 'Object Repository/Create a public room/Page_Element/input_Username_password'

2022-01-16 21:33:57 - [MESSAGE][PASSED] - Text ****** has been set on object 'Object Repository/Create a public room/Page_Element/input_Username_password'

2022-01-16 21:33:57 - [TEST_STEP][PASSED] - click(findTestObject("Object Repository/Create a public room/Page_Element/input_Forgot password_mx_Login_submit")): Object: 'Object Repository/Create a public room/Page_Element/input_Forgot password_mx_Login_submit' is clicked on

2022-01-16 21:33:57 - [MESSAGE][PASSED] - Object: 'Object Repository/Create a public room/Page_Element/input_Forgot password_mx_Login_submit' is clicked on

2022-01-16 21:33:57 - [TEST_STEP][PASSED] - click(findTestObject("Object Repository/Create a public room/Page_Element 3/div_Verify with Security Key or Phrase")): Object: 'Object Repository/Create a public room/Page_Element 3/div_Verify with Security Key or Phrase' is clicked on

2022-01-16 21:34:48 - [MESSAGE][PASSED] - Object: 'Object Repository/Create a public room/Page_Element 3/div_Verify with Security Key or Phrase' is clicked on

2022-01-16 21:34:48 - [TEST_STEP][PASSED] - setEncryptedText(findTestObject("Object Repository/Create a public room/Page_Element 3/input_use your Security Key_mx_passPhraseInput"), "reV6H350bXVA0kTbjZFhCPXAh4FFL4It6typrKizvxSyJdUn2mpvZeL5nXz6yBWwF/LIkIubCxLuDiWR7yvugw=="): Text ****** has been set on object 'Object Repository/Create a public room/Page_Element 3/input_use your Security Key_mx_passPhraseInput'

2022-01-16 21:35:19 - [MESSAGE][PASSED] - Text ****** has been set on object 'Object Repository/Create a public room/Page_Element 3/input_use your Security Key_mx_passPhraseInput'

2022-01-16 21:35:19 - [TEST_STEP][PASSED] - click(findTestObject("Object Repository/Create a public room/Page_Element 3/button_Continue")): Object: 'Object Repository/Create a public room/Page_Element 3/button_Continue' is clicked on

2022-01-16 21:35:49 - [MESSAGE][PASSED] - Object: 'Object Repository/Create a public room/Page_Element 3/button_Continue' is clicked on

2022-01-16 21:35:49 - [TEST_STEP][PASSED] - click(findTestObject("Object Repository/Create a public room/Page_Element 3/div_Done")): Object: 'Object Repository/Create a public room/Page_Element 3/div_Done' is clicked on

2022-01-16 21:36:19 - [MESSAGE][PASSED] - Object: 'Object Repository/Create a public room/Page_Element 3/div_Done' is clicked on

2022-01-16 21:36:19 - [TEST_STEP][PASSED] - click(findTestObject("Object Repository/Create a public room/Page_Element 3/div_Rooms_mx_AccessibleButton mx_RoomSublis_27fc2e")): Object: 'Object Repository/Create a public room/Page_Element 3/div_Rooms_mx_AccessibleButton mx_RoomSublis_27fc2e' is clicked on

2022-01-16 21:36:50 - [MESSAGE][PASSED] - Object: 'Object Repository/Create a public room/Page_Element 3/div_Rooms_mx_AccessibleButton mx_RoomSublis_27fc2e' is clicked on

2022-01-16 21:36:50 - [TEST_STEP][PASSED] - click(findTestObject("Object Repository/Create a public room/Page_Element 3/span_Create new room")): Object: 'Object Repository/Create a public room/Page_Element 3/span_Create new room' is clicked on

2022-01-16 21:37:20 - [MESSAGE][PASSED] - Object: 'Object Repository/Create a public room/Page_Element 3/span_Create new room' is clicked on

2022-01-16 21:37:20 - [TEST_STEP][PASSED] - click(findTestObject("Object Repository/Create a public room/Page_Element 3/div_Private room (invite only)")): Object: 'Object Repository/Create a public room/Page_Element 3/div_Private room (invite only)' is clicked on

2022-01-16 21:37:50 - [MESSAGE][PASSED] - Object: 'Object Repository/Create a public room/Page_Element 3/div_Private room (invite only)' is clicked on

2022-01-16 21:37:50 - [TEST_STEP][PASSED] - click(findTestObject("Object Repository/Create a public room/Page_Element 3/div_Public room")): Object: 'Object Repository/Create a public room/Page_Element 3/div_Public room' is clicked on

2022-01-16 21:38:20 - [MESSAGE][PASSED] - Object: 'Object Repository/Create a public room/Page_Element 3/div_Public room' is clicked on

2022-01-16 21:38:20 - [TEST_STEP][PASSED] - setText(findTestObject("Object Repository/Create a public room/Page_Element 3/input_Create a public room_mx_Field_4"), roomName): Text '' is set on object 'Object Repository/Create a public room/Page_Element 3/input_Create a public room_mx_Field_4'

2022-01-16 21:39:21 - [MESSAGE][PASSED] - Text '' is set on object 'Object Repository/Create a public room/Page_Element 3/input_Create a public room_mx_Field_4'

2022-01-16 21:39:21 - [TEST_STEP][PASSED] - setText(findTestObject("Object Repository/Create a public room/Page_Element 3/input__mx_Field_6"), address): Text '' is set on object 'Object Repository/Create a public room/Page_Element 3/input__mx_Field_6'

2022-01-16 21:40:07 - [MESSAGE][PASSED] - Text '' is set on object 'Object Repository/Create a public room/Page_Element 3/input__mx_Field_6'

2022-01-16 21:40:07 - [TEST_STEP][PASSED] - setText(findTestObject("Object Repository/Create a public room/Page_Element 3/input_Name_mx_Field_5"), description): Text '' is set on object 'Object Repository/Create a public room/Page_Element 3/input_Name_mx_Field_5'

2022-01-16 21:41:01 - [MESSAGE][PASSED] - Text '' is set on object 'Object Repository/Create a public room/Page_Element 3/input_Name_mx_Field_5'

2022-01-16 21:41:01 - [TEST_STEP][PASSED] - verifyElementClickable(findTestObject("Object Repository/Create a public room/Page_Element 3/button_Create Room")): Object 'Object Repository/Create a public room/Page_Element 3/button_Create Room' is clickable

2022-01-16 21:41:31 - [MESSAGE][PASSED] - Object 'Object Repository/Create a public room/Page_Element 3/button_Create Room' is clickable

2022-01-16 21:41:31 - [TEST_STEP][PASSED] - closeBrowser(): Browser is closed

2022-01-16 21:41:32 - [MESSAGE][PASSED] - Browser is closed]]></system-out>
         <system-err><![CDATA[]]></system-err>
      </testcase>
      <testcase name="Test Cases/TC30-33. Create Public Room" time="448.505" classname="Test Cases/TC30-33. Create Public Room" status="PASSED">
         <system-out><![CDATA[2022-01-16 21:41:32 - [TEST_CASE][PASSED] - Test Cases/TC30-33. Create Public Room: Test Cases/TC30-33. Create Public Room

2022-01-16 21:41:32 - [TEST_STEP][PASSED] - openBrowser(""): Browser is opened with url: ''

2022-01-16 21:41:32 - [MESSAGE][INFO] - Starting 'Chrome' driver

2022-01-16 21:41:32 - [MESSAGE][INFO] - Action delay is set to 0 milliseconds

2022-01-16 21:41:33 - [MESSAGE][PASSED] - Browser is opened with url: ''

2022-01-16 21:41:33 - [TEST_STEP][PASSED] - navigateToUrl("http://localhost:8080/#/login"): Navigate to 'http://localhost:8080/#/login' successfully

2022-01-16 21:41:35 - [MESSAGE][PASSED] - Navigate to 'http://localhost:8080/#/login' successfully

2022-01-16 21:41:35 - [TEST_STEP][PASSED] - setText(findTestObject("Object Repository/Create a public room/Page_Element/input_Sign in with_username"), "nctai"): Text 'nctai' is set on object 'Object Repository/Create a public room/Page_Element/input_Sign in with_username'

2022-01-16 21:41:40 - [MESSAGE][PASSED] - Text 'nctai' is set on object 'Object Repository/Create a public room/Page_Element/input_Sign in with_username'

2022-01-16 21:41:40 - [TEST_STEP][PASSED] - setEncryptedText(findTestObject("Object Repository/Create a public room/Page_Element/input_Username_password"), "EkCegUu2cCIeOttlbhr1Gg=="): Text ****** has been set on object 'Object Repository/Create a public room/Page_Element/input_Username_password'

2022-01-16 21:41:41 - [MESSAGE][PASSED] - Text ****** has been set on object 'Object Repository/Create a public room/Page_Element/input_Username_password'

2022-01-16 21:41:41 - [TEST_STEP][PASSED] - click(findTestObject("Object Repository/Create a public room/Page_Element/input_Forgot password_mx_Login_submit")): Object: 'Object Repository/Create a public room/Page_Element/input_Forgot password_mx_Login_submit' is clicked on

2022-01-16 21:41:41 - [MESSAGE][PASSED] - Object: 'Object Repository/Create a public room/Page_Element/input_Forgot password_mx_Login_submit' is clicked on

2022-01-16 21:41:41 - [TEST_STEP][PASSED] - click(findTestObject("Object Repository/Create a public room/Page_Element 3/div_Verify with Security Key or Phrase")): Object: 'Object Repository/Create a public room/Page_Element 3/div_Verify with Security Key or Phrase' is clicked on

2022-01-16 21:42:22 - [MESSAGE][PASSED] - Object: 'Object Repository/Create a public room/Page_Element 3/div_Verify with Security Key or Phrase' is clicked on

2022-01-16 21:42:22 - [TEST_STEP][PASSED] - setEncryptedText(findTestObject("Object Repository/Create a public room/Page_Element 3/input_use your Security Key_mx_passPhraseInput"), "reV6H350bXVA0kTbjZFhCPXAh4FFL4It6typrKizvxSyJdUn2mpvZeL5nXz6yBWwF/LIkIubCxLuDiWR7yvugw=="): Text ****** has been set on object 'Object Repository/Create a public room/Page_Element 3/input_use your Security Key_mx_passPhraseInput'

2022-01-16 21:42:27 - [MESSAGE][PASSED] - Text ****** has been set on object 'Object Repository/Create a public room/Page_Element 3/input_use your Security Key_mx_passPhraseInput'

2022-01-16 21:42:27 - [TEST_STEP][PASSED] - click(findTestObject("Object Repository/Create a public room/Page_Element 3/button_Continue")): Object: 'Object Repository/Create a public room/Page_Element 3/button_Continue' is clicked on

2022-01-16 21:42:57 - [MESSAGE][PASSED] - Object: 'Object Repository/Create a public room/Page_Element 3/button_Continue' is clicked on

2022-01-16 21:42:57 - [TEST_STEP][PASSED] - click(findTestObject("Object Repository/Create a public room/Page_Element 3/div_Done")): Object: 'Object Repository/Create a public room/Page_Element 3/div_Done' is clicked on

2022-01-16 21:43:28 - [MESSAGE][PASSED] - Object: 'Object Repository/Create a public room/Page_Element 3/div_Done' is clicked on

2022-01-16 21:43:28 - [TEST_STEP][PASSED] - click(findTestObject("Object Repository/Create a public room/Page_Element 3/div_Rooms_mx_AccessibleButton mx_RoomSublis_27fc2e")): Object: 'Object Repository/Create a public room/Page_Element 3/div_Rooms_mx_AccessibleButton mx_RoomSublis_27fc2e' is clicked on

2022-01-16 21:43:58 - [MESSAGE][PASSED] - Object: 'Object Repository/Create a public room/Page_Element 3/div_Rooms_mx_AccessibleButton mx_RoomSublis_27fc2e' is clicked on

2022-01-16 21:43:58 - [TEST_STEP][PASSED] - click(findTestObject("Object Repository/Create a public room/Page_Element 3/span_Create new room")): Object: 'Object Repository/Create a public room/Page_Element 3/span_Create new room' is clicked on

2022-01-16 21:44:28 - [MESSAGE][PASSED] - Object: 'Object Repository/Create a public room/Page_Element 3/span_Create new room' is clicked on

2022-01-16 21:44:28 - [TEST_STEP][PASSED] - click(findTestObject("Object Repository/Create a public room/Page_Element 3/div_Private room (invite only)")): Object: 'Object Repository/Create a public room/Page_Element 3/div_Private room (invite only)' is clicked on

2022-01-16 21:44:58 - [MESSAGE][PASSED] - Object: 'Object Repository/Create a public room/Page_Element 3/div_Private room (invite only)' is clicked on

2022-01-16 21:44:58 - [TEST_STEP][PASSED] - click(findTestObject("Object Repository/Create a public room/Page_Element 3/div_Public room")): Object: 'Object Repository/Create a public room/Page_Element 3/div_Public room' is clicked on

2022-01-16 21:45:28 - [MESSAGE][PASSED] - Object: 'Object Repository/Create a public room/Page_Element 3/div_Public room' is clicked on

2022-01-16 21:45:28 - [TEST_STEP][PASSED] - setText(findTestObject("Object Repository/Create a public room/Page_Element 3/input_Create a public room_mx_Field_4"), roomName): Text 'WithoutAddress' is set on object 'Object Repository/Create a public room/Page_Element 3/input_Create a public room_mx_Field_4'

2022-01-16 21:46:29 - [MESSAGE][PASSED] - Text 'WithoutAddress' is set on object 'Object Repository/Create a public room/Page_Element 3/input_Create a public room_mx_Field_4'

2022-01-16 21:46:29 - [TEST_STEP][PASSED] - setText(findTestObject("Object Repository/Create a public room/Page_Element 3/input__mx_Field_6"), address): Text '' is set on object 'Object Repository/Create a public room/Page_Element 3/input__mx_Field_6'

2022-01-16 21:47:29 - [MESSAGE][PASSED] - Text '' is set on object 'Object Repository/Create a public room/Page_Element 3/input__mx_Field_6'

2022-01-16 21:47:29 - [TEST_STEP][PASSED] - setText(findTestObject("Object Repository/Create a public room/Page_Element 3/input_Name_mx_Field_5"), description): Text 'This is used to test' is set on object 'Object Repository/Create a public room/Page_Element 3/input_Name_mx_Field_5'

2022-01-16 21:48:29 - [MESSAGE][PASSED] - Text 'This is used to test' is set on object 'Object Repository/Create a public room/Page_Element 3/input_Name_mx_Field_5'

2022-01-16 21:48:29 - [TEST_STEP][PASSED] - verifyElementClickable(findTestObject("Object Repository/Create a public room/Page_Element 3/button_Create Room")): Object 'Object Repository/Create a public room/Page_Element 3/button_Create Room' is clickable

2022-01-16 21:48:59 - [MESSAGE][PASSED] - Object 'Object Repository/Create a public room/Page_Element 3/button_Create Room' is clickable

2022-01-16 21:48:59 - [TEST_STEP][PASSED] - closeBrowser(): Browser is closed

2022-01-16 21:49:00 - [MESSAGE][PASSED] - Browser is closed]]></system-out>
         <system-err><![CDATA[]]></system-err>
      </testcase>
      <testcase name="Test Cases/TC30-33. Create Public Room" time="439.276" classname="Test Cases/TC30-33. Create Public Room" status="PASSED">
         <system-out><![CDATA[2022-01-16 21:49:00 - [TEST_CASE][PASSED] - Test Cases/TC30-33. Create Public Room: Test Cases/TC30-33. Create Public Room

2022-01-16 21:49:00 - [TEST_STEP][PASSED] - openBrowser(""): Browser is opened with url: ''

2022-01-16 21:49:00 - [MESSAGE][INFO] - Starting 'Chrome' driver

2022-01-16 21:49:00 - [MESSAGE][INFO] - Action delay is set to 0 milliseconds

2022-01-16 21:49:02 - [MESSAGE][PASSED] - Browser is opened with url: ''

2022-01-16 21:49:02 - [TEST_STEP][PASSED] - navigateToUrl("http://localhost:8080/#/login"): Navigate to 'http://localhost:8080/#/login' successfully

2022-01-16 21:49:04 - [MESSAGE][PASSED] - Navigate to 'http://localhost:8080/#/login' successfully

2022-01-16 21:49:04 - [TEST_STEP][PASSED] - setText(findTestObject("Object Repository/Create a public room/Page_Element/input_Sign in with_username"), "nctai"): Text 'nctai' is set on object 'Object Repository/Create a public room/Page_Element/input_Sign in with_username'

2022-01-16 21:49:08 - [MESSAGE][PASSED] - Text 'nctai' is set on object 'Object Repository/Create a public room/Page_Element/input_Sign in with_username'

2022-01-16 21:49:08 - [TEST_STEP][PASSED] - setEncryptedText(findTestObject("Object Repository/Create a public room/Page_Element/input_Username_password"), "EkCegUu2cCIeOttlbhr1Gg=="): Text ****** has been set on object 'Object Repository/Create a public room/Page_Element/input_Username_password'

2022-01-16 21:49:09 - [MESSAGE][PASSED] - Text ****** has been set on object 'Object Repository/Create a public room/Page_Element/input_Username_password'

2022-01-16 21:49:09 - [TEST_STEP][PASSED] - click(findTestObject("Object Repository/Create a public room/Page_Element/input_Forgot password_mx_Login_submit")): Object: 'Object Repository/Create a public room/Page_Element/input_Forgot password_mx_Login_submit' is clicked on

2022-01-16 21:49:09 - [MESSAGE][PASSED] - Object: 'Object Repository/Create a public room/Page_Element/input_Forgot password_mx_Login_submit' is clicked on

2022-01-16 21:49:09 - [TEST_STEP][PASSED] - click(findTestObject("Object Repository/Create a public room/Page_Element 3/div_Verify with Security Key or Phrase")): Object: 'Object Repository/Create a public room/Page_Element 3/div_Verify with Security Key or Phrase' is clicked on

2022-01-16 21:49:53 - [MESSAGE][PASSED] - Object: 'Object Repository/Create a public room/Page_Element 3/div_Verify with Security Key or Phrase' is clicked on

2022-01-16 21:49:53 - [TEST_STEP][PASSED] - setEncryptedText(findTestObject("Object Repository/Create a public room/Page_Element 3/input_use your Security Key_mx_passPhraseInput"), "reV6H350bXVA0kTbjZFhCPXAh4FFL4It6typrKizvxSyJdUn2mpvZeL5nXz6yBWwF/LIkIubCxLuDiWR7yvugw=="): Text ****** has been set on object 'Object Repository/Create a public room/Page_Element 3/input_use your Security Key_mx_passPhraseInput'

2022-01-16 21:50:24 - [MESSAGE][PASSED] - Text ****** has been set on object 'Object Repository/Create a public room/Page_Element 3/input_use your Security Key_mx_passPhraseInput'

2022-01-16 21:50:24 - [TEST_STEP][PASSED] - click(findTestObject("Object Repository/Create a public room/Page_Element 3/button_Continue")): Object: 'Object Repository/Create a public room/Page_Element 3/button_Continue' is clicked on

2022-01-16 21:50:54 - [MESSAGE][PASSED] - Object: 'Object Repository/Create a public room/Page_Element 3/button_Continue' is clicked on

2022-01-16 21:50:54 - [TEST_STEP][PASSED] - click(findTestObject("Object Repository/Create a public room/Page_Element 3/div_Done")): Object: 'Object Repository/Create a public room/Page_Element 3/div_Done' is clicked on

2022-01-16 21:51:24 - [MESSAGE][PASSED] - Object: 'Object Repository/Create a public room/Page_Element 3/div_Done' is clicked on

2022-01-16 21:51:24 - [TEST_STEP][PASSED] - click(findTestObject("Object Repository/Create a public room/Page_Element 3/div_Rooms_mx_AccessibleButton mx_RoomSublis_27fc2e")): Object: 'Object Repository/Create a public room/Page_Element 3/div_Rooms_mx_AccessibleButton mx_RoomSublis_27fc2e' is clicked on

2022-01-16 21:51:55 - [MESSAGE][PASSED] - Object: 'Object Repository/Create a public room/Page_Element 3/div_Rooms_mx_AccessibleButton mx_RoomSublis_27fc2e' is clicked on

2022-01-16 21:51:55 - [TEST_STEP][PASSED] - click(findTestObject("Object Repository/Create a public room/Page_Element 3/span_Create new room")): Object: 'Object Repository/Create a public room/Page_Element 3/span_Create new room' is clicked on

2022-01-16 21:52:25 - [MESSAGE][PASSED] - Object: 'Object Repository/Create a public room/Page_Element 3/span_Create new room' is clicked on

2022-01-16 21:52:25 - [TEST_STEP][PASSED] - click(findTestObject("Object Repository/Create a public room/Page_Element 3/div_Private room (invite only)")): Object: 'Object Repository/Create a public room/Page_Element 3/div_Private room (invite only)' is clicked on

2022-01-16 21:52:55 - [MESSAGE][PASSED] - Object: 'Object Repository/Create a public room/Page_Element 3/div_Private room (invite only)' is clicked on

2022-01-16 21:52:55 - [TEST_STEP][PASSED] - click(findTestObject("Object Repository/Create a public room/Page_Element 3/div_Public room")): Object: 'Object Repository/Create a public room/Page_Element 3/div_Public room' is clicked on

2022-01-16 21:53:25 - [MESSAGE][PASSED] - Object: 'Object Repository/Create a public room/Page_Element 3/div_Public room' is clicked on

2022-01-16 21:53:25 - [TEST_STEP][PASSED] - setText(findTestObject("Object Repository/Create a public room/Page_Element 3/input_Create a public room_mx_Field_4"), roomName): Text 'ExistingAddress' is set on object 'Object Repository/Create a public room/Page_Element 3/input_Create a public room_mx_Field_4'

2022-01-16 21:54:25 - [MESSAGE][PASSED] - Text 'ExistingAddress' is set on object 'Object Repository/Create a public room/Page_Element 3/input_Create a public room_mx_Field_4'

2022-01-16 21:54:25 - [TEST_STEP][PASSED] - setText(findTestObject("Object Repository/Create a public room/Page_Element 3/input__mx_Field_6"), address): Text 'nctai' is set on object 'Object Repository/Create a public room/Page_Element 3/input__mx_Field_6'

2022-01-16 21:55:10 - [MESSAGE][PASSED] - Text 'nctai' is set on object 'Object Repository/Create a public room/Page_Element 3/input__mx_Field_6'

2022-01-16 21:55:10 - [TEST_STEP][PASSED] - setText(findTestObject("Object Repository/Create a public room/Page_Element 3/input_Name_mx_Field_5"), description): Text 'This is used to test' is set on object 'Object Repository/Create a public room/Page_Element 3/input_Name_mx_Field_5'

2022-01-16 21:56:10 - [MESSAGE][PASSED] - Text 'This is used to test' is set on object 'Object Repository/Create a public room/Page_Element 3/input_Name_mx_Field_5'

2022-01-16 21:56:10 - [TEST_STEP][PASSED] - verifyElementClickable(findTestObject("Object Repository/Create a public room/Page_Element 3/button_Create Room")): Object 'Object Repository/Create a public room/Page_Element 3/button_Create Room' is clickable

2022-01-16 21:56:19 - [MESSAGE][PASSED] - Object 'Object Repository/Create a public room/Page_Element 3/button_Create Room' is clickable

2022-01-16 21:56:19 - [TEST_STEP][PASSED] - closeBrowser(): Browser is closed

2022-01-16 21:56:20 - [MESSAGE][PASSED] - Browser is closed]]></system-out>
         <system-err><![CDATA[]]></system-err>
      </testcase>
      <system-out><![CDATA[2022-01-16 21:26:43 - [TEST_SUITE][PASSED] - TC30-33. Create Public Room: Test Cases/TC30-33. Create Public Room]]></system-out>
      <system-err><![CDATA[]]></system-err>
   </testsuite>
</testsuites>
