<?xml version="1.0" encoding="UTF-8"?>
<testsuites name="TC1-6. Sign Up" time="120.434" tests="6" failures="0" errors="0">
   <testsuite name="TC1-6. Sign Up" tests="6" failures="0" errors="0" time="120.434" skipped="0" timestamp="2022-01-16 23:05:14" hostname="Dell T5810 - T5810.mshome.net" id="Test Suites/TC1-6. Sign Up">
      <properties>
         <property name="deviceName" value=""/>
         <property name="devicePlatform" value=""/>
         <property name="logFolder" value="D:\\Personal\\University\\3rd_year\\1st_term\\CS300_SoftwareEngineering x\\BONUS\\Test-Automation-SE-Bonus-Katalon\\Reports\\20220116_230421\\TC1-6. Sign Up\\20220116_230423"/>
         <property name="logFiles" value="D:\\Personal\\University\\3rd_year\\1st_term\\CS300_SoftwareEngineering x\\BONUS\\Test-Automation-SE-Bonus-Katalon\\Reports\\20220116_230421\\TC1-6. Sign Up\\20220116_230423\\execution0.log"/>
         <property name="attachments" value=""/>
         <property name="hostName" value="Dell T5810 - T5810.mshome.net"/>
         <property name="os" value="Windows 10 64bit"/>
         <property name="katalonVersion" value="8.2.0.208"/>
         <property name="browser" value="Chrome 97.0.4692.71"/>
         <property name="hostAddress" value="172.17.142.97"/>
         <property name="sessionId" value="1dcda6de0ffe44af05733f339d65a6fa"/>
         <property name="seleniumVersion" value="3.141.59"/>
         <property name="proxyInformation" value="ProxyInformation { proxyOption=NO_PROXY, proxyServerType=HTTP, username=, password=********, proxyServerAddress=, proxyServerPort=0, executionList=&quot;&quot;, isApplyToDesiredCapabilities=true }"/>
         <property name="platform" value="Windows 10"/>
      </properties>
      <testcase name="Test Cases/TC1-6. Sign Up" time="39.672" classname="Test Cases/TC1-6. Sign Up" status="PASSED">
         <system-out><![CDATA[2022-01-16 23:05:14 - [TEST_CASE][PASSED] - Test Cases/TC1-6. Sign Up: Test Cases/TC1-6. Sign Up

2022-01-16 23:05:15 - [TEST_STEP][PASSED] - openBrowser(""): Browser is opened with url: ''

2022-01-16 23:05:16 - [MESSAGE][INFO] - Starting 'Chrome' driver

2022-01-16 23:05:16 - [MESSAGE][INFO] - Action delay is set to 0 milliseconds

2022-01-16 23:05:19 - [MESSAGE][PASSED] - Browser is opened with url: ''

2022-01-16 23:05:19 - [TEST_STEP][PASSED] - navigateToUrl("http://localhost:8080/#/register"): Navigate to 'http://localhost:8080/#/register' successfully

2022-01-16 23:05:22 - [MESSAGE][PASSED] - Navigate to 'http://localhost:8080/#/register' successfully

2022-01-16 23:05:22 - [TEST_STEP][PASSED] - setText(findTestObject("Object Repository/Sign Up/Page_Element/input_Or_mx_RegistrationForm_username"), username): Text 'nctaiii' is set on object 'Object Repository/Sign Up/Page_Element/input_Or_mx_RegistrationForm_username'

2022-01-16 23:05:29 - [MESSAGE][PASSED] - Text 'nctaiii' is set on object 'Object Repository/Sign Up/Page_Element/input_Or_mx_RegistrationForm_username'

2022-01-16 23:05:29 - [TEST_STEP][PASSED] - setText(findTestObject("Object Repository/Sign Up/Page_Element/input_Username_mx_RegistrationForm_password"), password): Text 'Congtai123' is set on object 'Object Repository/Sign Up/Page_Element/input_Username_mx_RegistrationForm_password'

2022-01-16 23:05:31 - [MESSAGE][PASSED] - Text 'Congtai123' is set on object 'Object Repository/Sign Up/Page_Element/input_Username_mx_RegistrationForm_password'

2022-01-16 23:05:31 - [TEST_STEP][PASSED] - click(findTestObject("Object Repository/Sign Up/Page_Element/div_Confirm password")): Object: 'Object Repository/Sign Up/Page_Element/div_Confirm password' is clicked on

2022-01-16 23:05:33 - [MESSAGE][PASSED] - Object: 'Object Repository/Sign Up/Page_Element/div_Confirm password' is clicked on

2022-01-16 23:05:33 - [TEST_STEP][PASSED] - setText(findTestObject("Object Repository/Sign Up/Page_Element/input_Password_mx_RegistrationForm_passwordConfirm"), confirmpassword): Text 'Congtai123' is set on object 'Object Repository/Sign Up/Page_Element/input_Password_mx_RegistrationForm_passwordConfirm'

2022-01-16 23:05:34 - [MESSAGE][PASSED] - Text 'Congtai123' is set on object 'Object Repository/Sign Up/Page_Element/input_Password_mx_RegistrationForm_passwordConfirm'

2022-01-16 23:05:34 - [TEST_STEP][PASSED] - setText(findTestObject("Object Repository/Sign Up/Page_Element/input_Confirm password_mx_Field_1"), email): Text 'xmonkeydlufx@gmail.com' is set on object 'Object Repository/Sign Up/Page_Element/input_Confirm password_mx_Field_1'

2022-01-16 23:05:36 - [MESSAGE][PASSED] - Text 'xmonkeydlufx@gmail.com' is set on object 'Object Repository/Sign Up/Page_Element/input_Confirm password_mx_Field_1'

2022-01-16 23:05:36 - [TEST_STEP][PASSED] - closeBrowser(): Browser is closed

2022-01-16 23:05:54 - [MESSAGE][PASSED] - Browser is closed]]></system-out>
         <system-err><![CDATA[]]></system-err>
      </testcase>
      <testcase name="Test Cases/TC1-6. Sign Up" time="24.617" classname="Test Cases/TC1-6. Sign Up" status="PASSED">
         <system-out><![CDATA[2022-01-16 23:05:54 - [TEST_CASE][PASSED] - Test Cases/TC1-6. Sign Up: Test Cases/TC1-6. Sign Up

2022-01-16 23:05:54 - [TEST_STEP][PASSED] - openBrowser(""): Browser is opened with url: ''

2022-01-16 23:05:54 - [MESSAGE][INFO] - Starting 'Chrome' driver

2022-01-16 23:05:54 - [MESSAGE][INFO] - Action delay is set to 0 milliseconds

2022-01-16 23:05:58 - [MESSAGE][PASSED] - Browser is opened with url: ''

2022-01-16 23:05:58 - [TEST_STEP][PASSED] - navigateToUrl("http://localhost:8080/#/register"): Navigate to 'http://localhost:8080/#/register' successfully

2022-01-16 23:06:03 - [MESSAGE][PASSED] - Navigate to 'http://localhost:8080/#/register' successfully

2022-01-16 23:06:03 - [TEST_STEP][PASSED] - setText(findTestObject("Object Repository/Sign Up/Page_Element/input_Or_mx_RegistrationForm_username"), username): Text 'nctaiiii' is set on object 'Object Repository/Sign Up/Page_Element/input_Or_mx_RegistrationForm_username'

2022-01-16 23:06:11 - [MESSAGE][PASSED] - Text 'nctaiiii' is set on object 'Object Repository/Sign Up/Page_Element/input_Or_mx_RegistrationForm_username'

2022-01-16 23:06:11 - [TEST_STEP][PASSED] - setText(findTestObject("Object Repository/Sign Up/Page_Element/input_Username_mx_RegistrationForm_password"), password): Text 'Congtai123' is set on object 'Object Repository/Sign Up/Page_Element/input_Username_mx_RegistrationForm_password'

2022-01-16 23:06:13 - [MESSAGE][PASSED] - Text 'Congtai123' is set on object 'Object Repository/Sign Up/Page_Element/input_Username_mx_RegistrationForm_password'

2022-01-16 23:06:13 - [TEST_STEP][PASSED] - click(findTestObject("Object Repository/Sign Up/Page_Element/div_Confirm password")): Object: 'Object Repository/Sign Up/Page_Element/div_Confirm password' is clicked on

2022-01-16 23:06:15 - [MESSAGE][PASSED] - Object: 'Object Repository/Sign Up/Page_Element/div_Confirm password' is clicked on

2022-01-16 23:06:15 - [TEST_STEP][PASSED] - setText(findTestObject("Object Repository/Sign Up/Page_Element/input_Password_mx_RegistrationForm_passwordConfirm"), confirmpassword): Text 'Congtai123' is set on object 'Object Repository/Sign Up/Page_Element/input_Password_mx_RegistrationForm_passwordConfirm'

2022-01-16 23:06:16 - [MESSAGE][PASSED] - Text 'Congtai123' is set on object 'Object Repository/Sign Up/Page_Element/input_Password_mx_RegistrationForm_passwordConfirm'

2022-01-16 23:06:16 - [TEST_STEP][PASSED] - setText(findTestObject("Object Repository/Sign Up/Page_Element/input_Confirm password_mx_Field_1"), email): Text 'nctai31122001@gmail.com' is set on object 'Object Repository/Sign Up/Page_Element/input_Confirm password_mx_Field_1'

2022-01-16 23:06:17 - [MESSAGE][PASSED] - Text 'nctai31122001@gmail.com' is set on object 'Object Repository/Sign Up/Page_Element/input_Confirm password_mx_Field_1'

2022-01-16 23:06:17 - [TEST_STEP][PASSED] - closeBrowser(): Browser is closed

2022-01-16 23:06:19 - [MESSAGE][PASSED] - Browser is closed]]></system-out>
         <system-err><![CDATA[]]></system-err>
      </testcase>
      <testcase name="Test Cases/TC1-6. Sign Up" time="15.721" classname="Test Cases/TC1-6. Sign Up" status="PASSED">
         <system-out><![CDATA[2022-01-16 23:06:19 - [TEST_CASE][PASSED] - Test Cases/TC1-6. Sign Up: Test Cases/TC1-6. Sign Up

2022-01-16 23:06:19 - [TEST_STEP][PASSED] - openBrowser(""): Browser is opened with url: ''

2022-01-16 23:06:19 - [MESSAGE][INFO] - Starting 'Chrome' driver

2022-01-16 23:06:19 - [MESSAGE][INFO] - Action delay is set to 0 milliseconds

2022-01-16 23:06:20 - [MESSAGE][PASSED] - Browser is opened with url: ''

2022-01-16 23:06:20 - [TEST_STEP][PASSED] - navigateToUrl("http://localhost:8080/#/register"): Navigate to 'http://localhost:8080/#/register' successfully

2022-01-16 23:06:24 - [MESSAGE][PASSED] - Navigate to 'http://localhost:8080/#/register' successfully

2022-01-16 23:06:24 - [TEST_STEP][PASSED] - setText(findTestObject("Object Repository/Sign Up/Page_Element/input_Or_mx_RegistrationForm_username"), username): Text 'nctai' is set on object 'Object Repository/Sign Up/Page_Element/input_Or_mx_RegistrationForm_username'

2022-01-16 23:06:30 - [MESSAGE][PASSED] - Text 'nctai' is set on object 'Object Repository/Sign Up/Page_Element/input_Or_mx_RegistrationForm_username'

2022-01-16 23:06:30 - [TEST_STEP][PASSED] - setText(findTestObject("Object Repository/Sign Up/Page_Element/input_Username_mx_RegistrationForm_password"), password): Text 'Congtai123' is set on object 'Object Repository/Sign Up/Page_Element/input_Username_mx_RegistrationForm_password'

2022-01-16 23:06:31 - [MESSAGE][PASSED] - Text 'Congtai123' is set on object 'Object Repository/Sign Up/Page_Element/input_Username_mx_RegistrationForm_password'

2022-01-16 23:06:31 - [TEST_STEP][PASSED] - click(findTestObject("Object Repository/Sign Up/Page_Element/div_Confirm password")): Object: 'Object Repository/Sign Up/Page_Element/div_Confirm password' is clicked on

2022-01-16 23:06:32 - [MESSAGE][PASSED] - Object: 'Object Repository/Sign Up/Page_Element/div_Confirm password' is clicked on

2022-01-16 23:06:32 - [TEST_STEP][PASSED] - setText(findTestObject("Object Repository/Sign Up/Page_Element/input_Password_mx_RegistrationForm_passwordConfirm"), confirmpassword): Text 'Congtai123' is set on object 'Object Repository/Sign Up/Page_Element/input_Password_mx_RegistrationForm_passwordConfirm'

2022-01-16 23:06:33 - [MESSAGE][PASSED] - Text 'Congtai123' is set on object 'Object Repository/Sign Up/Page_Element/input_Password_mx_RegistrationForm_passwordConfirm'

2022-01-16 23:06:33 - [TEST_STEP][PASSED] - setText(findTestObject("Object Repository/Sign Up/Page_Element/input_Confirm password_mx_Field_1"), email): Text 'xmonkeydlufx@gmail.com' is set on object 'Object Repository/Sign Up/Page_Element/input_Confirm password_mx_Field_1'

2022-01-16 23:06:34 - [MESSAGE][PASSED] - Text 'xmonkeydlufx@gmail.com' is set on object 'Object Repository/Sign Up/Page_Element/input_Confirm password_mx_Field_1'

2022-01-16 23:06:34 - [TEST_STEP][PASSED] - closeBrowser(): Browser is closed

2022-01-16 23:06:35 - [MESSAGE][PASSED] - Browser is closed]]></system-out>
         <system-err><![CDATA[]]></system-err>
      </testcase>
      <testcase name="Test Cases/TC1-6. Sign Up" time="14.164" classname="Test Cases/TC1-6. Sign Up" status="PASSED">
         <system-out><![CDATA[2022-01-16 23:06:35 - [TEST_CASE][PASSED] - Test Cases/TC1-6. Sign Up: Test Cases/TC1-6. Sign Up

2022-01-16 23:06:35 - [TEST_STEP][PASSED] - openBrowser(""): Browser is opened with url: ''

2022-01-16 23:06:35 - [MESSAGE][INFO] - Starting 'Chrome' driver

2022-01-16 23:06:35 - [MESSAGE][INFO] - Action delay is set to 0 milliseconds

2022-01-16 23:06:36 - [MESSAGE][PASSED] - Browser is opened with url: ''

2022-01-16 23:06:36 - [TEST_STEP][PASSED] - navigateToUrl("http://localhost:8080/#/register"): Navigate to 'http://localhost:8080/#/register' successfully

2022-01-16 23:06:38 - [MESSAGE][PASSED] - Navigate to 'http://localhost:8080/#/register' successfully

2022-01-16 23:06:38 - [TEST_STEP][PASSED] - setText(findTestObject("Object Repository/Sign Up/Page_Element/input_Or_mx_RegistrationForm_username"), username): Text 'nctaiiii' is set on object 'Object Repository/Sign Up/Page_Element/input_Or_mx_RegistrationForm_username'

2022-01-16 23:06:43 - [MESSAGE][PASSED] - Text 'nctaiiii' is set on object 'Object Repository/Sign Up/Page_Element/input_Or_mx_RegistrationForm_username'

2022-01-16 23:06:43 - [TEST_STEP][PASSED] - setText(findTestObject("Object Repository/Sign Up/Page_Element/input_Username_mx_RegistrationForm_password"), password): Text 'Congtai123' is set on object 'Object Repository/Sign Up/Page_Element/input_Username_mx_RegistrationForm_password'

2022-01-16 23:06:44 - [MESSAGE][PASSED] - Text 'Congtai123' is set on object 'Object Repository/Sign Up/Page_Element/input_Username_mx_RegistrationForm_password'

2022-01-16 23:06:44 - [TEST_STEP][PASSED] - click(findTestObject("Object Repository/Sign Up/Page_Element/div_Confirm password")): Object: 'Object Repository/Sign Up/Page_Element/div_Confirm password' is clicked on

2022-01-16 23:06:46 - [MESSAGE][PASSED] - Object: 'Object Repository/Sign Up/Page_Element/div_Confirm password' is clicked on

2022-01-16 23:06:46 - [TEST_STEP][PASSED] - setText(findTestObject("Object Repository/Sign Up/Page_Element/input_Password_mx_RegistrationForm_passwordConfirm"), confirmpassword): Text 'Congtai1234' is set on object 'Object Repository/Sign Up/Page_Element/input_Password_mx_RegistrationForm_passwordConfirm'

2022-01-16 23:06:47 - [MESSAGE][PASSED] - Text 'Congtai1234' is set on object 'Object Repository/Sign Up/Page_Element/input_Password_mx_RegistrationForm_passwordConfirm'

2022-01-16 23:06:47 - [TEST_STEP][PASSED] - setText(findTestObject("Object Repository/Sign Up/Page_Element/input_Confirm password_mx_Field_1"), email): Text 'xmonkeydlufx@gmail.com' is set on object 'Object Repository/Sign Up/Page_Element/input_Confirm password_mx_Field_1'

2022-01-16 23:06:48 - [MESSAGE][PASSED] - Text 'xmonkeydlufx@gmail.com' is set on object 'Object Repository/Sign Up/Page_Element/input_Confirm password_mx_Field_1'

2022-01-16 23:06:48 - [TEST_STEP][PASSED] - closeBrowser(): Browser is closed

2022-01-16 23:06:49 - [MESSAGE][PASSED] - Browser is closed]]></system-out>
         <system-err><![CDATA[]]></system-err>
      </testcase>
      <testcase name="Test Cases/TC1-6. Sign Up" time="12.262" classname="Test Cases/TC1-6. Sign Up" status="PASSED">
         <system-out><![CDATA[2022-01-16 23:06:49 - [TEST_CASE][PASSED] - Test Cases/TC1-6. Sign Up: Test Cases/TC1-6. Sign Up

2022-01-16 23:06:49 - [TEST_STEP][PASSED] - openBrowser(""): Browser is opened with url: ''

2022-01-16 23:06:49 - [MESSAGE][INFO] - Starting 'Chrome' driver

2022-01-16 23:06:49 - [MESSAGE][INFO] - Action delay is set to 0 milliseconds

2022-01-16 23:06:51 - [MESSAGE][PASSED] - Browser is opened with url: ''

2022-01-16 23:06:51 - [TEST_STEP][PASSED] - navigateToUrl("http://localhost:8080/#/register"): Navigate to 'http://localhost:8080/#/register' successfully

2022-01-16 23:06:53 - [MESSAGE][PASSED] - Navigate to 'http://localhost:8080/#/register' successfully

2022-01-16 23:06:53 - [TEST_STEP][PASSED] - setText(findTestObject("Object Repository/Sign Up/Page_Element/input_Or_mx_RegistrationForm_username"), username): Text '' is set on object 'Object Repository/Sign Up/Page_Element/input_Or_mx_RegistrationForm_username'

2022-01-16 23:06:58 - [MESSAGE][PASSED] - Text '' is set on object 'Object Repository/Sign Up/Page_Element/input_Or_mx_RegistrationForm_username'

2022-01-16 23:06:58 - [TEST_STEP][PASSED] - setText(findTestObject("Object Repository/Sign Up/Page_Element/input_Username_mx_RegistrationForm_password"), password): Text '' is set on object 'Object Repository/Sign Up/Page_Element/input_Username_mx_RegistrationForm_password'

2022-01-16 23:06:58 - [MESSAGE][PASSED] - Text '' is set on object 'Object Repository/Sign Up/Page_Element/input_Username_mx_RegistrationForm_password'

2022-01-16 23:06:58 - [TEST_STEP][PASSED] - click(findTestObject("Object Repository/Sign Up/Page_Element/div_Confirm password")): Object: 'Object Repository/Sign Up/Page_Element/div_Confirm password' is clicked on

2022-01-16 23:06:59 - [MESSAGE][PASSED] - Object: 'Object Repository/Sign Up/Page_Element/div_Confirm password' is clicked on

2022-01-16 23:06:59 - [TEST_STEP][PASSED] - setText(findTestObject("Object Repository/Sign Up/Page_Element/input_Password_mx_RegistrationForm_passwordConfirm"), confirmpassword): Text '' is set on object 'Object Repository/Sign Up/Page_Element/input_Password_mx_RegistrationForm_passwordConfirm'

2022-01-16 23:07:00 - [MESSAGE][PASSED] - Text '' is set on object 'Object Repository/Sign Up/Page_Element/input_Password_mx_RegistrationForm_passwordConfirm'

2022-01-16 23:07:00 - [TEST_STEP][PASSED] - setText(findTestObject("Object Repository/Sign Up/Page_Element/input_Confirm password_mx_Field_1"), email): Text '' is set on object 'Object Repository/Sign Up/Page_Element/input_Confirm password_mx_Field_1'

2022-01-16 23:07:01 - [MESSAGE][PASSED] - Text '' is set on object 'Object Repository/Sign Up/Page_Element/input_Confirm password_mx_Field_1'

2022-01-16 23:07:01 - [TEST_STEP][PASSED] - closeBrowser(): Browser is closed

2022-01-16 23:07:01 - [MESSAGE][PASSED] - Browser is closed]]></system-out>
         <system-err><![CDATA[]]></system-err>
      </testcase>
      <testcase name="Test Cases/TC1-6. Sign Up" time="12.626" classname="Test Cases/TC1-6. Sign Up" status="PASSED">
         <system-out><![CDATA[2022-01-16 23:07:01 - [TEST_CASE][PASSED] - Test Cases/TC1-6. Sign Up: Test Cases/TC1-6. Sign Up

2022-01-16 23:07:01 - [TEST_STEP][PASSED] - openBrowser(""): Browser is opened with url: ''

2022-01-16 23:07:01 - [MESSAGE][INFO] - Starting 'Chrome' driver

2022-01-16 23:07:01 - [MESSAGE][INFO] - Action delay is set to 0 milliseconds

2022-01-16 23:07:03 - [MESSAGE][PASSED] - Browser is opened with url: ''

2022-01-16 23:07:03 - [TEST_STEP][PASSED] - navigateToUrl("http://localhost:8080/#/register"): Navigate to 'http://localhost:8080/#/register' successfully

2022-01-16 23:07:05 - [MESSAGE][PASSED] - Navigate to 'http://localhost:8080/#/register' successfully

2022-01-16 23:07:05 - [TEST_STEP][PASSED] - setText(findTestObject("Object Repository/Sign Up/Page_Element/input_Or_mx_RegistrationForm_username"), username): Text 'nctaiiiii' is set on object 'Object Repository/Sign Up/Page_Element/input_Or_mx_RegistrationForm_username'

2022-01-16 23:07:09 - [MESSAGE][PASSED] - Text 'nctaiiiii' is set on object 'Object Repository/Sign Up/Page_Element/input_Or_mx_RegistrationForm_username'

2022-01-16 23:07:09 - [TEST_STEP][PASSED] - setText(findTestObject("Object Repository/Sign Up/Page_Element/input_Username_mx_RegistrationForm_password"), password): Text 'Congtai123' is set on object 'Object Repository/Sign Up/Page_Element/input_Username_mx_RegistrationForm_password'

2022-01-16 23:07:10 - [MESSAGE][PASSED] - Text 'Congtai123' is set on object 'Object Repository/Sign Up/Page_Element/input_Username_mx_RegistrationForm_password'

2022-01-16 23:07:10 - [TEST_STEP][PASSED] - click(findTestObject("Object Repository/Sign Up/Page_Element/div_Confirm password")): Object: 'Object Repository/Sign Up/Page_Element/div_Confirm password' is clicked on

2022-01-16 23:07:11 - [MESSAGE][PASSED] - Object: 'Object Repository/Sign Up/Page_Element/div_Confirm password' is clicked on

2022-01-16 23:07:11 - [TEST_STEP][PASSED] - setText(findTestObject("Object Repository/Sign Up/Page_Element/input_Password_mx_RegistrationForm_passwordConfirm"), confirmpassword): Text 'Congtai123' is set on object 'Object Repository/Sign Up/Page_Element/input_Password_mx_RegistrationForm_passwordConfirm'

2022-01-16 23:07:12 - [MESSAGE][PASSED] - Text 'Congtai123' is set on object 'Object Repository/Sign Up/Page_Element/input_Password_mx_RegistrationForm_passwordConfirm'

2022-01-16 23:07:12 - [TEST_STEP][PASSED] - setText(findTestObject("Object Repository/Sign Up/Page_Element/input_Confirm password_mx_Field_1"), email): Text '' is set on object 'Object Repository/Sign Up/Page_Element/input_Confirm password_mx_Field_1'

2022-01-16 23:07:13 - [MESSAGE][PASSED] - Text '' is set on object 'Object Repository/Sign Up/Page_Element/input_Confirm password_mx_Field_1'

2022-01-16 23:07:13 - [TEST_STEP][PASSED] - closeBrowser(): Browser is closed

2022-01-16 23:07:14 - [MESSAGE][PASSED] - Browser is closed]]></system-out>
         <system-err><![CDATA[]]></system-err>
      </testcase>
      <system-out><![CDATA[2022-01-16 23:05:14 - [TEST_SUITE][PASSED] - TC1-6. Sign Up: Test Cases/TC1-6. Sign Up]]></system-out>
      <system-err><![CDATA[]]></system-err>
   </testsuite>
</testsuites>
