<?xml version="1.0" encoding="UTF-8"?>
<testsuites name="TC13-15. Test Security Key" time="435.397" tests="3" failures="0" errors="0">
   <testsuite name="TC13-15. Test Security Key" tests="3" failures="0" errors="0" time="435.397" skipped="0" timestamp="2022-01-16 19:35:41" hostname="Dell T5810 - T5810.mshome.net" id="Test Suites/TC13-15. Test Security Key">
      <properties>
         <property name="deviceName" value=""/>
         <property name="devicePlatform" value=""/>
         <property name="logFolder" value="D:\\Personal\\University\\3rd_year\\1st_term\\CS300_SoftwareEngineering x\\BONUS\\Test-Automation-SE-Bonus-Katalon\\Reports\\20220116_193452\\TC13-15. Test Security Key\\20220116_193459"/>
         <property name="logFiles" value="D:\\Personal\\University\\3rd_year\\1st_term\\CS300_SoftwareEngineering x\\BONUS\\Test-Automation-SE-Bonus-Katalon\\Reports\\20220116_193452\\TC13-15. Test Security Key\\20220116_193459\\execution0.log"/>
         <property name="attachments" value=""/>
         <property name="hostName" value="Dell T5810 - T5810.mshome.net"/>
         <property name="os" value="Windows 10 64bit"/>
         <property name="katalonVersion" value="8.2.0.208"/>
         <property name="browser" value="Chrome 97.0.4692.71"/>
         <property name="hostAddress" value="172.17.142.97"/>
         <property name="sessionId" value="fc8acb3965348d4df8da6573cc6292bb"/>
         <property name="seleniumVersion" value="3.141.59"/>
         <property name="proxyInformation" value="ProxyInformation { proxyOption=NO_PROXY, proxyServerType=HTTP, username=, password=********, proxyServerAddress=, proxyServerPort=0, executionList=&quot;&quot;, isApplyToDesiredCapabilities=true }"/>
         <property name="platform" value="Windows 10"/>
      </properties>
      <testcase name="Test Cases/TC13-15. Test Security Key" time="151.362" classname="Test Cases/TC13-15. Test Security Key" status="PASSED">
         <system-out><![CDATA[2022-01-16 19:35:42 - [TEST_CASE][PASSED] - Test Cases/TC13-15. Test Security Key: Test Cases/TC13-15. Test Security Key

2022-01-16 19:35:44 - [TEST_STEP][PASSED] - openBrowser(""): Browser is opened with url: ''

2022-01-16 19:35:45 - [MESSAGE][INFO] - Starting 'Chrome' driver

2022-01-16 19:35:45 - [MESSAGE][INFO] - Action delay is set to 0 milliseconds

2022-01-16 19:35:49 - [MESSAGE][PASSED] - Browser is opened with url: ''

2022-01-16 19:35:49 - [TEST_STEP][PASSED] - navigateToUrl("http://localhost:8080/#/login"): Navigate to 'http://localhost:8080/#/login' successfully

2022-01-16 19:35:53 - [MESSAGE][PASSED] - Navigate to 'http://localhost:8080/#/login' successfully

2022-01-16 19:35:53 - [TEST_STEP][PASSED] - setText(findTestObject("Join From Explore Room/Page_Element/input_Sign in with_username"), username): Text 'nctai' is set on object 'Object Repository/Join From Explore Room/Page_Element/input_Sign in with_username'

2022-01-16 19:35:59 - [MESSAGE][PASSED] - Text 'nctai' is set on object 'Object Repository/Join From Explore Room/Page_Element/input_Sign in with_username'

2022-01-16 19:35:59 - [TEST_STEP][PASSED] - setText(findTestObject("Join From Explore Room/Page_Element/input_Username_password"), password): Text 'Congtai123' is set on object 'Object Repository/Join From Explore Room/Page_Element/input_Username_password'

2022-01-16 19:36:01 - [MESSAGE][PASSED] - Text 'Congtai123' is set on object 'Object Repository/Join From Explore Room/Page_Element/input_Username_password'

2022-01-16 19:36:01 - [TEST_STEP][PASSED] - click(findTestObject("Join From Explore Room/Page_Element/input_Forgot password_mx_Login_submit")): Object: 'Object Repository/Join From Explore Room/Page_Element/input_Forgot password_mx_Login_submit' is clicked on

2022-01-16 19:36:01 - [MESSAGE][PASSED] - Object: 'Object Repository/Join From Explore Room/Page_Element/input_Forgot password_mx_Login_submit' is clicked on

2022-01-16 19:36:01 - [TEST_STEP][PASSED] - click(findTestObject("Join From Explore Room/Page_Element/div_Verify this deviceVerify your identity _2e2358")): Object: 'Object Repository/Join From Explore Room/Page_Element/div_Verify this deviceVerify your identity _2e2358' is clicked on

2022-01-16 19:36:04 - [MESSAGE][PASSED] - Object: 'Object Repository/Join From Explore Room/Page_Element/div_Verify this deviceVerify your identity _2e2358' is clicked on

2022-01-16 19:36:04 - [TEST_STEP][PASSED] - click(findTestObject("Join From Explore Room/Page_Element/div_Verify with Security Key or Phrase")): Object: 'Object Repository/Join From Explore Room/Page_Element/div_Verify with Security Key or Phrase' is clicked on

2022-01-16 19:36:43 - [MESSAGE][PASSED] - Object: 'Object Repository/Join From Explore Room/Page_Element/div_Verify with Security Key or Phrase' is clicked on

2022-01-16 19:36:43 - [TEST_STEP][PASSED] - setText(findTestObject("Join From Explore Room/Page_Element/input_use your Security Key_mx_passPhraseInput"), securitykey): Text 'EsTB cL3a hPhQ ZaW1 Wq8P YQdB XTbC t7ng 7GEX dVYc LzPw f84Z' is set on object 'Object Repository/Join From Explore Room/Page_Element/input_use your Security Key_mx_passPhraseInput'

2022-01-16 19:37:43 - [MESSAGE][PASSED] - Text 'EsTB cL3a hPhQ ZaW1 Wq8P YQdB XTbC t7ng 7GEX dVYc LzPw f84Z' is set on object 'Object Repository/Join From Explore Room/Page_Element/input_use your Security Key_mx_passPhraseInput'

2022-01-16 19:37:43 - [TEST_STEP][PASSED] - verifyElementClickable(findTestObject("Join From Explore Room/Page_Element/button_Continue")): Object 'Object Repository/Join From Explore Room/Page_Element/button_Continue' is clickable

2022-01-16 19:38:13 - [MESSAGE][PASSED] - Object 'Object Repository/Join From Explore Room/Page_Element/button_Continue' is clickable

2022-01-16 19:38:13 - [TEST_STEP][PASSED] - closeBrowser(): Browser is closed

2022-01-16 19:38:14 - [MESSAGE][PASSED] - Browser is closed]]></system-out>
         <system-err><![CDATA[]]></system-err>
      </testcase>
      <testcase name="Test Cases/TC13-15. Test Security Key" time="138.471" classname="Test Cases/TC13-15. Test Security Key" status="PASSED">
         <system-out><![CDATA[2022-01-16 19:38:14 - [TEST_CASE][PASSED] - Test Cases/TC13-15. Test Security Key: Test Cases/TC13-15. Test Security Key

2022-01-16 19:38:14 - [TEST_STEP][PASSED] - openBrowser(""): Browser is opened with url: ''

2022-01-16 19:38:14 - [MESSAGE][INFO] - Starting 'Chrome' driver

2022-01-16 19:38:14 - [MESSAGE][INFO] - Action delay is set to 0 milliseconds

2022-01-16 19:38:15 - [MESSAGE][PASSED] - Browser is opened with url: ''

2022-01-16 19:38:15 - [TEST_STEP][PASSED] - navigateToUrl("http://localhost:8080/#/login"): Navigate to 'http://localhost:8080/#/login' successfully

2022-01-16 19:38:17 - [MESSAGE][PASSED] - Navigate to 'http://localhost:8080/#/login' successfully

2022-01-16 19:38:17 - [TEST_STEP][PASSED] - setText(findTestObject("Join From Explore Room/Page_Element/input_Sign in with_username"), username): Text 'nctai' is set on object 'Object Repository/Join From Explore Room/Page_Element/input_Sign in with_username'

2022-01-16 19:38:20 - [MESSAGE][PASSED] - Text 'nctai' is set on object 'Object Repository/Join From Explore Room/Page_Element/input_Sign in with_username'

2022-01-16 19:38:20 - [TEST_STEP][PASSED] - setText(findTestObject("Join From Explore Room/Page_Element/input_Username_password"), password): Text 'Congtai123' is set on object 'Object Repository/Join From Explore Room/Page_Element/input_Username_password'

2022-01-16 19:38:21 - [MESSAGE][PASSED] - Text 'Congtai123' is set on object 'Object Repository/Join From Explore Room/Page_Element/input_Username_password'

2022-01-16 19:38:21 - [TEST_STEP][PASSED] - click(findTestObject("Join From Explore Room/Page_Element/input_Forgot password_mx_Login_submit")): Object: 'Object Repository/Join From Explore Room/Page_Element/input_Forgot password_mx_Login_submit' is clicked on

2022-01-16 19:38:22 - [MESSAGE][PASSED] - Object: 'Object Repository/Join From Explore Room/Page_Element/input_Forgot password_mx_Login_submit' is clicked on

2022-01-16 19:38:22 - [TEST_STEP][PASSED] - click(findTestObject("Join From Explore Room/Page_Element/div_Verify this deviceVerify your identity _2e2358")): Object: 'Object Repository/Join From Explore Room/Page_Element/div_Verify this deviceVerify your identity _2e2358' is clicked on

2022-01-16 19:38:31 - [MESSAGE][PASSED] - Object: 'Object Repository/Join From Explore Room/Page_Element/div_Verify this deviceVerify your identity _2e2358' is clicked on

2022-01-16 19:38:31 - [TEST_STEP][PASSED] - click(findTestObject("Join From Explore Room/Page_Element/div_Verify with Security Key or Phrase")): Object: 'Object Repository/Join From Explore Room/Page_Element/div_Verify with Security Key or Phrase' is clicked on

2022-01-16 19:39:01 - [MESSAGE][PASSED] - Object: 'Object Repository/Join From Explore Room/Page_Element/div_Verify with Security Key or Phrase' is clicked on

2022-01-16 19:39:01 - [TEST_STEP][PASSED] - setText(findTestObject("Join From Explore Room/Page_Element/input_use your Security Key_mx_passPhraseInput"), securitykey): Text 'ռɢʊʏɛռȶɦǟռɦɖǟȶ' is set on object 'Object Repository/Join From Explore Room/Page_Element/input_use your Security Key_mx_passPhraseInput'

2022-01-16 19:40:02 - [MESSAGE][PASSED] - Text 'ռɢʊʏɛռȶɦǟռɦɖǟȶ' is set on object 'Object Repository/Join From Explore Room/Page_Element/input_use your Security Key_mx_passPhraseInput'

2022-01-16 19:40:02 - [TEST_STEP][PASSED] - verifyElementClickable(findTestObject("Join From Explore Room/Page_Element/button_Continue")): Object 'Object Repository/Join From Explore Room/Page_Element/button_Continue' is clickable

2022-01-16 19:40:32 - [MESSAGE][PASSED] - Object 'Object Repository/Join From Explore Room/Page_Element/button_Continue' is clickable

2022-01-16 19:40:32 - [TEST_STEP][PASSED] - closeBrowser(): Browser is closed

2022-01-16 19:40:32 - [MESSAGE][PASSED] - Browser is closed]]></system-out>
         <system-err><![CDATA[]]></system-err>
      </testcase>
      <testcase name="Test Cases/TC13-15. Test Security Key" time="144.313" classname="Test Cases/TC13-15. Test Security Key" status="PASSED">
         <system-out><![CDATA[2022-01-16 19:40:32 - [TEST_CASE][PASSED] - Test Cases/TC13-15. Test Security Key: Test Cases/TC13-15. Test Security Key

2022-01-16 19:40:32 - [TEST_STEP][PASSED] - openBrowser(""): Browser is opened with url: ''

2022-01-16 19:40:32 - [MESSAGE][INFO] - Starting 'Chrome' driver

2022-01-16 19:40:32 - [MESSAGE][INFO] - Action delay is set to 0 milliseconds

2022-01-16 19:40:34 - [MESSAGE][PASSED] - Browser is opened with url: ''

2022-01-16 19:40:34 - [TEST_STEP][PASSED] - navigateToUrl("http://localhost:8080/#/login"): Navigate to 'http://localhost:8080/#/login' successfully

2022-01-16 19:40:35 - [MESSAGE][PASSED] - Navigate to 'http://localhost:8080/#/login' successfully

2022-01-16 19:40:35 - [TEST_STEP][PASSED] - setText(findTestObject("Join From Explore Room/Page_Element/input_Sign in with_username"), username): Text 'nctai' is set on object 'Object Repository/Join From Explore Room/Page_Element/input_Sign in with_username'

2022-01-16 19:40:40 - [MESSAGE][PASSED] - Text 'nctai' is set on object 'Object Repository/Join From Explore Room/Page_Element/input_Sign in with_username'

2022-01-16 19:40:40 - [TEST_STEP][PASSED] - setText(findTestObject("Join From Explore Room/Page_Element/input_Username_password"), password): Text 'Congtai123' is set on object 'Object Repository/Join From Explore Room/Page_Element/input_Username_password'

2022-01-16 19:40:40 - [MESSAGE][PASSED] - Text 'Congtai123' is set on object 'Object Repository/Join From Explore Room/Page_Element/input_Username_password'

2022-01-16 19:40:40 - [TEST_STEP][PASSED] - click(findTestObject("Join From Explore Room/Page_Element/input_Forgot password_mx_Login_submit")): Object: 'Object Repository/Join From Explore Room/Page_Element/input_Forgot password_mx_Login_submit' is clicked on

2022-01-16 19:40:41 - [MESSAGE][PASSED] - Object: 'Object Repository/Join From Explore Room/Page_Element/input_Forgot password_mx_Login_submit' is clicked on

2022-01-16 19:40:41 - [TEST_STEP][PASSED] - click(findTestObject("Join From Explore Room/Page_Element/div_Verify this deviceVerify your identity _2e2358")): Object: 'Object Repository/Join From Explore Room/Page_Element/div_Verify this deviceVerify your identity _2e2358' is clicked on

2022-01-16 19:40:56 - [MESSAGE][PASSED] - Object: 'Object Repository/Join From Explore Room/Page_Element/div_Verify this deviceVerify your identity _2e2358' is clicked on

2022-01-16 19:40:56 - [TEST_STEP][PASSED] - click(findTestObject("Join From Explore Room/Page_Element/div_Verify with Security Key or Phrase")): Object: 'Object Repository/Join From Explore Room/Page_Element/div_Verify with Security Key or Phrase' is clicked on

2022-01-16 19:41:26 - [MESSAGE][PASSED] - Object: 'Object Repository/Join From Explore Room/Page_Element/div_Verify with Security Key or Phrase' is clicked on

2022-01-16 19:41:26 - [TEST_STEP][PASSED] - setText(findTestObject("Join From Explore Room/Page_Element/input_use your Security Key_mx_passPhraseInput"), securitykey): Text 'asflasdjflkc' is set on object 'Object Repository/Join From Explore Room/Page_Element/input_use your Security Key_mx_passPhraseInput'

2022-01-16 19:42:26 - [MESSAGE][PASSED] - Text 'asflasdjflkc' is set on object 'Object Repository/Join From Explore Room/Page_Element/input_use your Security Key_mx_passPhraseInput'

2022-01-16 19:42:26 - [TEST_STEP][PASSED] - verifyElementClickable(findTestObject("Join From Explore Room/Page_Element/button_Continue")): Object 'Object Repository/Join From Explore Room/Page_Element/button_Continue' is clickable

2022-01-16 19:42:56 - [MESSAGE][PASSED] - Object 'Object Repository/Join From Explore Room/Page_Element/button_Continue' is clickable

2022-01-16 19:42:56 - [TEST_STEP][PASSED] - closeBrowser(): Browser is closed

2022-01-16 19:42:57 - [MESSAGE][PASSED] - Browser is closed]]></system-out>
         <system-err><![CDATA[]]></system-err>
      </testcase>
      <system-out><![CDATA[2022-01-16 19:35:41 - [TEST_SUITE][PASSED] - TC13-15. Test Security Key: Test Cases/TC13-15. Test Security Key]]></system-out>
      <system-err><![CDATA[]]></system-err>
   </testsuite>
</testsuites>
