<?xml version="1.0" encoding="UTF-8"?>
<testsuites name="TC39-40. Setting - PhoneNumber" time="644.009" tests="2" failures="0" errors="0">
   <testsuite name="TC39-40. Setting - PhoneNumber" tests="2" failures="0" errors="0" time="644.009" skipped="0" timestamp="2022-01-16 23:32:36" hostname="Dell T5810 - T5810.mshome.net" id="Test Suites/TC39-40. Setting - PhoneNumber">
      <properties>
         <property name="deviceName" value=""/>
         <property name="devicePlatform" value=""/>
         <property name="logFolder" value="D:\\Personal\\University\\3rd_year\\1st_term\\CS300_SoftwareEngineering x\\BONUS\\Test-Automation-SE-Bonus-Katalon\\Reports\\20220116_230421\\TC39-40. Setting - PhoneNumber\\20220116_230451"/>
         <property name="logFiles" value="D:\\Personal\\University\\3rd_year\\1st_term\\CS300_SoftwareEngineering x\\BONUS\\Test-Automation-SE-Bonus-Katalon\\Reports\\20220116_230421\\TC39-40. Setting - PhoneNumber\\20220116_230451\\execution0.log"/>
         <property name="attachments" value=""/>
         <property name="hostName" value="Dell T5810 - T5810.mshome.net"/>
         <property name="os" value="Windows 10 64bit"/>
         <property name="katalonVersion" value="8.2.0.208"/>
         <property name="browser" value="Chrome 97.0.4692.71"/>
         <property name="hostAddress" value="172.17.142.97"/>
         <property name="sessionId" value="ee8aebbde7ede955f696bc0095c85ac4"/>
         <property name="seleniumVersion" value="3.141.59"/>
         <property name="proxyInformation" value="ProxyInformation { proxyOption=NO_PROXY, proxyServerType=HTTP, username=, password=********, proxyServerAddress=, proxyServerPort=0, executionList=&quot;&quot;, isApplyToDesiredCapabilities=true }"/>
         <property name="platform" value="Windows 10"/>
      </properties>
      <testcase name="Test Cases/TC39-40. Setting - Phone Number" time="316.184" classname="Test Cases/TC39-40. Setting - Phone Number" status="PASSED">
         <system-out><![CDATA[2022-01-16 23:32:37 - [TEST_CASE][PASSED] - Test Cases/TC39-40. Setting - Phone Number: Test Cases/TC39-40. Setting - Phone Number

2022-01-16 23:32:37 - [TEST_STEP][PASSED] - openBrowser(""): Browser is opened with url: ''

2022-01-16 23:32:38 - [MESSAGE][INFO] - Starting 'Chrome' driver

2022-01-16 23:32:38 - [MESSAGE][INFO] - Action delay is set to 0 milliseconds

2022-01-16 23:32:41 - [MESSAGE][PASSED] - Browser is opened with url: ''

2022-01-16 23:32:41 - [TEST_STEP][PASSED] - navigateToUrl("http://localhost:8080/#/login"): Navigate to 'http://localhost:8080/#/login' successfully

2022-01-16 23:32:43 - [MESSAGE][PASSED] - Navigate to 'http://localhost:8080/#/login' successfully

2022-01-16 23:32:43 - [TEST_STEP][PASSED] - setText(findTestObject("Object Repository/Setting - Phone Number/Page_Element/input_Sign in with_username"), "nctai"): Text 'nctai' is set on object 'Object Repository/Setting - Phone Number/Page_Element/input_Sign in with_username'

2022-01-16 23:32:48 - [MESSAGE][PASSED] - Text 'nctai' is set on object 'Object Repository/Setting - Phone Number/Page_Element/input_Sign in with_username'

2022-01-16 23:32:48 - [TEST_STEP][PASSED] - setEncryptedText(findTestObject("Object Repository/Setting - Phone Number/Page_Element/input_Username_password"), "EkCegUu2cCIeOttlbhr1Gg=="): Text ****** has been set on object 'Object Repository/Setting - Phone Number/Page_Element/input_Username_password'

2022-01-16 23:32:48 - [MESSAGE][PASSED] - Text ****** has been set on object 'Object Repository/Setting - Phone Number/Page_Element/input_Username_password'

2022-01-16 23:32:48 - [TEST_STEP][PASSED] - click(findTestObject("Object Repository/Setting - Phone Number/Page_Element/input_Forgot password_mx_Login_submit")): Object: 'Object Repository/Setting - Phone Number/Page_Element/input_Forgot password_mx_Login_submit' is clicked on

2022-01-16 23:32:49 - [MESSAGE][PASSED] - Object: 'Object Repository/Setting - Phone Number/Page_Element/input_Forgot password_mx_Login_submit' is clicked on

2022-01-16 23:32:49 - [TEST_STEP][PASSED] - click(findTestObject("Object Repository/Setting - Phone Number/Page_Element 2/div_Verify with Security Key or Phrase")): Object: 'Object Repository/Setting - Phone Number/Page_Element 2/div_Verify with Security Key or Phrase' is clicked on

2022-01-16 23:33:28 - [MESSAGE][PASSED] - Object: 'Object Repository/Setting - Phone Number/Page_Element 2/div_Verify with Security Key or Phrase' is clicked on

2022-01-16 23:33:28 - [TEST_STEP][PASSED] - click(findTestObject("Object Repository/Setting - Phone Number/Page_Element 2/div_Security Phrase")): Object: 'Object Repository/Setting - Phone Number/Page_Element 2/div_Security Phrase' is clicked on

2022-01-16 23:33:58 - [MESSAGE][PASSED] - Object: 'Object Repository/Setting - Phone Number/Page_Element 2/div_Security Phrase' is clicked on

2022-01-16 23:33:58 - [TEST_STEP][PASSED] - setEncryptedText(findTestObject("Object Repository/Setting - Phone Number/Page_Element 2/input_use your Security Key_mx_passPhraseInput"), "reV6H350bXVA0kTbjZFhCPXAh4FFL4It6typrKizvxSyJdUn2mpvZeL5nXz6yBWwF/LIkIubCxLuDiWR7yvugw=="): Text ****** has been set on object 'Object Repository/Setting - Phone Number/Page_Element 2/input_use your Security Key_mx_passPhraseInput'

2022-01-16 23:34:29 - [MESSAGE][PASSED] - Text ****** has been set on object 'Object Repository/Setting - Phone Number/Page_Element 2/input_use your Security Key_mx_passPhraseInput'

2022-01-16 23:34:29 - [TEST_STEP][PASSED] - click(findTestObject("Object Repository/Setting - Phone Number/Page_Element 2/button_Continue")): Object: 'Object Repository/Setting - Phone Number/Page_Element 2/button_Continue' is clicked on

2022-01-16 23:34:50 - [MESSAGE][PASSED] - Object: 'Object Repository/Setting - Phone Number/Page_Element 2/button_Continue' is clicked on

2022-01-16 23:34:50 - [TEST_STEP][PASSED] - click(findTestObject("Object Repository/Setting - Phone Number/Page_Element 2/div_Done")): Object: 'Object Repository/Setting - Phone Number/Page_Element 2/div_Done' is clicked on

2022-01-16 23:35:20 - [MESSAGE][PASSED] - Object: 'Object Repository/Setting - Phone Number/Page_Element 2/div_Done' is clicked on

2022-01-16 23:35:20 - [TEST_STEP][PASSED] - click(findTestObject("Object Repository/Setting - Phone Number/Page_Element 2/img_Review_mx_BaseAvatar_image")): Object: 'Object Repository/Setting - Phone Number/Page_Element 2/img_Review_mx_BaseAvatar_image' is clicked on

2022-01-16 23:35:51 - [MESSAGE][PASSED] - Object: 'Object Repository/Setting - Phone Number/Page_Element 2/img_Review_mx_BaseAvatar_image' is clicked on

2022-01-16 23:35:51 - [TEST_STEP][PASSED] - click(findTestObject("Object Repository/Setting - Phone Number/Page_Element 2/span_Security  privacy_mx_IconizedContextMe_38942c")): Object: 'Object Repository/Setting - Phone Number/Page_Element 2/span_Security  privacy_mx_IconizedContextMe_38942c' is clicked on

2022-01-16 23:36:21 - [MESSAGE][PASSED] - Object: 'Object Repository/Setting - Phone Number/Page_Element 2/span_Security  privacy_mx_IconizedContextMe_38942c' is clicked on

2022-01-16 23:36:21 - [TEST_STEP][PASSED] - setText(findTestObject("Object Repository/Setting - Phone Number/Page_Element 2/input__mx_Field_10"), phoneNumber): Text 'abcdcasdfasdf' is set on object 'Object Repository/Setting - Phone Number/Page_Element 2/input__mx_Field_10'

2022-01-16 23:37:22 - [MESSAGE][PASSED] - Text 'abcdcasdfasdf' is set on object 'Object Repository/Setting - Phone Number/Page_Element 2/input__mx_Field_10'

2022-01-16 23:37:22 - [TEST_STEP][PASSED] - verifyElementClickable(findTestObject("Object Repository/Setting - Phone Number/Page_Element 2/div_Add")): Object 'Object Repository/Setting - Phone Number/Page_Element 2/div_Add' is clickable

2022-01-16 23:37:52 - [MESSAGE][PASSED] - Object 'Object Repository/Setting - Phone Number/Page_Element 2/div_Add' is clickable

2022-01-16 23:37:52 - [TEST_STEP][PASSED] - closeBrowser(): Browser is closed

2022-01-16 23:37:53 - [MESSAGE][PASSED] - Browser is closed]]></system-out>
         <system-err><![CDATA[]]></system-err>
      </testcase>
      <testcase name="Test Cases/TC39-40. Setting - Phone Number" time="327.162" classname="Test Cases/TC39-40. Setting - Phone Number" status="PASSED">
         <system-out><![CDATA[2022-01-16 23:37:53 - [TEST_CASE][PASSED] - Test Cases/TC39-40. Setting - Phone Number: Test Cases/TC39-40. Setting - Phone Number

2022-01-16 23:37:53 - [TEST_STEP][PASSED] - openBrowser(""): Browser is opened with url: ''

2022-01-16 23:37:53 - [MESSAGE][INFO] - Starting 'Chrome' driver

2022-01-16 23:37:53 - [MESSAGE][INFO] - Action delay is set to 0 milliseconds

2022-01-16 23:37:54 - [MESSAGE][PASSED] - Browser is opened with url: ''

2022-01-16 23:37:54 - [TEST_STEP][PASSED] - navigateToUrl("http://localhost:8080/#/login"): Navigate to 'http://localhost:8080/#/login' successfully

2022-01-16 23:37:57 - [MESSAGE][PASSED] - Navigate to 'http://localhost:8080/#/login' successfully

2022-01-16 23:37:57 - [TEST_STEP][PASSED] - setText(findTestObject("Object Repository/Setting - Phone Number/Page_Element/input_Sign in with_username"), "nctai"): Text 'nctai' is set on object 'Object Repository/Setting - Phone Number/Page_Element/input_Sign in with_username'

2022-01-16 23:38:01 - [MESSAGE][PASSED] - Text 'nctai' is set on object 'Object Repository/Setting - Phone Number/Page_Element/input_Sign in with_username'

2022-01-16 23:38:01 - [TEST_STEP][PASSED] - setEncryptedText(findTestObject("Object Repository/Setting - Phone Number/Page_Element/input_Username_password"), "EkCegUu2cCIeOttlbhr1Gg=="): Text ****** has been set on object 'Object Repository/Setting - Phone Number/Page_Element/input_Username_password'

2022-01-16 23:38:02 - [MESSAGE][PASSED] - Text ****** has been set on object 'Object Repository/Setting - Phone Number/Page_Element/input_Username_password'

2022-01-16 23:38:02 - [TEST_STEP][PASSED] - click(findTestObject("Object Repository/Setting - Phone Number/Page_Element/input_Forgot password_mx_Login_submit")): Object: 'Object Repository/Setting - Phone Number/Page_Element/input_Forgot password_mx_Login_submit' is clicked on

2022-01-16 23:38:02 - [MESSAGE][PASSED] - Object: 'Object Repository/Setting - Phone Number/Page_Element/input_Forgot password_mx_Login_submit' is clicked on

2022-01-16 23:38:02 - [TEST_STEP][PASSED] - click(findTestObject("Object Repository/Setting - Phone Number/Page_Element 2/div_Verify with Security Key or Phrase")): Object: 'Object Repository/Setting - Phone Number/Page_Element 2/div_Verify with Security Key or Phrase' is clicked on

2022-01-16 23:38:49 - [MESSAGE][PASSED] - Object: 'Object Repository/Setting - Phone Number/Page_Element 2/div_Verify with Security Key or Phrase' is clicked on

2022-01-16 23:38:49 - [TEST_STEP][PASSED] - click(findTestObject("Object Repository/Setting - Phone Number/Page_Element 2/div_Security Phrase")): Object: 'Object Repository/Setting - Phone Number/Page_Element 2/div_Security Phrase' is clicked on

2022-01-16 23:39:19 - [MESSAGE][PASSED] - Object: 'Object Repository/Setting - Phone Number/Page_Element 2/div_Security Phrase' is clicked on

2022-01-16 23:39:19 - [TEST_STEP][PASSED] - setEncryptedText(findTestObject("Object Repository/Setting - Phone Number/Page_Element 2/input_use your Security Key_mx_passPhraseInput"), "reV6H350bXVA0kTbjZFhCPXAh4FFL4It6typrKizvxSyJdUn2mpvZeL5nXz6yBWwF/LIkIubCxLuDiWR7yvugw=="): Text ****** has been set on object 'Object Repository/Setting - Phone Number/Page_Element 2/input_use your Security Key_mx_passPhraseInput'

2022-01-16 23:39:50 - [MESSAGE][PASSED] - Text ****** has been set on object 'Object Repository/Setting - Phone Number/Page_Element 2/input_use your Security Key_mx_passPhraseInput'

2022-01-16 23:39:50 - [TEST_STEP][PASSED] - click(findTestObject("Object Repository/Setting - Phone Number/Page_Element 2/button_Continue")): Object: 'Object Repository/Setting - Phone Number/Page_Element 2/button_Continue' is clicked on

2022-01-16 23:40:20 - [MESSAGE][PASSED] - Object: 'Object Repository/Setting - Phone Number/Page_Element 2/button_Continue' is clicked on

2022-01-16 23:40:20 - [TEST_STEP][PASSED] - click(findTestObject("Object Repository/Setting - Phone Number/Page_Element 2/div_Done")): Object: 'Object Repository/Setting - Phone Number/Page_Element 2/div_Done' is clicked on

2022-01-16 23:40:50 - [MESSAGE][PASSED] - Object: 'Object Repository/Setting - Phone Number/Page_Element 2/div_Done' is clicked on

2022-01-16 23:40:50 - [TEST_STEP][PASSED] - click(findTestObject("Object Repository/Setting - Phone Number/Page_Element 2/img_Review_mx_BaseAvatar_image")): Object: 'Object Repository/Setting - Phone Number/Page_Element 2/img_Review_mx_BaseAvatar_image' is clicked on

2022-01-16 23:41:21 - [MESSAGE][PASSED] - Object: 'Object Repository/Setting - Phone Number/Page_Element 2/img_Review_mx_BaseAvatar_image' is clicked on

2022-01-16 23:41:21 - [TEST_STEP][PASSED] - click(findTestObject("Object Repository/Setting - Phone Number/Page_Element 2/span_Security  privacy_mx_IconizedContextMe_38942c")): Object: 'Object Repository/Setting - Phone Number/Page_Element 2/span_Security  privacy_mx_IconizedContextMe_38942c' is clicked on

2022-01-16 23:41:51 - [MESSAGE][PASSED] - Object: 'Object Repository/Setting - Phone Number/Page_Element 2/span_Security  privacy_mx_IconizedContextMe_38942c' is clicked on

2022-01-16 23:41:51 - [TEST_STEP][PASSED] - setText(findTestObject("Object Repository/Setting - Phone Number/Page_Element 2/input__mx_Field_10"), phoneNumber): Text '0909999090' is set on object 'Object Repository/Setting - Phone Number/Page_Element 2/input__mx_Field_10'

2022-01-16 23:42:51 - [MESSAGE][PASSED] - Text '0909999090' is set on object 'Object Repository/Setting - Phone Number/Page_Element 2/input__mx_Field_10'

2022-01-16 23:42:51 - [TEST_STEP][PASSED] - verifyElementClickable(findTestObject("Object Repository/Setting - Phone Number/Page_Element 2/div_Add")): Object 'Object Repository/Setting - Phone Number/Page_Element 2/div_Add' is clickable

2022-01-16 23:43:19 - [MESSAGE][PASSED] - Object 'Object Repository/Setting - Phone Number/Page_Element 2/div_Add' is clickable

2022-01-16 23:43:19 - [TEST_STEP][PASSED] - closeBrowser(): Browser is closed

2022-01-16 23:43:20 - [MESSAGE][PASSED] - Browser is closed]]></system-out>
         <system-err><![CDATA[]]></system-err>
      </testcase>
      <system-out><![CDATA[2022-01-16 23:32:36 - [TEST_SUITE][PASSED] - TC39-40. Setting - PhoneNumber: Test Cases/TC39-40. Setting - Phone Number]]></system-out>
      <system-err><![CDATA[]]></system-err>
   </testsuite>
</testsuites>
