<?xml version="1.0" encoding="UTF-8"?>
<testsuites name="TC21-22. Creating private workspace" time="752.414" tests="2" failures="0" errors="0">
   <testsuite name="TC21-22. Creating private workspace" tests="2" failures="0" errors="0" time="752.414" skipped="0" timestamp="2022-01-16 23:07:39" hostname="Dell T5810 - T5810.mshome.net" id="Test Suites/TC21-22. Creating private workspace">
      <properties>
         <property name="deviceName" value=""/>
         <property name="devicePlatform" value=""/>
         <property name="logFolder" value="D:\\Personal\\University\\3rd_year\\1st_term\\CS300_SoftwareEngineering x\\BONUS\\Test-Automation-SE-Bonus-Katalon\\Reports\\20220116_230421\\TC21-22. Creating private workspace\\20220116_230437"/>
         <property name="logFiles" value="D:\\Personal\\University\\3rd_year\\1st_term\\CS300_SoftwareEngineering x\\BONUS\\Test-Automation-SE-Bonus-Katalon\\Reports\\20220116_230421\\TC21-22. Creating private workspace\\20220116_230437\\execution0.log"/>
         <property name="attachments" value=""/>
         <property name="hostName" value="Dell T5810 - T5810.mshome.net"/>
         <property name="os" value="Windows 10 64bit"/>
         <property name="katalonVersion" value="8.2.0.208"/>
         <property name="browser" value="Chrome 97.0.4692.71"/>
         <property name="hostAddress" value="172.17.142.97"/>
         <property name="sessionId" value="298fe577dd6cbb35373752d0f8323df7"/>
         <property name="seleniumVersion" value="3.141.59"/>
         <property name="proxyInformation" value="ProxyInformation { proxyOption=NO_PROXY, proxyServerType=HTTP, username=, password=********, proxyServerAddress=, proxyServerPort=0, executionList=&quot;&quot;, isApplyToDesiredCapabilities=true }"/>
         <property name="platform" value="Windows 10"/>
      </properties>
      <testcase name="Test Cases/TC21-22. Create private workspace" time="399.545" classname="Test Cases/TC21-22. Create private workspace" status="PASSED">
         <system-out><![CDATA[2022-01-16 23:07:40 - [TEST_CASE][PASSED] - Test Cases/TC21-22. Create private workspace: Test Cases/TC21-22. Create private workspace

2022-01-16 23:07:40 - [TEST_STEP][PASSED] - openBrowser(""): Browser is opened with url: ''

2022-01-16 23:07:41 - [MESSAGE][INFO] - Starting 'Chrome' driver

2022-01-16 23:07:41 - [MESSAGE][INFO] - Action delay is set to 0 milliseconds

2022-01-16 23:07:44 - [MESSAGE][PASSED] - Browser is opened with url: ''

2022-01-16 23:07:44 - [TEST_STEP][PASSED] - navigateToUrl("http://localhost:8080/#/login"): Navigate to 'http://localhost:8080/#/login' successfully

2022-01-16 23:07:47 - [MESSAGE][PASSED] - Navigate to 'http://localhost:8080/#/login' successfully

2022-01-16 23:07:47 - [TEST_STEP][PASSED] - setText(findTestObject("Object Repository/Creating private workspace/Page_Element/input_Sign in with_username"), "tvminh19"): Text 'tvminh19' is set on object 'Object Repository/Creating private workspace/Page_Element/input_Sign in with_username'

2022-01-16 23:07:51 - [MESSAGE][PASSED] - Text 'tvminh19' is set on object 'Object Repository/Creating private workspace/Page_Element/input_Sign in with_username'

2022-01-16 23:07:51 - [TEST_STEP][PASSED] - setEncryptedText(findTestObject("Object Repository/Creating private workspace/Page_Element/input_Username_password"), "ZMYEqBLXlqKBS+xCxiYvcQ=="): Text ****** has been set on object 'Object Repository/Creating private workspace/Page_Element/input_Username_password'

2022-01-16 23:07:52 - [MESSAGE][PASSED] - Text ****** has been set on object 'Object Repository/Creating private workspace/Page_Element/input_Username_password'

2022-01-16 23:07:52 - [TEST_STEP][PASSED] - click(findTestObject("Object Repository/Creating private workspace/Page_Element/input_Forgot password_mx_Login_submit")): Object: 'Object Repository/Creating private workspace/Page_Element/input_Forgot password_mx_Login_submit' is clicked on

2022-01-16 23:07:53 - [MESSAGE][PASSED] - Object: 'Object Repository/Creating private workspace/Page_Element/input_Forgot password_mx_Login_submit' is clicked on

2022-01-16 23:07:53 - [TEST_STEP][PASSED] - click(findTestObject("Object Repository/Creating private workspace/Page_Element/div_Verify with Security Key")): Object: 'Object Repository/Creating private workspace/Page_Element/div_Verify with Security Key' is clicked on

2022-01-16 23:08:26 - [MESSAGE][PASSED] - Object: 'Object Repository/Creating private workspace/Page_Element/div_Verify with Security Key' is clicked on

2022-01-16 23:08:26 - [TEST_STEP][PASSED] - click(findTestObject("Object Repository/Creating private workspace/Page_Element/h2_Security Key")): Object: 'Object Repository/Creating private workspace/Page_Element/h2_Security Key' is clicked on

2022-01-16 23:08:57 - [MESSAGE][PASSED] - Object: 'Object Repository/Creating private workspace/Page_Element/h2_Security Key' is clicked on

2022-01-16 23:08:57 - [TEST_STEP][PASSED] - setText(findTestObject("Object Repository/Creating private workspace/Page_Element/input_Security Key_mx_Field_4"), "EsTz GjF9 i17E JLpz sfyb e7c5 tV5p wVxd Jh5S uSmg KYJr KDsR"): Text 'EsTz GjF9 i17E JLpz sfyb e7c5 tV5p wVxd Jh5S uSmg KYJr KDsR' is set on object 'Object Repository/Creating private workspace/Page_Element/input_Security Key_mx_Field_4'

2022-01-16 23:09:57 - [MESSAGE][PASSED] - Text 'EsTz GjF9 i17E JLpz sfyb e7c5 tV5p wVxd Jh5S uSmg KYJr KDsR' is set on object 'Object Repository/Creating private workspace/Page_Element/input_Security Key_mx_Field_4'

2022-01-16 23:09:57 - [TEST_STEP][PASSED] - click(findTestObject("Object Repository/Creating private workspace/Page_Element/button_Continue")): Object: 'Object Repository/Creating private workspace/Page_Element/button_Continue' is clicked on

2022-01-16 23:10:27 - [MESSAGE][PASSED] - Object: 'Object Repository/Creating private workspace/Page_Element/button_Continue' is clicked on

2022-01-16 23:10:27 - [TEST_STEP][PASSED] - click(findTestObject("Object Repository/Creating private workspace/Page_Element/div_Done")): Object: 'Object Repository/Creating private workspace/Page_Element/div_Done' is clicked on

2022-01-16 23:10:58 - [MESSAGE][PASSED] - Object: 'Object Repository/Creating private workspace/Page_Element/div_Done' is clicked on

2022-01-16 23:10:58 - [TEST_STEP][PASSED] - click(findTestObject("Object Repository/Creating private workspace/Page_Element/div_Check your devices_mx_SpaceButton_icon")): Object: 'Object Repository/Creating private workspace/Page_Element/div_Check your devices_mx_SpaceButton_icon' is clicked on

2022-01-16 23:11:28 - [MESSAGE][PASSED] - Object: 'Object Repository/Creating private workspace/Page_Element/div_Check your devices_mx_SpaceButton_icon' is clicked on

2022-01-16 23:11:28 - [TEST_STEP][PASSED] - click(findTestObject("Object Repository/Creating private workspace/Page_Element/div_Check your devices_mx_SpaceButton_icon_1")): Object: 'Object Repository/Creating private workspace/Page_Element/div_Check your devices_mx_SpaceButton_icon_1' is clicked on

2022-01-16 23:11:49 - [MESSAGE][PASSED] - Object: 'Object Repository/Creating private workspace/Page_Element/div_Check your devices_mx_SpaceButton_icon_1' is clicked on

2022-01-16 23:11:49 - [TEST_STEP][PASSED] - click(findTestObject("Object Repository/Creating private workspace/Page_Element/div_Check your devices_mx_SpaceButton_icon")): Object: 'Object Repository/Creating private workspace/Page_Element/div_Check your devices_mx_SpaceButton_icon' is clicked on

2022-01-16 23:12:19 - [MESSAGE][PASSED] - Object: 'Object Repository/Creating private workspace/Page_Element/div_Check your devices_mx_SpaceButton_icon' is clicked on

2022-01-16 23:12:19 - [TEST_STEP][PASSED] - click(findTestObject("Object Repository/Creating private workspace/Page_Element/div_PrivateInvite only, best for yourself or teams")): Object: 'Object Repository/Creating private workspace/Page_Element/div_PrivateInvite only, best for yourself or teams' is clicked on

2022-01-16 23:12:49 - [MESSAGE][PASSED] - Object: 'Object Repository/Creating private workspace/Page_Element/div_PrivateInvite only, best for yourself or teams' is clicked on

2022-01-16 23:12:49 - [TEST_STEP][PASSED] - setText(findTestObject("Object Repository/Creating private workspace/Page_Element/input_Upload_spaceName"), ws_name): Text '' is set on object 'Object Repository/Creating private workspace/Page_Element/input_Upload_spaceName'

2022-01-16 23:13:49 - [MESSAGE][PASSED] - Text '' is set on object 'Object Repository/Creating private workspace/Page_Element/input_Upload_spaceName'

2022-01-16 23:13:49 - [TEST_STEP][PASSED] - verifyElementClickable(findTestObject("Object Repository/Creating private workspace/Page_Element/div_Create")): Object 'Object Repository/Creating private workspace/Page_Element/div_Create' is clickable

2022-01-16 23:14:19 - [MESSAGE][PASSED] - Object 'Object Repository/Creating private workspace/Page_Element/div_Create' is clickable]]></system-out>
         <system-err><![CDATA[]]></system-err>
      </testcase>
      <testcase name="Test Cases/TC21-22. Create private workspace" time="352.158" classname="Test Cases/TC21-22. Create private workspace" status="PASSED">
         <system-out><![CDATA[2022-01-16 23:14:19 - [TEST_CASE][PASSED] - Test Cases/TC21-22. Create private workspace: Test Cases/TC21-22. Create private workspace

2022-01-16 23:14:19 - [TEST_STEP][PASSED] - openBrowser(""): Browser is opened with url: ''

2022-01-16 23:14:19 - [MESSAGE][WARNING] - A browser is already opened. Closing browser and opening a new one

2022-01-16 23:14:20 - [MESSAGE][INFO] - Starting 'Chrome' driver

2022-01-16 23:14:20 - [MESSAGE][INFO] - Action delay is set to 0 milliseconds

2022-01-16 23:14:22 - [MESSAGE][PASSED] - Browser is opened with url: ''

2022-01-16 23:14:22 - [TEST_STEP][PASSED] - navigateToUrl("http://localhost:8080/#/login"): Navigate to 'http://localhost:8080/#/login' successfully

2022-01-16 23:14:24 - [MESSAGE][PASSED] - Navigate to 'http://localhost:8080/#/login' successfully

2022-01-16 23:14:24 - [TEST_STEP][PASSED] - setText(findTestObject("Object Repository/Creating private workspace/Page_Element/input_Sign in with_username"), "tvminh19"): Text 'tvminh19' is set on object 'Object Repository/Creating private workspace/Page_Element/input_Sign in with_username'

2022-01-16 23:14:28 - [MESSAGE][PASSED] - Text 'tvminh19' is set on object 'Object Repository/Creating private workspace/Page_Element/input_Sign in with_username'

2022-01-16 23:14:28 - [TEST_STEP][PASSED] - setEncryptedText(findTestObject("Object Repository/Creating private workspace/Page_Element/input_Username_password"), "ZMYEqBLXlqKBS+xCxiYvcQ=="): Text ****** has been set on object 'Object Repository/Creating private workspace/Page_Element/input_Username_password'

2022-01-16 23:14:28 - [MESSAGE][PASSED] - Text ****** has been set on object 'Object Repository/Creating private workspace/Page_Element/input_Username_password'

2022-01-16 23:14:28 - [TEST_STEP][PASSED] - click(findTestObject("Object Repository/Creating private workspace/Page_Element/input_Forgot password_mx_Login_submit")): Object: 'Object Repository/Creating private workspace/Page_Element/input_Forgot password_mx_Login_submit' is clicked on

2022-01-16 23:14:29 - [MESSAGE][PASSED] - Object: 'Object Repository/Creating private workspace/Page_Element/input_Forgot password_mx_Login_submit' is clicked on

2022-01-16 23:14:29 - [TEST_STEP][PASSED] - click(findTestObject("Object Repository/Creating private workspace/Page_Element/div_Verify with Security Key")): Object: 'Object Repository/Creating private workspace/Page_Element/div_Verify with Security Key' is clicked on

2022-01-16 23:15:00 - [MESSAGE][PASSED] - Object: 'Object Repository/Creating private workspace/Page_Element/div_Verify with Security Key' is clicked on

2022-01-16 23:15:00 - [TEST_STEP][PASSED] - click(findTestObject("Object Repository/Creating private workspace/Page_Element/h2_Security Key")): Object: 'Object Repository/Creating private workspace/Page_Element/h2_Security Key' is clicked on

2022-01-16 23:15:30 - [MESSAGE][PASSED] - Object: 'Object Repository/Creating private workspace/Page_Element/h2_Security Key' is clicked on

2022-01-16 23:15:30 - [TEST_STEP][PASSED] - setText(findTestObject("Object Repository/Creating private workspace/Page_Element/input_Security Key_mx_Field_4"), "EsTz GjF9 i17E JLpz sfyb e7c5 tV5p wVxd Jh5S uSmg KYJr KDsR"): Text 'EsTz GjF9 i17E JLpz sfyb e7c5 tV5p wVxd Jh5S uSmg KYJr KDsR' is set on object 'Object Repository/Creating private workspace/Page_Element/input_Security Key_mx_Field_4'

2022-01-16 23:16:31 - [MESSAGE][PASSED] - Text 'EsTz GjF9 i17E JLpz sfyb e7c5 tV5p wVxd Jh5S uSmg KYJr KDsR' is set on object 'Object Repository/Creating private workspace/Page_Element/input_Security Key_mx_Field_4'

2022-01-16 23:16:31 - [TEST_STEP][PASSED] - click(findTestObject("Object Repository/Creating private workspace/Page_Element/button_Continue")): Object: 'Object Repository/Creating private workspace/Page_Element/button_Continue' is clicked on

2022-01-16 23:17:01 - [MESSAGE][PASSED] - Object: 'Object Repository/Creating private workspace/Page_Element/button_Continue' is clicked on

2022-01-16 23:17:01 - [TEST_STEP][PASSED] - click(findTestObject("Object Repository/Creating private workspace/Page_Element/div_Done")): Object: 'Object Repository/Creating private workspace/Page_Element/div_Done' is clicked on

2022-01-16 23:17:31 - [MESSAGE][PASSED] - Object: 'Object Repository/Creating private workspace/Page_Element/div_Done' is clicked on

2022-01-16 23:17:31 - [TEST_STEP][PASSED] - click(findTestObject("Object Repository/Creating private workspace/Page_Element/div_Check your devices_mx_SpaceButton_icon")): Object: 'Object Repository/Creating private workspace/Page_Element/div_Check your devices_mx_SpaceButton_icon' is clicked on

2022-01-16 23:18:02 - [MESSAGE][PASSED] - Object: 'Object Repository/Creating private workspace/Page_Element/div_Check your devices_mx_SpaceButton_icon' is clicked on

2022-01-16 23:18:02 - [TEST_STEP][PASSED] - click(findTestObject("Object Repository/Creating private workspace/Page_Element/div_Check your devices_mx_SpaceButton_icon_1")): Object: 'Object Repository/Creating private workspace/Page_Element/div_Check your devices_mx_SpaceButton_icon_1' is clicked on

2022-01-16 23:18:32 - [MESSAGE][PASSED] - Object: 'Object Repository/Creating private workspace/Page_Element/div_Check your devices_mx_SpaceButton_icon_1' is clicked on

2022-01-16 23:18:32 - [TEST_STEP][PASSED] - click(findTestObject("Object Repository/Creating private workspace/Page_Element/div_Check your devices_mx_SpaceButton_icon")): Object: 'Object Repository/Creating private workspace/Page_Element/div_Check your devices_mx_SpaceButton_icon' is clicked on

2022-01-16 23:19:02 - [MESSAGE][PASSED] - Object: 'Object Repository/Creating private workspace/Page_Element/div_Check your devices_mx_SpaceButton_icon' is clicked on

2022-01-16 23:19:02 - [TEST_STEP][PASSED] - click(findTestObject("Object Repository/Creating private workspace/Page_Element/div_PrivateInvite only, best for yourself or teams")): Object: 'Object Repository/Creating private workspace/Page_Element/div_PrivateInvite only, best for yourself or teams' is clicked on

2022-01-16 23:19:07 - [MESSAGE][PASSED] - Object: 'Object Repository/Creating private workspace/Page_Element/div_PrivateInvite only, best for yourself or teams' is clicked on

2022-01-16 23:19:07 - [TEST_STEP][PASSED] - setText(findTestObject("Object Repository/Creating private workspace/Page_Element/input_Upload_spaceName"), ws_name): Text 'Myprivatespace' is set on object 'Object Repository/Creating private workspace/Page_Element/input_Upload_spaceName'

2022-01-16 23:20:07 - [MESSAGE][PASSED] - Text 'Myprivatespace' is set on object 'Object Repository/Creating private workspace/Page_Element/input_Upload_spaceName'

2022-01-16 23:20:07 - [TEST_STEP][PASSED] - verifyElementClickable(findTestObject("Object Repository/Creating private workspace/Page_Element/div_Create")): Object 'Object Repository/Creating private workspace/Page_Element/div_Create' is clickable

2022-01-16 23:20:11 - [MESSAGE][PASSED] - Object 'Object Repository/Creating private workspace/Page_Element/div_Create' is clickable]]></system-out>
         <system-err><![CDATA[]]></system-err>
      </testcase>
      <system-out><![CDATA[2022-01-16 23:07:39 - [TEST_SUITE][PASSED] - TC21-22. Creating private workspace: Test Cases/TC21-22. Create private workspace]]></system-out>
      <system-err><![CDATA[]]></system-err>
   </testsuite>
</testsuites>
