<?xml version="1.0" encoding="UTF-8"?>
<testsuites name="TC19-20. Creating public workspace" time="770.522" tests="2" failures="0" errors="0">
   <testsuite name="TC19-20. Creating public workspace" tests="2" failures="0" errors="0" time="770.522" skipped="0" timestamp="2022-01-16 00:02:20" hostname="Dell T5810 - T5810.mshome.net" id="Test Suites/TC19-20. Creating public workspace">
      <properties>
         <property name="deviceName" value=""/>
         <property name="devicePlatform" value=""/>
         <property name="logFolder" value="D:\\Personal\\University\\3rd_year\\1st_term\\CS300_SoftwareEngineering x\\BONUS\\Test-Automation-SE-Bonus-Katalon\\Reports\\20220116_000024\\TC19-20. Creating public workspace\\20220116_000035"/>
         <property name="logFiles" value="D:\\Personal\\University\\3rd_year\\1st_term\\CS300_SoftwareEngineering x\\BONUS\\Test-Automation-SE-Bonus-Katalon\\Reports\\20220116_000024\\TC19-20. Creating public workspace\\20220116_000035\\execution0.log"/>
         <property name="attachments" value=""/>
         <property name="hostName" value="Dell T5810 - T5810.mshome.net"/>
         <property name="os" value="Windows 10 64bit"/>
         <property name="katalonVersion" value="8.2.0.208"/>
         <property name="browser" value="Chrome 97.0.4692.71"/>
         <property name="hostAddress" value="172.17.142.97"/>
         <property name="sessionId" value="51ee47cbec2d7afa916451599b7c2c62"/>
         <property name="seleniumVersion" value="3.141.59"/>
         <property name="proxyInformation" value="ProxyInformation { proxyOption=NO_PROXY, proxyServerType=HTTP, username=, password=********, proxyServerAddress=, proxyServerPort=0, executionList=&quot;&quot;, isApplyToDesiredCapabilities=true }"/>
         <property name="platform" value="Windows 10"/>
      </properties>
      <testcase name="Test Cases/TC19-20. Creating public workspace with address" time="379.704" classname="Test Cases/TC19-20. Creating public workspace with address" status="PASSED">
         <system-out><![CDATA[2022-01-16 00:02:20 - [TEST_CASE][PASSED] - Test Cases/TC19-20. Creating public workspace with address: Test Cases/TC19-20. Creating public workspace with address

2022-01-16 00:02:21 - [TEST_STEP][PASSED] - openBrowser(""): Browser is opened with url: ''

2022-01-16 00:02:21 - [MESSAGE][INFO] - Starting 'Chrome' driver

2022-01-16 00:02:21 - [MESSAGE][INFO] - Action delay is set to 0 milliseconds

2022-01-16 00:02:24 - [MESSAGE][PASSED] - Browser is opened with url: ''

2022-01-16 00:02:24 - [TEST_STEP][PASSED] - navigateToUrl("http://localhost:8080/#/login"): Navigate to 'http://localhost:8080/#/login' successfully

2022-01-16 00:02:26 - [MESSAGE][PASSED] - Navigate to 'http://localhost:8080/#/login' successfully

2022-01-16 00:02:26 - [TEST_STEP][PASSED] - setText(findTestObject("Object Repository/Creating public workspace/Page_Element/input_Sign in with_username"), "tvminh19"): Text 'tvminh19' is set on object 'Object Repository/Creating public workspace/Page_Element/input_Sign in with_username'

2022-01-16 00:02:31 - [MESSAGE][PASSED] - Text 'tvminh19' is set on object 'Object Repository/Creating public workspace/Page_Element/input_Sign in with_username'

2022-01-16 00:02:31 - [TEST_STEP][PASSED] - setEncryptedText(findTestObject("Object Repository/Creating public workspace/Page_Element/input_Username_password"), "ZMYEqBLXlqKBS+xCxiYvcQ=="): Text ****** has been set on object 'Object Repository/Creating public workspace/Page_Element/input_Username_password'

2022-01-16 00:02:31 - [MESSAGE][PASSED] - Text ****** has been set on object 'Object Repository/Creating public workspace/Page_Element/input_Username_password'

2022-01-16 00:02:31 - [TEST_STEP][PASSED] - click(findTestObject("Object Repository/Creating public workspace/Page_Element/input_Forgot password_mx_Login_submit")): Object: 'Object Repository/Creating public workspace/Page_Element/input_Forgot password_mx_Login_submit' is clicked on

2022-01-16 00:02:32 - [MESSAGE][PASSED] - Object: 'Object Repository/Creating public workspace/Page_Element/input_Forgot password_mx_Login_submit' is clicked on

2022-01-16 00:02:32 - [TEST_STEP][PASSED] - click(findTestObject("Object Repository/Creating public workspace/Page_Element/div_Verify with Security Key")): Object: 'Object Repository/Creating public workspace/Page_Element/div_Verify with Security Key' is clicked on

2022-01-16 00:02:37 - [MESSAGE][PASSED] - Object: 'Object Repository/Creating public workspace/Page_Element/div_Verify with Security Key' is clicked on

2022-01-16 00:02:37 - [TEST_STEP][PASSED] - setText(findTestObject("Object Repository/Creating public workspace/Page_Element/input_Security Key_mx_Field_4"), "EsTz GjF9 i17E JLpz sfyb e7c5 tV5p wVxd Jh5S uSmg KYJr KDsR"): Text 'EsTz GjF9 i17E JLpz sfyb e7c5 tV5p wVxd Jh5S uSmg KYJr KDsR' is set on object 'Object Repository/Creating public workspace/Page_Element/input_Security Key_mx_Field_4'

2022-01-16 00:03:38 - [MESSAGE][PASSED] - Text 'EsTz GjF9 i17E JLpz sfyb e7c5 tV5p wVxd Jh5S uSmg KYJr KDsR' is set on object 'Object Repository/Creating public workspace/Page_Element/input_Security Key_mx_Field_4'

2022-01-16 00:03:38 - [TEST_STEP][PASSED] - click(findTestObject("Object Repository/Creating public workspace/Page_Element/button_Continue")): Object: 'Object Repository/Creating public workspace/Page_Element/button_Continue' is clicked on

2022-01-16 00:04:08 - [MESSAGE][PASSED] - Object: 'Object Repository/Creating public workspace/Page_Element/button_Continue' is clicked on

2022-01-16 00:04:08 - [TEST_STEP][PASSED] - click(findTestObject("Object Repository/Creating public workspace/Page_Element/div_Done")): Object: 'Object Repository/Creating public workspace/Page_Element/div_Done' is clicked on

2022-01-16 00:04:38 - [MESSAGE][PASSED] - Object: 'Object Repository/Creating public workspace/Page_Element/div_Done' is clicked on

2022-01-16 00:04:38 - [TEST_STEP][PASSED] - click(findTestObject("Object Repository/Creating public workspace/Page_Element/div_Enable_mx_SpaceButton_icon")): Object: 'Object Repository/Creating public workspace/Page_Element/div_Enable_mx_SpaceButton_icon' is clicked on

2022-01-16 00:05:09 - [MESSAGE][PASSED] - Object: 'Object Repository/Creating public workspace/Page_Element/div_Enable_mx_SpaceButton_icon' is clicked on

2022-01-16 00:05:09 - [TEST_STEP][PASSED] - click(findTestObject("Object Repository/Creating public workspace/Page_Element/span_Open space for anyone, best for communities")): Object: 'Object Repository/Creating public workspace/Page_Element/span_Open space for anyone, best for communities' is clicked on

2022-01-16 00:05:39 - [MESSAGE][PASSED] - Object: 'Object Repository/Creating public workspace/Page_Element/span_Open space for anyone, best for communities' is clicked on

2022-01-16 00:05:39 - [TEST_STEP][PASSED] - setText(findTestObject("Object Repository/Creating public workspace/Page_Element/input_Upload_spaceName"), ws_name): Text 'lkfja;dlskfja;lsdkfj' is set on object 'Object Repository/Creating public workspace/Page_Element/input_Upload_spaceName'

2022-01-16 00:06:39 - [MESSAGE][PASSED] - Text 'lkfja;dlskfja;lsdkfj' is set on object 'Object Repository/Creating public workspace/Page_Element/input_Upload_spaceName'

2022-01-16 00:06:39 - [TEST_STEP][PASSED] - click(findTestObject("Object Repository/Creating public workspace/Page_Element/div_Addressmatrix.org")): Object: 'Object Repository/Creating public workspace/Page_Element/div_Addressmatrix.org' is clicked on

2022-01-16 00:07:09 - [MESSAGE][PASSED] - Object: 'Object Repository/Creating public workspace/Page_Element/div_Addressmatrix.org' is clicked on

2022-01-16 00:07:09 - [TEST_STEP][PASSED] - setText(findTestObject("Object Repository/Creating public workspace/Page_Element/input__mx_Field_6"), ws_add): Text '' is set on object 'Object Repository/Creating public workspace/Page_Element/input__mx_Field_6'

2022-01-16 00:08:09 - [MESSAGE][PASSED] - Text '' is set on object 'Object Repository/Creating public workspace/Page_Element/input__mx_Field_6'

2022-01-16 00:08:09 - [TEST_STEP][PASSED] - verifyElementClickable(findTestObject("Object Repository/Creating public workspace/Page_Element/div_Create")): Object 'Object Repository/Creating public workspace/Page_Element/div_Create' is clickable

2022-01-16 00:08:39 - [MESSAGE][PASSED] - Object 'Object Repository/Creating public workspace/Page_Element/div_Create' is clickable

2022-01-16 00:08:39 - [TEST_STEP][PASSED] - closeBrowser(): Browser is closed

2022-01-16 00:08:40 - [MESSAGE][PASSED] - Browser is closed]]></system-out>
         <system-err><![CDATA[]]></system-err>
      </testcase>
      <testcase name="Test Cases/TC19-20. Creating public workspace with address" time="390.247" classname="Test Cases/TC19-20. Creating public workspace with address" status="PASSED">
         <system-out><![CDATA[2022-01-16 00:08:40 - [TEST_CASE][PASSED] - Test Cases/TC19-20. Creating public workspace with address: Test Cases/TC19-20. Creating public workspace with address

2022-01-16 00:08:40 - [TEST_STEP][PASSED] - openBrowser(""): Browser is opened with url: ''

2022-01-16 00:08:40 - [MESSAGE][INFO] - Starting 'Chrome' driver

2022-01-16 00:08:40 - [MESSAGE][INFO] - Action delay is set to 0 milliseconds

2022-01-16 00:08:41 - [MESSAGE][PASSED] - Browser is opened with url: ''

2022-01-16 00:08:41 - [TEST_STEP][PASSED] - navigateToUrl("http://localhost:8080/#/login"): Navigate to 'http://localhost:8080/#/login' successfully

2022-01-16 00:08:43 - [MESSAGE][PASSED] - Navigate to 'http://localhost:8080/#/login' successfully

2022-01-16 00:08:43 - [TEST_STEP][PASSED] - setText(findTestObject("Object Repository/Creating public workspace/Page_Element/input_Sign in with_username"), "tvminh19"): Text 'tvminh19' is set on object 'Object Repository/Creating public workspace/Page_Element/input_Sign in with_username'

2022-01-16 00:08:47 - [MESSAGE][PASSED] - Text 'tvminh19' is set on object 'Object Repository/Creating public workspace/Page_Element/input_Sign in with_username'

2022-01-16 00:08:47 - [TEST_STEP][PASSED] - setEncryptedText(findTestObject("Object Repository/Creating public workspace/Page_Element/input_Username_password"), "ZMYEqBLXlqKBS+xCxiYvcQ=="): Text ****** has been set on object 'Object Repository/Creating public workspace/Page_Element/input_Username_password'

2022-01-16 00:08:48 - [MESSAGE][PASSED] - Text ****** has been set on object 'Object Repository/Creating public workspace/Page_Element/input_Username_password'

2022-01-16 00:08:48 - [TEST_STEP][PASSED] - click(findTestObject("Object Repository/Creating public workspace/Page_Element/input_Forgot password_mx_Login_submit")): Object: 'Object Repository/Creating public workspace/Page_Element/input_Forgot password_mx_Login_submit' is clicked on

2022-01-16 00:08:49 - [MESSAGE][PASSED] - Object: 'Object Repository/Creating public workspace/Page_Element/input_Forgot password_mx_Login_submit' is clicked on

2022-01-16 00:08:49 - [TEST_STEP][PASSED] - click(findTestObject("Object Repository/Creating public workspace/Page_Element/div_Verify with Security Key")): Object: 'Object Repository/Creating public workspace/Page_Element/div_Verify with Security Key' is clicked on

2022-01-16 00:09:21 - [MESSAGE][PASSED] - Object: 'Object Repository/Creating public workspace/Page_Element/div_Verify with Security Key' is clicked on

2022-01-16 00:09:21 - [TEST_STEP][PASSED] - setText(findTestObject("Object Repository/Creating public workspace/Page_Element/input_Security Key_mx_Field_4"), "EsTz GjF9 i17E JLpz sfyb e7c5 tV5p wVxd Jh5S uSmg KYJr KDsR"): Text 'EsTz GjF9 i17E JLpz sfyb e7c5 tV5p wVxd Jh5S uSmg KYJr KDsR' is set on object 'Object Repository/Creating public workspace/Page_Element/input_Security Key_mx_Field_4'

2022-01-16 00:10:08 - [MESSAGE][PASSED] - Text 'EsTz GjF9 i17E JLpz sfyb e7c5 tV5p wVxd Jh5S uSmg KYJr KDsR' is set on object 'Object Repository/Creating public workspace/Page_Element/input_Security Key_mx_Field_4'

2022-01-16 00:10:08 - [TEST_STEP][PASSED] - click(findTestObject("Object Repository/Creating public workspace/Page_Element/button_Continue")): Object: 'Object Repository/Creating public workspace/Page_Element/button_Continue' is clicked on

2022-01-16 00:10:38 - [MESSAGE][PASSED] - Object: 'Object Repository/Creating public workspace/Page_Element/button_Continue' is clicked on

2022-01-16 00:10:38 - [TEST_STEP][PASSED] - click(findTestObject("Object Repository/Creating public workspace/Page_Element/div_Done")): Object: 'Object Repository/Creating public workspace/Page_Element/div_Done' is clicked on

2022-01-16 00:11:08 - [MESSAGE][PASSED] - Object: 'Object Repository/Creating public workspace/Page_Element/div_Done' is clicked on

2022-01-16 00:11:08 - [TEST_STEP][PASSED] - click(findTestObject("Object Repository/Creating public workspace/Page_Element/div_Enable_mx_SpaceButton_icon")): Object: 'Object Repository/Creating public workspace/Page_Element/div_Enable_mx_SpaceButton_icon' is clicked on

2022-01-16 00:11:39 - [MESSAGE][PASSED] - Object: 'Object Repository/Creating public workspace/Page_Element/div_Enable_mx_SpaceButton_icon' is clicked on

2022-01-16 00:11:39 - [TEST_STEP][PASSED] - click(findTestObject("Object Repository/Creating public workspace/Page_Element/span_Open space for anyone, best for communities")): Object: 'Object Repository/Creating public workspace/Page_Element/span_Open space for anyone, best for communities' is clicked on

2022-01-16 00:12:09 - [MESSAGE][PASSED] - Object: 'Object Repository/Creating public workspace/Page_Element/span_Open space for anyone, best for communities' is clicked on

2022-01-16 00:12:09 - [TEST_STEP][PASSED] - setText(findTestObject("Object Repository/Creating public workspace/Page_Element/input_Upload_spaceName"), ws_name): Text 'fakjsdfa;klsdjflk;adsjf' is set on object 'Object Repository/Creating public workspace/Page_Element/input_Upload_spaceName'

2022-01-16 00:13:09 - [MESSAGE][PASSED] - Text 'fakjsdfa;klsdjflk;adsjf' is set on object 'Object Repository/Creating public workspace/Page_Element/input_Upload_spaceName'

2022-01-16 00:13:09 - [TEST_STEP][PASSED] - click(findTestObject("Object Repository/Creating public workspace/Page_Element/div_Addressmatrix.org")): Object: 'Object Repository/Creating public workspace/Page_Element/div_Addressmatrix.org' is clicked on

2022-01-16 00:13:39 - [MESSAGE][PASSED] - Object: 'Object Repository/Creating public workspace/Page_Element/div_Addressmatrix.org' is clicked on

2022-01-16 00:13:39 - [TEST_STEP][PASSED] - setText(findTestObject("Object Repository/Creating public workspace/Page_Element/input__mx_Field_6"), ws_add): Text 'test1' is set on object 'Object Repository/Creating public workspace/Page_Element/input__mx_Field_6'

2022-01-16 00:14:40 - [MESSAGE][PASSED] - Text 'test1' is set on object 'Object Repository/Creating public workspace/Page_Element/input__mx_Field_6'

2022-01-16 00:14:40 - [TEST_STEP][PASSED] - verifyElementClickable(findTestObject("Object Repository/Creating public workspace/Page_Element/div_Create")): Object 'Object Repository/Creating public workspace/Page_Element/div_Create' is clickable

2022-01-16 00:15:10 - [MESSAGE][PASSED] - Object 'Object Repository/Creating public workspace/Page_Element/div_Create' is clickable

2022-01-16 00:15:10 - [TEST_STEP][PASSED] - closeBrowser(): Browser is closed

2022-01-16 00:15:11 - [MESSAGE][PASSED] - Browser is closed]]></system-out>
         <system-err><![CDATA[]]></system-err>
      </testcase>
      <system-out><![CDATA[2022-01-16 00:02:20 - [TEST_SUITE][PASSED] - TC19-20. Creating public workspace: Test Cases/TC19-20. Creating public workspace with address]]></system-out>
      <system-err><![CDATA[]]></system-err>
   </testsuite>
</testsuites>
