<?xml version="1.0" encoding="UTF-8"?>
<testsuites name="TC35" time="357.889" tests="1" failures="0" errors="0">
   <testsuite name="TC35" tests="1" failures="0" errors="0" time="357.889" skipped="0" timestamp="2022-01-16 00:15:34" hostname="Dell T5810 - T5810.mshome.net" id="Test Suites/TC35">
      <properties>
         <property name="deviceName" value=""/>
         <property name="devicePlatform" value=""/>
         <property name="logFolder" value="D:\\Personal\\University\\3rd_year\\1st_term\\CS300_SoftwareEngineering x\\BONUS\\Test-Automation-SE-Bonus-Katalon\\Reports\\20220116_000024\\TC35\\20220116_000045"/>
         <property name="logFiles" value="D:\\Personal\\University\\3rd_year\\1st_term\\CS300_SoftwareEngineering x\\BONUS\\Test-Automation-SE-Bonus-Katalon\\Reports\\20220116_000024\\TC35\\20220116_000045\\execution0.log"/>
         <property name="attachments" value=""/>
         <property name="hostName" value="Dell T5810 - T5810.mshome.net"/>
         <property name="os" value="Windows 10 64bit"/>
         <property name="katalonVersion" value="8.2.0.208"/>
         <property name="browser" value="Chrome 97.0.4692.71"/>
         <property name="hostAddress" value="172.17.142.97"/>
         <property name="sessionId" value="239f0ee917afc3849341bd9cbe3fbba1"/>
         <property name="seleniumVersion" value="3.141.59"/>
         <property name="proxyInformation" value="ProxyInformation { proxyOption=NO_PROXY, proxyServerType=HTTP, username=, password=********, proxyServerAddress=, proxyServerPort=0, executionList=&quot;&quot;, isApplyToDesiredCapabilities=true }"/>
         <property name="platform" value="Windows 10"/>
      </properties>
      <testcase name="Test Cases/TC35. Create Private Room (disable Encrypted End-To-End)" time="357.512" classname="Test Cases/TC35. Create Private Room (disable Encrypted End-To-End)" status="PASSED">
         <system-out><![CDATA[2022-01-16 00:15:34 - [TEST_CASE][PASSED] - Test Cases/TC35. Create Private Room (disable Encrypted End-To-End): Test Cases/TC35. Create Private Room (disable Encrypted End-To-End)

2022-01-16 00:15:35 - [TEST_STEP][PASSED] - openBrowser(""): Browser is opened with url: ''

2022-01-16 00:15:35 - [MESSAGE][INFO] - Starting 'Chrome' driver

2022-01-16 00:15:35 - [MESSAGE][INFO] - Action delay is set to 0 milliseconds

2022-01-16 00:15:37 - [MESSAGE][PASSED] - Browser is opened with url: ''

2022-01-16 00:15:37 - [TEST_STEP][PASSED] - navigateToUrl("http://localhost:8080/#/login"): Navigate to 'http://localhost:8080/#/login' successfully

2022-01-16 00:15:39 - [MESSAGE][PASSED] - Navigate to 'http://localhost:8080/#/login' successfully

2022-01-16 00:15:39 - [TEST_STEP][PASSED] - setText(findTestObject("Object Repository/Tmp/Page_Element/input_Sign in with_username"), "nctai"): Text 'nctai' is set on object 'Object Repository/Tmp/Page_Element/input_Sign in with_username'

2022-01-16 00:15:44 - [MESSAGE][PASSED] - Text 'nctai' is set on object 'Object Repository/Tmp/Page_Element/input_Sign in with_username'

2022-01-16 00:15:44 - [TEST_STEP][PASSED] - setEncryptedText(findTestObject("Object Repository/Tmp/Page_Element/input_Username_password"), "EkCegUu2cCIeOttlbhr1Gg=="): Text ****** has been set on object 'Object Repository/Tmp/Page_Element/input_Username_password'

2022-01-16 00:15:45 - [MESSAGE][PASSED] - Text ****** has been set on object 'Object Repository/Tmp/Page_Element/input_Username_password'

2022-01-16 00:15:45 - [TEST_STEP][PASSED] - sendKeys(findTestObject("Object Repository/Tmp/Page_Element/input_Username_password"), Keys.chord(ENTER)): Keys 'ENTER + ' sent to object: 'Object Repository/Tmp/Page_Element/input_Username_password'

2022-01-16 00:15:45 - [MESSAGE][PASSED] - Keys 'ENTER + ' sent to object: 'Object Repository/Tmp/Page_Element/input_Username_password'

2022-01-16 00:15:45 - [TEST_STEP][PASSED] - click(findTestObject("Object Repository/Tmp/Page_Element 3/div_Verify with Security Key or Phrase")): Object: 'Object Repository/Tmp/Page_Element 3/div_Verify with Security Key or Phrase' is clicked on

2022-01-16 00:16:19 - [MESSAGE][PASSED] - Object: 'Object Repository/Tmp/Page_Element 3/div_Verify with Security Key or Phrase' is clicked on

2022-01-16 00:16:19 - [TEST_STEP][PASSED] - setEncryptedText(findTestObject("Object Repository/Tmp/Page_Element 3/input_use your Security Key_mx_passPhraseInput"), "reV6H350bXVA0kTbjZFhCPXAh4FFL4It6typrKizvxSyJdUn2mpvZeL5nXz6yBWwF/LIkIubCxLuDiWR7yvugw=="): Text ****** has been set on object 'Object Repository/Tmp/Page_Element 3/input_use your Security Key_mx_passPhraseInput'

2022-01-16 00:16:49 - [MESSAGE][PASSED] - Text ****** has been set on object 'Object Repository/Tmp/Page_Element 3/input_use your Security Key_mx_passPhraseInput'

2022-01-16 00:16:50 - [TEST_STEP][PASSED] - click(findTestObject("Object Repository/Tmp/Page_Element 3/button_Continue")): Object: 'Object Repository/Tmp/Page_Element 3/button_Continue' is clicked on

2022-01-16 00:17:20 - [MESSAGE][PASSED] - Object: 'Object Repository/Tmp/Page_Element 3/button_Continue' is clicked on

2022-01-16 00:17:20 - [TEST_STEP][PASSED] - click(findTestObject("Object Repository/Tmp/Page_Element 3/div_Done")): Object: 'Object Repository/Tmp/Page_Element 3/div_Done' is clicked on

2022-01-16 00:17:50 - [MESSAGE][PASSED] - Object: 'Object Repository/Tmp/Page_Element 3/div_Done' is clicked on

2022-01-16 00:17:50 - [TEST_STEP][PASSED] - click(findTestObject("Object Repository/Tmp/Page_Element 3/div_Rooms_mx_AccessibleButton mx_RoomSublis_27fc2e")): Object: 'Object Repository/Tmp/Page_Element 3/div_Rooms_mx_AccessibleButton mx_RoomSublis_27fc2e' is clicked on

2022-01-16 00:18:20 - [MESSAGE][PASSED] - Object: 'Object Repository/Tmp/Page_Element 3/div_Rooms_mx_AccessibleButton mx_RoomSublis_27fc2e' is clicked on

2022-01-16 00:18:20 - [TEST_STEP][PASSED] - click(findTestObject("Object Repository/Tmp/Page_Element 3/span_Create new room")): Object: 'Object Repository/Tmp/Page_Element 3/span_Create new room' is clicked on

2022-01-16 00:18:51 - [MESSAGE][PASSED] - Object: 'Object Repository/Tmp/Page_Element 3/span_Create new room' is clicked on

2022-01-16 00:18:51 - [TEST_STEP][PASSED] - click(findTestObject("Object Repository/Tmp/Page_Element 3/div_Enable end-to-end encryption_mx_Accessi_02f4c6")): Object: 'Object Repository/Tmp/Page_Element 3/div_Enable end-to-end encryption_mx_Accessi_02f4c6' is clicked on

2022-01-16 00:19:17 - [MESSAGE][PASSED] - Object: 'Object Repository/Tmp/Page_Element 3/div_Enable end-to-end encryption_mx_Accessi_02f4c6' is clicked on

2022-01-16 00:19:17 - [TEST_STEP][PASSED] - setText(findTestObject("Object Repository/Tmp/Page_Element 3/input_Create a private room_mx_Field_4"), "a"): Text 'a' is set on object 'Object Repository/Tmp/Page_Element 3/input_Create a private room_mx_Field_4'

2022-01-16 00:20:18 - [MESSAGE][PASSED] - Text 'a' is set on object 'Object Repository/Tmp/Page_Element 3/input_Create a private room_mx_Field_4'

2022-01-16 00:20:18 - [TEST_STEP][PASSED] - setText(findTestObject("Object Repository/Tmp/Page_Element 3/input_Name_mx_Field_5"), "aaa"): Text 'aaa' is set on object 'Object Repository/Tmp/Page_Element 3/input_Name_mx_Field_5'

2022-01-16 00:21:00 - [MESSAGE][PASSED] - Text 'aaa' is set on object 'Object Repository/Tmp/Page_Element 3/input_Name_mx_Field_5'

2022-01-16 00:21:00 - [TEST_STEP][PASSED] - click(findTestObject("Object Repository/Tmp/Page_Element 3/button_Create Room")): Object: 'Object Repository/Tmp/Page_Element 3/button_Create Room' is clicked on

2022-01-16 00:21:31 - [MESSAGE][PASSED] - Object: 'Object Repository/Tmp/Page_Element 3/button_Create Room' is clicked on

2022-01-16 00:21:31 - [TEST_STEP][PASSED] - closeBrowser(): Browser is closed

2022-01-16 00:21:31 - [MESSAGE][PASSED] - Browser is closed]]></system-out>
         <system-err><![CDATA[]]></system-err>
      </testcase>
      <system-out><![CDATA[2022-01-16 00:15:34 - [TEST_SUITE][PASSED] - TC35: Test Cases/TC35. Create Private Room (disable Encrypted End-To-End)]]></system-out>
      <system-err><![CDATA[]]></system-err>
   </testsuite>
</testsuites>
