<?xml version="1.0" encoding="UTF-8"?>
<testsuites name="TC41-44. Setting - Displayname" time="1275.159" tests="4" failures="0" errors="0">
   <testsuite name="TC41-44. Setting - Displayname" tests="4" failures="0" errors="0" time="1275.159" skipped="0" timestamp="2022-01-16 23:28:52" hostname="Dell T5810 - T5810.mshome.net" id="Test Suites/TC41-44. Setting - Displayname">
      <properties>
         <property name="deviceName" value=""/>
         <property name="devicePlatform" value=""/>
         <property name="logFolder" value="D:\\Personal\\University\\3rd_year\\1st_term\\CS300_SoftwareEngineering x\\BONUS\\Test-Automation-SE-Bonus-Katalon\\Reports\\20220116_230421\\TC41-44. Setting - Displayname\\20220116_230449"/>
         <property name="logFiles" value="D:\\Personal\\University\\3rd_year\\1st_term\\CS300_SoftwareEngineering x\\BONUS\\Test-Automation-SE-Bonus-Katalon\\Reports\\20220116_230421\\TC41-44. Setting - Displayname\\20220116_230449\\execution0.log"/>
         <property name="attachments" value=""/>
         <property name="hostName" value="Dell T5810 - T5810.mshome.net"/>
         <property name="os" value="Windows 10 64bit"/>
         <property name="katalonVersion" value="8.2.0.208"/>
         <property name="browser" value="Chrome 97.0.4692.71"/>
         <property name="hostAddress" value="172.17.142.97"/>
         <property name="sessionId" value="8efe962c55ed1c3b40d7b66435186a84"/>
         <property name="seleniumVersion" value="3.141.59"/>
         <property name="proxyInformation" value="ProxyInformation { proxyOption=NO_PROXY, proxyServerType=HTTP, username=, password=********, proxyServerAddress=, proxyServerPort=0, executionList=&quot;&quot;, isApplyToDesiredCapabilities=true }"/>
         <property name="platform" value="Windows 10"/>
      </properties>
      <testcase name="Test Cases/TC41-44. Setting - Change Display Name" time="299.51" classname="Test Cases/TC41-44. Setting - Change Display Name" status="PASSED">
         <system-out><![CDATA[2022-01-16 23:28:53 - [TEST_CASE][PASSED] - Test Cases/TC41-44. Setting - Change Display Name: Test Cases/TC41-44. Setting - Change Display Name

2022-01-16 23:28:54 - [TEST_STEP][PASSED] - openBrowser(""): Browser is opened with url: ''

2022-01-16 23:28:55 - [MESSAGE][INFO] - Starting 'Chrome' driver

2022-01-16 23:28:55 - [MESSAGE][INFO] - Action delay is set to 0 milliseconds

2022-01-16 23:28:59 - [MESSAGE][PASSED] - Browser is opened with url: ''

2022-01-16 23:28:59 - [TEST_STEP][PASSED] - navigateToUrl("http://localhost:8080/#/login"): Navigate to 'http://localhost:8080/#/login' successfully

2022-01-16 23:29:02 - [MESSAGE][PASSED] - Navigate to 'http://localhost:8080/#/login' successfully

2022-01-16 23:29:02 - [TEST_STEP][PASSED] - setText(findTestObject("Object Repository/Setting - Display Name/Page_Element/input_Sign in with_username"), "nctai"): Text 'nctai' is set on object 'Object Repository/Setting - Display Name/Page_Element/input_Sign in with_username'

2022-01-16 23:29:07 - [MESSAGE][PASSED] - Text 'nctai' is set on object 'Object Repository/Setting - Display Name/Page_Element/input_Sign in with_username'

2022-01-16 23:29:07 - [TEST_STEP][PASSED] - setEncryptedText(findTestObject("Object Repository/Setting - Display Name/Page_Element/input_Username_password"), "EkCegUu2cCIeOttlbhr1Gg=="): Text ****** has been set on object 'Object Repository/Setting - Display Name/Page_Element/input_Username_password'

2022-01-16 23:29:08 - [MESSAGE][PASSED] - Text ****** has been set on object 'Object Repository/Setting - Display Name/Page_Element/input_Username_password'

2022-01-16 23:29:08 - [TEST_STEP][PASSED] - click(findTestObject("Object Repository/Setting - Display Name/Page_Element/input_Forgot password_mx_Login_submit")): Object: 'Object Repository/Setting - Display Name/Page_Element/input_Forgot password_mx_Login_submit' is clicked on

2022-01-16 23:29:08 - [MESSAGE][PASSED] - Object: 'Object Repository/Setting - Display Name/Page_Element/input_Forgot password_mx_Login_submit' is clicked on

2022-01-16 23:29:08 - [TEST_STEP][PASSED] - click(findTestObject("Object Repository/Setting - Display Name/Page_Element 3/div_Verify with Security Key or Phrase")): Object: 'Object Repository/Setting - Display Name/Page_Element 3/div_Verify with Security Key or Phrase' is clicked on

2022-01-16 23:29:54 - [MESSAGE][PASSED] - Object: 'Object Repository/Setting - Display Name/Page_Element 3/div_Verify with Security Key or Phrase' is clicked on

2022-01-16 23:29:54 - [TEST_STEP][PASSED] - setEncryptedText(findTestObject("Object Repository/Setting - Display Name/Page_Element 3/input_use your Security Key_mx_passPhraseInput"), "reV6H350bXVA0kTbjZFhCPXAh4FFL4It6typrKizvxSyJdUn2mpvZeL5nXz6yBWwF/LIkIubCxLuDiWR7yvugw=="): Text ****** has been set on object 'Object Repository/Setting - Display Name/Page_Element 3/input_use your Security Key_mx_passPhraseInput'

2022-01-16 23:30:24 - [MESSAGE][PASSED] - Text ****** has been set on object 'Object Repository/Setting - Display Name/Page_Element 3/input_use your Security Key_mx_passPhraseInput'

2022-01-16 23:30:24 - [TEST_STEP][PASSED] - click(findTestObject("Object Repository/Setting - Display Name/Page_Element 3/button_Continue")): Object: 'Object Repository/Setting - Display Name/Page_Element 3/button_Continue' is clicked on

2022-01-16 23:30:54 - [MESSAGE][PASSED] - Object: 'Object Repository/Setting - Display Name/Page_Element 3/button_Continue' is clicked on

2022-01-16 23:30:54 - [TEST_STEP][PASSED] - click(findTestObject("Object Repository/Setting - Display Name/Page_Element 3/div_Done")): Object: 'Object Repository/Setting - Display Name/Page_Element 3/div_Done' is clicked on

2022-01-16 23:31:00 - [MESSAGE][PASSED] - Object: 'Object Repository/Setting - Display Name/Page_Element 3/div_Done' is clicked on

2022-01-16 23:31:00 - [TEST_STEP][PASSED] - click(findTestObject("Object Repository/Setting - Display Name/Page_Element 3/img_Review_mx_BaseAvatar_image")): Object: 'Object Repository/Setting - Display Name/Page_Element 3/img_Review_mx_BaseAvatar_image' is clicked on

2022-01-16 23:31:31 - [MESSAGE][PASSED] - Object: 'Object Repository/Setting - Display Name/Page_Element 3/img_Review_mx_BaseAvatar_image' is clicked on

2022-01-16 23:31:31 - [TEST_STEP][PASSED] - click(findTestObject("Object Repository/Setting - Display Name/Page_Element 3/span_Security  privacy_mx_IconizedContextMe_38942c")): Object: 'Object Repository/Setting - Display Name/Page_Element 3/span_Security  privacy_mx_IconizedContextMe_38942c' is clicked on

2022-01-16 23:32:01 - [MESSAGE][PASSED] - Object: 'Object Repository/Setting - Display Name/Page_Element 3/span_Security  privacy_mx_IconizedContextMe_38942c' is clicked on

2022-01-16 23:32:01 - [TEST_STEP][PASSED] - click(findTestObject("Object Repository/Setting - Display Name/Page_Element 3/div_GeneralAppearanceNotificationsPreferenc_bc2e8e")): Object: 'Object Repository/Setting - Display Name/Page_Element 3/div_GeneralAppearanceNotificationsPreferenc_bc2e8e' is clicked on

2022-01-16 23:32:31 - [MESSAGE][PASSED] - Object: 'Object Repository/Setting - Display Name/Page_Element 3/div_GeneralAppearanceNotificationsPreferenc_bc2e8e' is clicked on

2022-01-16 23:32:31 - [TEST_STEP][PASSED] - setText(findTestObject("Object Repository/Setting - Display Name/Page_Element 3/input_Profile_mx_Field_4"), displayName): Text '' is set on object 'Object Repository/Setting - Display Name/Page_Element 3/input_Profile_mx_Field_4'

2022-01-16 23:33:21 - [MESSAGE][PASSED] - Text '' is set on object 'Object Repository/Setting - Display Name/Page_Element 3/input_Profile_mx_Field_4'

2022-01-16 23:33:21 - [TEST_STEP][PASSED] - click(findTestObject("Object Repository/Setting - Display Name/Page_Element 3/div_Save")): Object: 'Object Repository/Setting - Display Name/Page_Element 3/div_Save' is clicked on

2022-01-16 23:33:51 - [MESSAGE][PASSED] - Object: 'Object Repository/Setting - Display Name/Page_Element 3/div_Save' is clicked on

2022-01-16 23:33:51 - [TEST_STEP][PASSED] - closeBrowser(): Browser is closed

2022-01-16 23:33:52 - [MESSAGE][PASSED] - Browser is closed]]></system-out>
         <system-err><![CDATA[]]></system-err>
      </testcase>
      <testcase name="Test Cases/TC41-44. Setting - Change Display Name" time="329.234" classname="Test Cases/TC41-44. Setting - Change Display Name" status="PASSED">
         <system-out><![CDATA[2022-01-16 23:33:53 - [TEST_CASE][PASSED] - Test Cases/TC41-44. Setting - Change Display Name: Test Cases/TC41-44. Setting - Change Display Name

2022-01-16 23:33:53 - [TEST_STEP][PASSED] - openBrowser(""): Browser is opened with url: ''

2022-01-16 23:33:53 - [MESSAGE][INFO] - Starting 'Chrome' driver

2022-01-16 23:33:53 - [MESSAGE][INFO] - Action delay is set to 0 milliseconds

2022-01-16 23:33:54 - [MESSAGE][PASSED] - Browser is opened with url: ''

2022-01-16 23:33:54 - [TEST_STEP][PASSED] - navigateToUrl("http://localhost:8080/#/login"): Navigate to 'http://localhost:8080/#/login' successfully

2022-01-16 23:33:58 - [MESSAGE][PASSED] - Navigate to 'http://localhost:8080/#/login' successfully

2022-01-16 23:33:58 - [TEST_STEP][PASSED] - setText(findTestObject("Object Repository/Setting - Display Name/Page_Element/input_Sign in with_username"), "nctai"): Text 'nctai' is set on object 'Object Repository/Setting - Display Name/Page_Element/input_Sign in with_username'

2022-01-16 23:34:03 - [MESSAGE][PASSED] - Text 'nctai' is set on object 'Object Repository/Setting - Display Name/Page_Element/input_Sign in with_username'

2022-01-16 23:34:03 - [TEST_STEP][PASSED] - setEncryptedText(findTestObject("Object Repository/Setting - Display Name/Page_Element/input_Username_password"), "EkCegUu2cCIeOttlbhr1Gg=="): Text ****** has been set on object 'Object Repository/Setting - Display Name/Page_Element/input_Username_password'

2022-01-16 23:34:04 - [MESSAGE][PASSED] - Text ****** has been set on object 'Object Repository/Setting - Display Name/Page_Element/input_Username_password'

2022-01-16 23:34:04 - [TEST_STEP][PASSED] - click(findTestObject("Object Repository/Setting - Display Name/Page_Element/input_Forgot password_mx_Login_submit")): Object: 'Object Repository/Setting - Display Name/Page_Element/input_Forgot password_mx_Login_submit' is clicked on

2022-01-16 23:34:05 - [MESSAGE][PASSED] - Object: 'Object Repository/Setting - Display Name/Page_Element/input_Forgot password_mx_Login_submit' is clicked on

2022-01-16 23:34:05 - [TEST_STEP][PASSED] - click(findTestObject("Object Repository/Setting - Display Name/Page_Element 3/div_Verify with Security Key or Phrase")): Object: 'Object Repository/Setting - Display Name/Page_Element 3/div_Verify with Security Key or Phrase' is clicked on

2022-01-16 23:34:46 - [MESSAGE][PASSED] - Object: 'Object Repository/Setting - Display Name/Page_Element 3/div_Verify with Security Key or Phrase' is clicked on

2022-01-16 23:34:46 - [TEST_STEP][PASSED] - setEncryptedText(findTestObject("Object Repository/Setting - Display Name/Page_Element 3/input_use your Security Key_mx_passPhraseInput"), "reV6H350bXVA0kTbjZFhCPXAh4FFL4It6typrKizvxSyJdUn2mpvZeL5nXz6yBWwF/LIkIubCxLuDiWR7yvugw=="): Text ****** has been set on object 'Object Repository/Setting - Display Name/Page_Element 3/input_use your Security Key_mx_passPhraseInput'

2022-01-16 23:35:16 - [MESSAGE][PASSED] - Text ****** has been set on object 'Object Repository/Setting - Display Name/Page_Element 3/input_use your Security Key_mx_passPhraseInput'

2022-01-16 23:35:16 - [TEST_STEP][PASSED] - click(findTestObject("Object Repository/Setting - Display Name/Page_Element 3/button_Continue")): Object: 'Object Repository/Setting - Display Name/Page_Element 3/button_Continue' is clicked on

2022-01-16 23:35:46 - [MESSAGE][PASSED] - Object: 'Object Repository/Setting - Display Name/Page_Element 3/button_Continue' is clicked on

2022-01-16 23:35:46 - [TEST_STEP][PASSED] - click(findTestObject("Object Repository/Setting - Display Name/Page_Element 3/div_Done")): Object: 'Object Repository/Setting - Display Name/Page_Element 3/div_Done' is clicked on

2022-01-16 23:36:17 - [MESSAGE][PASSED] - Object: 'Object Repository/Setting - Display Name/Page_Element 3/div_Done' is clicked on

2022-01-16 23:36:17 - [TEST_STEP][PASSED] - click(findTestObject("Object Repository/Setting - Display Name/Page_Element 3/img_Review_mx_BaseAvatar_image")): Object: 'Object Repository/Setting - Display Name/Page_Element 3/img_Review_mx_BaseAvatar_image' is clicked on

2022-01-16 23:36:48 - [MESSAGE][PASSED] - Object: 'Object Repository/Setting - Display Name/Page_Element 3/img_Review_mx_BaseAvatar_image' is clicked on

2022-01-16 23:36:48 - [TEST_STEP][PASSED] - click(findTestObject("Object Repository/Setting - Display Name/Page_Element 3/span_Security  privacy_mx_IconizedContextMe_38942c")): Object: 'Object Repository/Setting - Display Name/Page_Element 3/span_Security  privacy_mx_IconizedContextMe_38942c' is clicked on

2022-01-16 23:37:18 - [MESSAGE][PASSED] - Object: 'Object Repository/Setting - Display Name/Page_Element 3/span_Security  privacy_mx_IconizedContextMe_38942c' is clicked on

2022-01-16 23:37:18 - [TEST_STEP][PASSED] - click(findTestObject("Object Repository/Setting - Display Name/Page_Element 3/div_GeneralAppearanceNotificationsPreferenc_bc2e8e")): Object: 'Object Repository/Setting - Display Name/Page_Element 3/div_GeneralAppearanceNotificationsPreferenc_bc2e8e' is clicked on

2022-01-16 23:37:48 - [MESSAGE][PASSED] - Object: 'Object Repository/Setting - Display Name/Page_Element 3/div_GeneralAppearanceNotificationsPreferenc_bc2e8e' is clicked on

2022-01-16 23:37:48 - [TEST_STEP][PASSED] - setText(findTestObject("Object Repository/Setting - Display Name/Page_Element 3/input_Profile_mx_Field_4"), displayName): Text 'zTliM6ge6DJ2y3LeP3lyGLb2EDVWFTXFQtlBT3Aao1bPqJTnKcG8Pw5jxKRSisqVUDUAbVjjexvcIiUhPgn3WWBMLyQsy3toWZwpt0Gh4M70e7aHV141jN2vLM3OgNuR' is set on object 'Object Repository/Setting - Display Name/Page_Element 3/input_Profile_mx_Field_4'

2022-01-16 23:38:49 - [MESSAGE][PASSED] - Text 'zTliM6ge6DJ2y3LeP3lyGLb2EDVWFTXFQtlBT3Aao1bPqJTnKcG8Pw5jxKRSisqVUDUAbVjjexvcIiUhPgn3WWBMLyQsy3toWZwpt0Gh4M70e7aHV141jN2vLM3OgNuR' is set on object 'Object Repository/Setting - Display Name/Page_Element 3/input_Profile_mx_Field_4'

2022-01-16 23:38:49 - [TEST_STEP][PASSED] - click(findTestObject("Object Repository/Setting - Display Name/Page_Element 3/div_Save")): Object: 'Object Repository/Setting - Display Name/Page_Element 3/div_Save' is clicked on

2022-01-16 23:39:20 - [MESSAGE][PASSED] - Object: 'Object Repository/Setting - Display Name/Page_Element 3/div_Save' is clicked on

2022-01-16 23:39:20 - [TEST_STEP][PASSED] - closeBrowser(): Browser is closed

2022-01-16 23:39:22 - [MESSAGE][PASSED] - Browser is closed]]></system-out>
         <system-err><![CDATA[]]></system-err>
      </testcase>
      <testcase name="Test Cases/TC41-44. Setting - Change Display Name" time="320.134" classname="Test Cases/TC41-44. Setting - Change Display Name" status="PASSED">
         <system-out><![CDATA[2022-01-16 23:39:22 - [TEST_CASE][PASSED] - Test Cases/TC41-44. Setting - Change Display Name: Test Cases/TC41-44. Setting - Change Display Name

2022-01-16 23:39:22 - [TEST_STEP][PASSED] - openBrowser(""): Browser is opened with url: ''

2022-01-16 23:39:22 - [MESSAGE][INFO] - Starting 'Chrome' driver

2022-01-16 23:39:22 - [MESSAGE][INFO] - Action delay is set to 0 milliseconds

2022-01-16 23:39:23 - [MESSAGE][PASSED] - Browser is opened with url: ''

2022-01-16 23:39:23 - [TEST_STEP][PASSED] - navigateToUrl("http://localhost:8080/#/login"): Navigate to 'http://localhost:8080/#/login' successfully

2022-01-16 23:39:28 - [MESSAGE][PASSED] - Navigate to 'http://localhost:8080/#/login' successfully

2022-01-16 23:39:28 - [TEST_STEP][PASSED] - setText(findTestObject("Object Repository/Setting - Display Name/Page_Element/input_Sign in with_username"), "nctai"): Text 'nctai' is set on object 'Object Repository/Setting - Display Name/Page_Element/input_Sign in with_username'

2022-01-16 23:39:35 - [MESSAGE][PASSED] - Text 'nctai' is set on object 'Object Repository/Setting - Display Name/Page_Element/input_Sign in with_username'

2022-01-16 23:39:35 - [TEST_STEP][PASSED] - setEncryptedText(findTestObject("Object Repository/Setting - Display Name/Page_Element/input_Username_password"), "EkCegUu2cCIeOttlbhr1Gg=="): Text ****** has been set on object 'Object Repository/Setting - Display Name/Page_Element/input_Username_password'

2022-01-16 23:39:35 - [MESSAGE][PASSED] - Text ****** has been set on object 'Object Repository/Setting - Display Name/Page_Element/input_Username_password'

2022-01-16 23:39:35 - [TEST_STEP][PASSED] - click(findTestObject("Object Repository/Setting - Display Name/Page_Element/input_Forgot password_mx_Login_submit")): Object: 'Object Repository/Setting - Display Name/Page_Element/input_Forgot password_mx_Login_submit' is clicked on

2022-01-16 23:39:36 - [MESSAGE][PASSED] - Object: 'Object Repository/Setting - Display Name/Page_Element/input_Forgot password_mx_Login_submit' is clicked on

2022-01-16 23:39:36 - [TEST_STEP][PASSED] - click(findTestObject("Object Repository/Setting - Display Name/Page_Element 3/div_Verify with Security Key or Phrase")): Object: 'Object Repository/Setting - Display Name/Page_Element 3/div_Verify with Security Key or Phrase' is clicked on

2022-01-16 23:40:08 - [MESSAGE][PASSED] - Object: 'Object Repository/Setting - Display Name/Page_Element 3/div_Verify with Security Key or Phrase' is clicked on

2022-01-16 23:40:08 - [TEST_STEP][PASSED] - setEncryptedText(findTestObject("Object Repository/Setting - Display Name/Page_Element 3/input_use your Security Key_mx_passPhraseInput"), "reV6H350bXVA0kTbjZFhCPXAh4FFL4It6typrKizvxSyJdUn2mpvZeL5nXz6yBWwF/LIkIubCxLuDiWR7yvugw=="): Text ****** has been set on object 'Object Repository/Setting - Display Name/Page_Element 3/input_use your Security Key_mx_passPhraseInput'

2022-01-16 23:40:39 - [MESSAGE][PASSED] - Text ****** has been set on object 'Object Repository/Setting - Display Name/Page_Element 3/input_use your Security Key_mx_passPhraseInput'

2022-01-16 23:40:39 - [TEST_STEP][PASSED] - click(findTestObject("Object Repository/Setting - Display Name/Page_Element 3/button_Continue")): Object: 'Object Repository/Setting - Display Name/Page_Element 3/button_Continue' is clicked on

2022-01-16 23:41:09 - [MESSAGE][PASSED] - Object: 'Object Repository/Setting - Display Name/Page_Element 3/button_Continue' is clicked on

2022-01-16 23:41:09 - [TEST_STEP][PASSED] - click(findTestObject("Object Repository/Setting - Display Name/Page_Element 3/div_Done")): Object: 'Object Repository/Setting - Display Name/Page_Element 3/div_Done' is clicked on

2022-01-16 23:41:39 - [MESSAGE][PASSED] - Object: 'Object Repository/Setting - Display Name/Page_Element 3/div_Done' is clicked on

2022-01-16 23:41:39 - [TEST_STEP][PASSED] - click(findTestObject("Object Repository/Setting - Display Name/Page_Element 3/img_Review_mx_BaseAvatar_image")): Object: 'Object Repository/Setting - Display Name/Page_Element 3/img_Review_mx_BaseAvatar_image' is clicked on

2022-01-16 23:42:10 - [MESSAGE][PASSED] - Object: 'Object Repository/Setting - Display Name/Page_Element 3/img_Review_mx_BaseAvatar_image' is clicked on

2022-01-16 23:42:10 - [TEST_STEP][PASSED] - click(findTestObject("Object Repository/Setting - Display Name/Page_Element 3/span_Security  privacy_mx_IconizedContextMe_38942c")): Object: 'Object Repository/Setting - Display Name/Page_Element 3/span_Security  privacy_mx_IconizedContextMe_38942c' is clicked on

2022-01-16 23:42:40 - [MESSAGE][PASSED] - Object: 'Object Repository/Setting - Display Name/Page_Element 3/span_Security  privacy_mx_IconizedContextMe_38942c' is clicked on

2022-01-16 23:42:40 - [TEST_STEP][PASSED] - click(findTestObject("Object Repository/Setting - Display Name/Page_Element 3/div_GeneralAppearanceNotificationsPreferenc_bc2e8e")): Object: 'Object Repository/Setting - Display Name/Page_Element 3/div_GeneralAppearanceNotificationsPreferenc_bc2e8e' is clicked on

2022-01-16 23:43:10 - [MESSAGE][PASSED] - Object: 'Object Repository/Setting - Display Name/Page_Element 3/div_GeneralAppearanceNotificationsPreferenc_bc2e8e' is clicked on

2022-01-16 23:43:10 - [TEST_STEP][PASSED] - setText(findTestObject("Object Repository/Setting - Display Name/Page_Element 3/input_Profile_mx_Field_4"), displayName): Text 'TV Minh ABC' is set on object 'Object Repository/Setting - Display Name/Page_Element 3/input_Profile_mx_Field_4'

2022-01-16 23:44:11 - [MESSAGE][PASSED] - Text 'TV Minh ABC' is set on object 'Object Repository/Setting - Display Name/Page_Element 3/input_Profile_mx_Field_4'

2022-01-16 23:44:11 - [TEST_STEP][PASSED] - click(findTestObject("Object Repository/Setting - Display Name/Page_Element 3/div_Save")): Object: 'Object Repository/Setting - Display Name/Page_Element 3/div_Save' is clicked on

2022-01-16 23:44:41 - [MESSAGE][PASSED] - Object: 'Object Repository/Setting - Display Name/Page_Element 3/div_Save' is clicked on

2022-01-16 23:44:41 - [TEST_STEP][PASSED] - closeBrowser(): Browser is closed

2022-01-16 23:44:42 - [MESSAGE][PASSED] - Browser is closed]]></system-out>
         <system-err><![CDATA[]]></system-err>
      </testcase>
      <testcase name="Test Cases/TC41-44. Setting - Change Display Name" time="324.96" classname="Test Cases/TC41-44. Setting - Change Display Name" status="PASSED">
         <system-out><![CDATA[2022-01-16 23:44:42 - [TEST_CASE][PASSED] - Test Cases/TC41-44. Setting - Change Display Name: Test Cases/TC41-44. Setting - Change Display Name

2022-01-16 23:44:42 - [TEST_STEP][PASSED] - openBrowser(""): Browser is opened with url: ''

2022-01-16 23:44:42 - [MESSAGE][INFO] - Starting 'Chrome' driver

2022-01-16 23:44:42 - [MESSAGE][INFO] - Action delay is set to 0 milliseconds

2022-01-16 23:44:43 - [MESSAGE][PASSED] - Browser is opened with url: ''

2022-01-16 23:44:43 - [TEST_STEP][PASSED] - navigateToUrl("http://localhost:8080/#/login"): Navigate to 'http://localhost:8080/#/login' successfully

2022-01-16 23:44:46 - [MESSAGE][PASSED] - Navigate to 'http://localhost:8080/#/login' successfully

2022-01-16 23:44:46 - [TEST_STEP][PASSED] - setText(findTestObject("Object Repository/Setting - Display Name/Page_Element/input_Sign in with_username"), "nctai"): Text 'nctai' is set on object 'Object Repository/Setting - Display Name/Page_Element/input_Sign in with_username'

2022-01-16 23:44:49 - [MESSAGE][PASSED] - Text 'nctai' is set on object 'Object Repository/Setting - Display Name/Page_Element/input_Sign in with_username'

2022-01-16 23:44:49 - [TEST_STEP][PASSED] - setEncryptedText(findTestObject("Object Repository/Setting - Display Name/Page_Element/input_Username_password"), "EkCegUu2cCIeOttlbhr1Gg=="): Text ****** has been set on object 'Object Repository/Setting - Display Name/Page_Element/input_Username_password'

2022-01-16 23:44:50 - [MESSAGE][PASSED] - Text ****** has been set on object 'Object Repository/Setting - Display Name/Page_Element/input_Username_password'

2022-01-16 23:44:50 - [TEST_STEP][PASSED] - click(findTestObject("Object Repository/Setting - Display Name/Page_Element/input_Forgot password_mx_Login_submit")): Object: 'Object Repository/Setting - Display Name/Page_Element/input_Forgot password_mx_Login_submit' is clicked on

2022-01-16 23:44:50 - [MESSAGE][PASSED] - Object: 'Object Repository/Setting - Display Name/Page_Element/input_Forgot password_mx_Login_submit' is clicked on

2022-01-16 23:44:50 - [TEST_STEP][PASSED] - click(findTestObject("Object Repository/Setting - Display Name/Page_Element 3/div_Verify with Security Key or Phrase")): Object: 'Object Repository/Setting - Display Name/Page_Element 3/div_Verify with Security Key or Phrase' is clicked on

2022-01-16 23:45:34 - [MESSAGE][PASSED] - Object: 'Object Repository/Setting - Display Name/Page_Element 3/div_Verify with Security Key or Phrase' is clicked on

2022-01-16 23:45:34 - [TEST_STEP][PASSED] - setEncryptedText(findTestObject("Object Repository/Setting - Display Name/Page_Element 3/input_use your Security Key_mx_passPhraseInput"), "reV6H350bXVA0kTbjZFhCPXAh4FFL4It6typrKizvxSyJdUn2mpvZeL5nXz6yBWwF/LIkIubCxLuDiWR7yvugw=="): Text ****** has been set on object 'Object Repository/Setting - Display Name/Page_Element 3/input_use your Security Key_mx_passPhraseInput'

2022-01-16 23:46:04 - [MESSAGE][PASSED] - Text ****** has been set on object 'Object Repository/Setting - Display Name/Page_Element 3/input_use your Security Key_mx_passPhraseInput'

2022-01-16 23:46:04 - [TEST_STEP][PASSED] - click(findTestObject("Object Repository/Setting - Display Name/Page_Element 3/button_Continue")): Object: 'Object Repository/Setting - Display Name/Page_Element 3/button_Continue' is clicked on

2022-01-16 23:46:34 - [MESSAGE][PASSED] - Object: 'Object Repository/Setting - Display Name/Page_Element 3/button_Continue' is clicked on

2022-01-16 23:46:34 - [TEST_STEP][PASSED] - click(findTestObject("Object Repository/Setting - Display Name/Page_Element 3/div_Done")): Object: 'Object Repository/Setting - Display Name/Page_Element 3/div_Done' is clicked on

2022-01-16 23:47:05 - [MESSAGE][PASSED] - Object: 'Object Repository/Setting - Display Name/Page_Element 3/div_Done' is clicked on

2022-01-16 23:47:05 - [TEST_STEP][PASSED] - click(findTestObject("Object Repository/Setting - Display Name/Page_Element 3/img_Review_mx_BaseAvatar_image")): Object: 'Object Repository/Setting - Display Name/Page_Element 3/img_Review_mx_BaseAvatar_image' is clicked on

2022-01-16 23:47:35 - [MESSAGE][PASSED] - Object: 'Object Repository/Setting - Display Name/Page_Element 3/img_Review_mx_BaseAvatar_image' is clicked on

2022-01-16 23:47:35 - [TEST_STEP][PASSED] - click(findTestObject("Object Repository/Setting - Display Name/Page_Element 3/span_Security  privacy_mx_IconizedContextMe_38942c")): Object: 'Object Repository/Setting - Display Name/Page_Element 3/span_Security  privacy_mx_IconizedContextMe_38942c' is clicked on

2022-01-16 23:48:05 - [MESSAGE][PASSED] - Object: 'Object Repository/Setting - Display Name/Page_Element 3/span_Security  privacy_mx_IconizedContextMe_38942c' is clicked on

2022-01-16 23:48:05 - [TEST_STEP][PASSED] - click(findTestObject("Object Repository/Setting - Display Name/Page_Element 3/div_GeneralAppearanceNotificationsPreferenc_bc2e8e")): Object: 'Object Repository/Setting - Display Name/Page_Element 3/div_GeneralAppearanceNotificationsPreferenc_bc2e8e' is clicked on

2022-01-16 23:48:36 - [MESSAGE][PASSED] - Object: 'Object Repository/Setting - Display Name/Page_Element 3/div_GeneralAppearanceNotificationsPreferenc_bc2e8e' is clicked on

2022-01-16 23:48:36 - [TEST_STEP][PASSED] - setText(findTestObject("Object Repository/Setting - Display Name/Page_Element 3/input_Profile_mx_Field_4"), displayName): Text 'ռɢʊʏɛռȶɦǟռɦɖǟȶ' is set on object 'Object Repository/Setting - Display Name/Page_Element 3/input_Profile_mx_Field_4'

2022-01-16 23:49:36 - [MESSAGE][PASSED] - Text 'ռɢʊʏɛռȶɦǟռɦɖǟȶ' is set on object 'Object Repository/Setting - Display Name/Page_Element 3/input_Profile_mx_Field_4'

2022-01-16 23:49:36 - [TEST_STEP][PASSED] - click(findTestObject("Object Repository/Setting - Display Name/Page_Element 3/div_Save")): Object: 'Object Repository/Setting - Display Name/Page_Element 3/div_Save' is clicked on

2022-01-16 23:50:06 - [MESSAGE][PASSED] - Object: 'Object Repository/Setting - Display Name/Page_Element 3/div_Save' is clicked on

2022-01-16 23:50:06 - [TEST_STEP][PASSED] - closeBrowser(): Browser is closed

2022-01-16 23:50:07 - [MESSAGE][PASSED] - Browser is closed]]></system-out>
         <system-err><![CDATA[]]></system-err>
      </testcase>
      <system-out><![CDATA[2022-01-16 23:28:52 - [TEST_SUITE][PASSED] - TC41-44. Setting - Displayname: Test Cases/TC41-44. Setting - Change Display Name]]></system-out>
      <system-err><![CDATA[]]></system-err>
   </testsuite>
</testsuites>
