<?xml version="1.0" encoding="UTF-8"?>
<testsuites name="TC39-40. Setting - PhoneNumber" time="613.223" tests="2" failures="0" errors="0">
   <testsuite name="TC39-40. Setting - PhoneNumber" tests="2" failures="0" errors="0" time="613.223" skipped="0" timestamp="2022-01-16 00:20:28" hostname="Dell T5810 - T5810.mshome.net" id="Test Suites/TC39-40. Setting - PhoneNumber">
      <properties>
         <property name="deviceName" value=""/>
         <property name="devicePlatform" value=""/>
         <property name="logFolder" value="D:\\Personal\\University\\3rd_year\\1st_term\\CS300_SoftwareEngineering x\\BONUS\\Test-Automation-SE-Bonus-Katalon\\Reports\\20220116_000024\\TC39-40. Setting - PhoneNumber\\20220116_000049"/>
         <property name="logFiles" value="D:\\Personal\\University\\3rd_year\\1st_term\\CS300_SoftwareEngineering x\\BONUS\\Test-Automation-SE-Bonus-Katalon\\Reports\\20220116_000024\\TC39-40. Setting - PhoneNumber\\20220116_000049\\execution0.log"/>
         <property name="attachments" value=""/>
         <property name="hostName" value="Dell T5810 - T5810.mshome.net"/>
         <property name="os" value="Windows 10 64bit"/>
         <property name="katalonVersion" value="8.2.0.208"/>
         <property name="browser" value="Chrome 97.0.4692.71"/>
         <property name="hostAddress" value="172.17.142.97"/>
         <property name="sessionId" value="3ca71913c01df92bdb41de99b7a03268"/>
         <property name="seleniumVersion" value="3.141.59"/>
         <property name="proxyInformation" value="ProxyInformation { proxyOption=NO_PROXY, proxyServerType=HTTP, username=, password=********, proxyServerAddress=, proxyServerPort=0, executionList=&quot;&quot;, isApplyToDesiredCapabilities=true }"/>
         <property name="platform" value="Windows 10"/>
      </properties>
      <testcase name="Test Cases/TC39-40. Setting - Phone Number" time="322.72" classname="Test Cases/TC39-40. Setting - Phone Number" status="PASSED">
         <system-out><![CDATA[2022-01-16 00:20:29 - [TEST_CASE][PASSED] - Test Cases/TC39-40. Setting - Phone Number: Test Cases/TC39-40. Setting - Phone Number

2022-01-16 00:20:30 - [TEST_STEP][PASSED] - openBrowser(""): Browser is opened with url: ''

2022-01-16 00:20:31 - [MESSAGE][INFO] - Starting 'Chrome' driver

2022-01-16 00:20:31 - [MESSAGE][INFO] - Action delay is set to 0 milliseconds

2022-01-16 00:20:33 - [MESSAGE][PASSED] - Browser is opened with url: ''

2022-01-16 00:20:33 - [TEST_STEP][PASSED] - navigateToUrl("http://localhost:8080/#/login"): Navigate to 'http://localhost:8080/#/login' successfully

2022-01-16 00:20:36 - [MESSAGE][PASSED] - Navigate to 'http://localhost:8080/#/login' successfully

2022-01-16 00:20:36 - [TEST_STEP][PASSED] - setText(findTestObject("Object Repository/Setting - Phone Number/Page_Element/input_Sign in with_username"), "nctai"): Text 'nctai' is set on object 'Object Repository/Setting - Phone Number/Page_Element/input_Sign in with_username'

2022-01-16 00:20:42 - [MESSAGE][PASSED] - Text 'nctai' is set on object 'Object Repository/Setting - Phone Number/Page_Element/input_Sign in with_username'

2022-01-16 00:20:42 - [TEST_STEP][PASSED] - setEncryptedText(findTestObject("Object Repository/Setting - Phone Number/Page_Element/input_Username_password"), "EkCegUu2cCIeOttlbhr1Gg=="): Text ****** has been set on object 'Object Repository/Setting - Phone Number/Page_Element/input_Username_password'

2022-01-16 00:20:42 - [MESSAGE][PASSED] - Text ****** has been set on object 'Object Repository/Setting - Phone Number/Page_Element/input_Username_password'

2022-01-16 00:20:42 - [TEST_STEP][PASSED] - click(findTestObject("Object Repository/Setting - Phone Number/Page_Element/input_Forgot password_mx_Login_submit")): Object: 'Object Repository/Setting - Phone Number/Page_Element/input_Forgot password_mx_Login_submit' is clicked on

2022-01-16 00:20:43 - [MESSAGE][PASSED] - Object: 'Object Repository/Setting - Phone Number/Page_Element/input_Forgot password_mx_Login_submit' is clicked on

2022-01-16 00:20:43 - [TEST_STEP][PASSED] - click(findTestObject("Object Repository/Setting - Phone Number/Page_Element 2/div_Verify with Security Key or Phrase")): Object: 'Object Repository/Setting - Phone Number/Page_Element 2/div_Verify with Security Key or Phrase' is clicked on

2022-01-16 00:21:44 - [MESSAGE][PASSED] - Object: 'Object Repository/Setting - Phone Number/Page_Element 2/div_Verify with Security Key or Phrase' is clicked on

2022-01-16 00:21:44 - [TEST_STEP][PASSED] - click(findTestObject("Object Repository/Setting - Phone Number/Page_Element 2/div_Security Phrase")): Object: 'Object Repository/Setting - Phone Number/Page_Element 2/div_Security Phrase' is clicked on

2022-01-16 00:22:04 - [MESSAGE][PASSED] - Object: 'Object Repository/Setting - Phone Number/Page_Element 2/div_Security Phrase' is clicked on

2022-01-16 00:22:04 - [TEST_STEP][PASSED] - setEncryptedText(findTestObject("Object Repository/Setting - Phone Number/Page_Element 2/input_use your Security Key_mx_passPhraseInput"), "reV6H350bXVA0kTbjZFhCPXAh4FFL4It6typrKizvxSyJdUn2mpvZeL5nXz6yBWwF/LIkIubCxLuDiWR7yvugw=="): Text ****** has been set on object 'Object Repository/Setting - Phone Number/Page_Element 2/input_use your Security Key_mx_passPhraseInput'

2022-01-16 00:22:35 - [MESSAGE][PASSED] - Text ****** has been set on object 'Object Repository/Setting - Phone Number/Page_Element 2/input_use your Security Key_mx_passPhraseInput'

2022-01-16 00:22:35 - [TEST_STEP][PASSED] - click(findTestObject("Object Repository/Setting - Phone Number/Page_Element 2/button_Continue")): Object: 'Object Repository/Setting - Phone Number/Page_Element 2/button_Continue' is clicked on

2022-01-16 00:23:05 - [MESSAGE][PASSED] - Object: 'Object Repository/Setting - Phone Number/Page_Element 2/button_Continue' is clicked on

2022-01-16 00:23:05 - [TEST_STEP][PASSED] - click(findTestObject("Object Repository/Setting - Phone Number/Page_Element 2/div_Done")): Object: 'Object Repository/Setting - Phone Number/Page_Element 2/div_Done' is clicked on

2022-01-16 00:23:35 - [MESSAGE][PASSED] - Object: 'Object Repository/Setting - Phone Number/Page_Element 2/div_Done' is clicked on

2022-01-16 00:23:35 - [TEST_STEP][PASSED] - click(findTestObject("Object Repository/Setting - Phone Number/Page_Element 2/img_Review_mx_BaseAvatar_image")): Object: 'Object Repository/Setting - Phone Number/Page_Element 2/img_Review_mx_BaseAvatar_image' is clicked on

2022-01-16 00:24:06 - [MESSAGE][PASSED] - Object: 'Object Repository/Setting - Phone Number/Page_Element 2/img_Review_mx_BaseAvatar_image' is clicked on

2022-01-16 00:24:06 - [TEST_STEP][PASSED] - click(findTestObject("Object Repository/Setting - Phone Number/Page_Element 2/span_Security  privacy_mx_IconizedContextMe_38942c")): Object: 'Object Repository/Setting - Phone Number/Page_Element 2/span_Security  privacy_mx_IconizedContextMe_38942c' is clicked on

2022-01-16 00:24:20 - [MESSAGE][PASSED] - Object: 'Object Repository/Setting - Phone Number/Page_Element 2/span_Security  privacy_mx_IconizedContextMe_38942c' is clicked on

2022-01-16 00:24:20 - [TEST_STEP][PASSED] - setText(findTestObject("Object Repository/Setting - Phone Number/Page_Element 2/input__mx_Field_10"), phoneNumber): Text 'abcdcasdfasdf' is set on object 'Object Repository/Setting - Phone Number/Page_Element 2/input__mx_Field_10'

2022-01-16 00:25:21 - [MESSAGE][PASSED] - Text 'abcdcasdfasdf' is set on object 'Object Repository/Setting - Phone Number/Page_Element 2/input__mx_Field_10'

2022-01-16 00:25:21 - [TEST_STEP][PASSED] - verifyElementClickable(findTestObject("Object Repository/Setting - Phone Number/Page_Element 2/div_Add")): Object 'Object Repository/Setting - Phone Number/Page_Element 2/div_Add' is clickable

2022-01-16 00:25:51 - [MESSAGE][PASSED] - Object 'Object Repository/Setting - Phone Number/Page_Element 2/div_Add' is clickable

2022-01-16 00:25:51 - [TEST_STEP][PASSED] - closeBrowser(): Browser is closed

2022-01-16 00:25:52 - [MESSAGE][PASSED] - Browser is closed]]></system-out>
         <system-err><![CDATA[]]></system-err>
      </testcase>
      <testcase name="Test Cases/TC39-40. Setting - Phone Number" time="289.566" classname="Test Cases/TC39-40. Setting - Phone Number" status="PASSED">
         <system-out><![CDATA[2022-01-16 00:25:52 - [TEST_CASE][PASSED] - Test Cases/TC39-40. Setting - Phone Number: Test Cases/TC39-40. Setting - Phone Number

2022-01-16 00:25:52 - [TEST_STEP][PASSED] - openBrowser(""): Browser is opened with url: ''

2022-01-16 00:25:52 - [MESSAGE][INFO] - Starting 'Chrome' driver

2022-01-16 00:25:52 - [MESSAGE][INFO] - Action delay is set to 0 milliseconds

2022-01-16 00:25:53 - [MESSAGE][PASSED] - Browser is opened with url: ''

2022-01-16 00:25:53 - [TEST_STEP][PASSED] - navigateToUrl("http://localhost:8080/#/login"): Navigate to 'http://localhost:8080/#/login' successfully

2022-01-16 00:25:56 - [MESSAGE][PASSED] - Navigate to 'http://localhost:8080/#/login' successfully

2022-01-16 00:25:56 - [TEST_STEP][PASSED] - setText(findTestObject("Object Repository/Setting - Phone Number/Page_Element/input_Sign in with_username"), "nctai"): Text 'nctai' is set on object 'Object Repository/Setting - Phone Number/Page_Element/input_Sign in with_username'

2022-01-16 00:26:00 - [MESSAGE][PASSED] - Text 'nctai' is set on object 'Object Repository/Setting - Phone Number/Page_Element/input_Sign in with_username'

2022-01-16 00:26:00 - [TEST_STEP][PASSED] - setEncryptedText(findTestObject("Object Repository/Setting - Phone Number/Page_Element/input_Username_password"), "EkCegUu2cCIeOttlbhr1Gg=="): Text ****** has been set on object 'Object Repository/Setting - Phone Number/Page_Element/input_Username_password'

2022-01-16 00:26:01 - [MESSAGE][PASSED] - Text ****** has been set on object 'Object Repository/Setting - Phone Number/Page_Element/input_Username_password'

2022-01-16 00:26:01 - [TEST_STEP][PASSED] - click(findTestObject("Object Repository/Setting - Phone Number/Page_Element/input_Forgot password_mx_Login_submit")): Object: 'Object Repository/Setting - Phone Number/Page_Element/input_Forgot password_mx_Login_submit' is clicked on

2022-01-16 00:26:02 - [MESSAGE][PASSED] - Object: 'Object Repository/Setting - Phone Number/Page_Element/input_Forgot password_mx_Login_submit' is clicked on

2022-01-16 00:26:02 - [TEST_STEP][PASSED] - click(findTestObject("Object Repository/Setting - Phone Number/Page_Element 2/div_Verify with Security Key or Phrase")): Object: 'Object Repository/Setting - Phone Number/Page_Element 2/div_Verify with Security Key or Phrase' is clicked on

2022-01-16 00:26:47 - [MESSAGE][PASSED] - Object: 'Object Repository/Setting - Phone Number/Page_Element 2/div_Verify with Security Key or Phrase' is clicked on

2022-01-16 00:26:47 - [TEST_STEP][PASSED] - click(findTestObject("Object Repository/Setting - Phone Number/Page_Element 2/div_Security Phrase")): Object: 'Object Repository/Setting - Phone Number/Page_Element 2/div_Security Phrase' is clicked on

2022-01-16 00:27:17 - [MESSAGE][PASSED] - Object: 'Object Repository/Setting - Phone Number/Page_Element 2/div_Security Phrase' is clicked on

2022-01-16 00:27:17 - [TEST_STEP][PASSED] - setEncryptedText(findTestObject("Object Repository/Setting - Phone Number/Page_Element 2/input_use your Security Key_mx_passPhraseInput"), "reV6H350bXVA0kTbjZFhCPXAh4FFL4It6typrKizvxSyJdUn2mpvZeL5nXz6yBWwF/LIkIubCxLuDiWR7yvugw=="): Text ****** has been set on object 'Object Repository/Setting - Phone Number/Page_Element 2/input_use your Security Key_mx_passPhraseInput'

2022-01-16 00:27:48 - [MESSAGE][PASSED] - Text ****** has been set on object 'Object Repository/Setting - Phone Number/Page_Element 2/input_use your Security Key_mx_passPhraseInput'

2022-01-16 00:27:48 - [TEST_STEP][PASSED] - click(findTestObject("Object Repository/Setting - Phone Number/Page_Element 2/button_Continue")): Object: 'Object Repository/Setting - Phone Number/Page_Element 2/button_Continue' is clicked on

2022-01-16 00:28:08 - [MESSAGE][PASSED] - Object: 'Object Repository/Setting - Phone Number/Page_Element 2/button_Continue' is clicked on

2022-01-16 00:28:08 - [TEST_STEP][PASSED] - click(findTestObject("Object Repository/Setting - Phone Number/Page_Element 2/div_Done")): Object: 'Object Repository/Setting - Phone Number/Page_Element 2/div_Done' is clicked on

2022-01-16 00:28:39 - [MESSAGE][PASSED] - Object: 'Object Repository/Setting - Phone Number/Page_Element 2/div_Done' is clicked on

2022-01-16 00:28:39 - [TEST_STEP][PASSED] - click(findTestObject("Object Repository/Setting - Phone Number/Page_Element 2/img_Review_mx_BaseAvatar_image")): Object: 'Object Repository/Setting - Phone Number/Page_Element 2/img_Review_mx_BaseAvatar_image' is clicked on

2022-01-16 00:28:40 - [MESSAGE][PASSED] - Object: 'Object Repository/Setting - Phone Number/Page_Element 2/img_Review_mx_BaseAvatar_image' is clicked on

2022-01-16 00:28:40 - [TEST_STEP][PASSED] - click(findTestObject("Object Repository/Setting - Phone Number/Page_Element 2/span_Security  privacy_mx_IconizedContextMe_38942c")): Object: 'Object Repository/Setting - Phone Number/Page_Element 2/span_Security  privacy_mx_IconizedContextMe_38942c' is clicked on

2022-01-16 00:29:10 - [MESSAGE][PASSED] - Object: 'Object Repository/Setting - Phone Number/Page_Element 2/span_Security  privacy_mx_IconizedContextMe_38942c' is clicked on

2022-01-16 00:29:10 - [TEST_STEP][PASSED] - setText(findTestObject("Object Repository/Setting - Phone Number/Page_Element 2/input__mx_Field_10"), phoneNumber): Text '0909999090' is set on object 'Object Repository/Setting - Phone Number/Page_Element 2/input__mx_Field_10'

2022-01-16 00:30:10 - [MESSAGE][PASSED] - Text '0909999090' is set on object 'Object Repository/Setting - Phone Number/Page_Element 2/input__mx_Field_10'

2022-01-16 00:30:10 - [TEST_STEP][PASSED] - verifyElementClickable(findTestObject("Object Repository/Setting - Phone Number/Page_Element 2/div_Add")): Object 'Object Repository/Setting - Phone Number/Page_Element 2/div_Add' is clickable

2022-01-16 00:30:41 - [MESSAGE][PASSED] - Object 'Object Repository/Setting - Phone Number/Page_Element 2/div_Add' is clickable

2022-01-16 00:30:41 - [TEST_STEP][PASSED] - closeBrowser(): Browser is closed

2022-01-16 00:30:41 - [MESSAGE][PASSED] - Browser is closed]]></system-out>
         <system-err><![CDATA[]]></system-err>
      </testcase>
      <system-out><![CDATA[2022-01-16 00:20:28 - [TEST_SUITE][PASSED] - TC39-40. Setting - PhoneNumber: Test Cases/TC39-40. Setting - Phone Number]]></system-out>
      <system-err><![CDATA[]]></system-err>
   </testsuite>
</testsuites>
