<?xml version="1.0" encoding="UTF-8"?>
<testsuites name="TC21-22. Creating private workspace" time="1128.21" tests="2" failures="0" errors="0">
   <testsuite name="TC21-22. Creating private workspace" tests="2" failures="0" errors="0" time="1128.21" skipped="0" timestamp="2022-01-16 21:29:47" hostname="mixel - 192.168.1.10" id="Test Suites/TC21-22. Creating private workspace">
      <properties>
         <property name="deviceName" value=""/>
         <property name="devicePlatform" value=""/>
         <property name="logFolder" value="/Users/mixel/Documents/Github/Test-Automation-SE-Bonus-Katalon/Reports/20220116_212303/TC21-22. Creating private workspace/20220116_212319"/>
         <property name="logFiles" value="/Users/mixel/Documents/Github/Test-Automation-SE-Bonus-Katalon/Reports/20220116_212303/TC21-22. Creating private workspace/20220116_212319/execution0.log"/>
         <property name="attachments" value=""/>
         <property name="hostName" value="mixel - 192.168.1.10"/>
         <property name="os" value="Mac OS X 64bit"/>
         <property name="katalonVersion" value="8.2.0.208"/>
         <property name="browser" value="Chrome 97.0.4692.71"/>
         <property name="hostAddress" value="192.168.1.10"/>
         <property name="sessionId" value="23ec2176e388f02cdc3752dc6b961d0d"/>
         <property name="seleniumVersion" value="3.141.59"/>
         <property name="proxyInformation" value="ProxyInformation { proxyOption=NO_PROXY, proxyServerType=HTTP, username=, password=********, proxyServerAddress=, proxyServerPort=0, executionList=&quot;&quot;, isApplyToDesiredCapabilities=true }"/>
         <property name="platform" value="Mac OS X"/>
      </properties>
      <testcase name="Test Cases/TC21-22. Create private workspace" time="449.43" classname="Test Cases/TC21-22. Create private workspace" status="PASSED">
         <system-out><![CDATA[2022-01-16 21:29:49 - [TEST_CASE][PASSED] - Test Cases/TC21-22. Create private workspace: Test Cases/TC21-22. Create private workspace

2022-01-16 21:29:51 - [TEST_STEP][PASSED] - openBrowser(""): Browser is opened with url: ''

2022-01-16 21:29:53 - [MESSAGE][INFO] - Starting 'Chrome' driver

2022-01-16 21:29:53 - [MESSAGE][INFO] - Action delay is set to 0 milliseconds

2022-01-16 21:30:39 - [MESSAGE][PASSED] - Browser is opened with url: ''

2022-01-16 21:30:39 - [TEST_STEP][PASSED] - navigateToUrl("http://localhost:8080/#/login"): Navigate to 'http://localhost:8080/#/login' successfully

2022-01-16 21:31:49 - [MESSAGE][PASSED] - Navigate to 'http://localhost:8080/#/login' successfully

2022-01-16 21:31:49 - [TEST_STEP][PASSED] - setText(findTestObject("Object Repository/Creating private workspace/Page_Element/input_Sign in with_username"), "tvminh19"): Text 'tvminh19' is set on object 'Object Repository/Creating private workspace/Page_Element/input_Sign in with_username'

2022-01-16 21:32:22 - [MESSAGE][PASSED] - Text 'tvminh19' is set on object 'Object Repository/Creating private workspace/Page_Element/input_Sign in with_username'

2022-01-16 21:32:22 - [TEST_STEP][PASSED] - setEncryptedText(findTestObject("Object Repository/Creating private workspace/Page_Element/input_Username_password"), "ZMYEqBLXlqKBS+xCxiYvcQ=="): Text ****** has been set on object 'Object Repository/Creating private workspace/Page_Element/input_Username_password'

2022-01-16 21:32:26 - [MESSAGE][PASSED] - Text ****** has been set on object 'Object Repository/Creating private workspace/Page_Element/input_Username_password'

2022-01-16 21:32:26 - [TEST_STEP][PASSED] - click(findTestObject("Object Repository/Creating private workspace/Page_Element/input_Forgot password_mx_Login_submit")): Object: 'Object Repository/Creating private workspace/Page_Element/input_Forgot password_mx_Login_submit' is clicked on

2022-01-16 21:32:30 - [MESSAGE][PASSED] - Object: 'Object Repository/Creating private workspace/Page_Element/input_Forgot password_mx_Login_submit' is clicked on

2022-01-16 21:32:30 - [TEST_STEP][PASSED] - click(findTestObject("Object Repository/Creating private workspace/Page_Element/div_Verify with Security Key")): Object: 'Object Repository/Creating private workspace/Page_Element/div_Verify with Security Key' is clicked on

2022-01-16 21:32:38 - [MESSAGE][PASSED] - Object: 'Object Repository/Creating private workspace/Page_Element/div_Verify with Security Key' is clicked on

2022-01-16 21:32:38 - [TEST_STEP][PASSED] - click(findTestObject("Object Repository/Creating private workspace/Page_Element/h2_Security Key")): Object: 'Object Repository/Creating private workspace/Page_Element/h2_Security Key' is clicked on

2022-01-16 21:32:56 - [MESSAGE][PASSED] - Object: 'Object Repository/Creating private workspace/Page_Element/h2_Security Key' is clicked on

2022-01-16 21:32:56 - [TEST_STEP][PASSED] - setText(findTestObject("Object Repository/Creating private workspace/Page_Element/input_Security Key_mx_Field_4"), "EsTz GjF9 i17E JLpz sfyb e7c5 tV5p wVxd Jh5S uSmg KYJr KDsR"): Text 'EsTz GjF9 i17E JLpz sfyb e7c5 tV5p wVxd Jh5S uSmg KYJr KDsR' is set on object 'Object Repository/Creating private workspace/Page_Element/input_Security Key_mx_Field_4'

2022-01-16 21:33:52 - [MESSAGE][PASSED] - Text 'EsTz GjF9 i17E JLpz sfyb e7c5 tV5p wVxd Jh5S uSmg KYJr KDsR' is set on object 'Object Repository/Creating private workspace/Page_Element/input_Security Key_mx_Field_4'

2022-01-16 21:33:53 - [TEST_STEP][PASSED] - click(findTestObject("Object Repository/Creating private workspace/Page_Element/button_Continue")): Object: 'Object Repository/Creating private workspace/Page_Element/button_Continue' is clicked on

2022-01-16 21:34:27 - [MESSAGE][PASSED] - Object: 'Object Repository/Creating private workspace/Page_Element/button_Continue' is clicked on

2022-01-16 21:34:27 - [TEST_STEP][PASSED] - click(findTestObject("Object Repository/Creating private workspace/Page_Element/div_Done")): Object: 'Object Repository/Creating private workspace/Page_Element/div_Done' is clicked on

2022-01-16 21:35:01 - [MESSAGE][PASSED] - Object: 'Object Repository/Creating private workspace/Page_Element/div_Done' is clicked on

2022-01-16 21:35:01 - [TEST_STEP][PASSED] - click(findTestObject("Object Repository/Creating private workspace/Page_Element/div_Check your devices_mx_SpaceButton_icon")): Object: 'Object Repository/Creating private workspace/Page_Element/div_Check your devices_mx_SpaceButton_icon' is clicked on

2022-01-16 21:35:42 - [MESSAGE][PASSED] - Object: 'Object Repository/Creating private workspace/Page_Element/div_Check your devices_mx_SpaceButton_icon' is clicked on

2022-01-16 21:35:42 - [TEST_STEP][PASSED] - click(findTestObject("Object Repository/Creating private workspace/Page_Element/div_Check your devices_mx_SpaceButton_icon_1")): Object: 'Object Repository/Creating private workspace/Page_Element/div_Check your devices_mx_SpaceButton_icon_1' is clicked on

2022-01-16 21:35:51 - [MESSAGE][PASSED] - Object: 'Object Repository/Creating private workspace/Page_Element/div_Check your devices_mx_SpaceButton_icon_1' is clicked on

2022-01-16 21:35:51 - [TEST_STEP][PASSED] - click(findTestObject("Object Repository/Creating private workspace/Page_Element/div_Check your devices_mx_SpaceButton_icon")): Object: 'Object Repository/Creating private workspace/Page_Element/div_Check your devices_mx_SpaceButton_icon' is clicked on

2022-01-16 21:36:17 - [MESSAGE][PASSED] - Object: 'Object Repository/Creating private workspace/Page_Element/div_Check your devices_mx_SpaceButton_icon' is clicked on

2022-01-16 21:36:18 - [TEST_STEP][PASSED] - click(findTestObject("Object Repository/Creating private workspace/Page_Element/div_PrivateInvite only, best for yourself or teams")): Object: 'Object Repository/Creating private workspace/Page_Element/div_PrivateInvite only, best for yourself or teams' is clicked on

2022-01-16 21:36:29 - [MESSAGE][PASSED] - Object: 'Object Repository/Creating private workspace/Page_Element/div_PrivateInvite only, best for yourself or teams' is clicked on

2022-01-16 21:36:30 - [TEST_STEP][PASSED] - setText(findTestObject("Object Repository/Creating private workspace/Page_Element/input_Upload_spaceName"), ws_name): Text '' is set on object 'Object Repository/Creating private workspace/Page_Element/input_Upload_spaceName'

2022-01-16 21:36:44 - [MESSAGE][PASSED] - Text '' is set on object 'Object Repository/Creating private workspace/Page_Element/input_Upload_spaceName'

2022-01-16 21:36:45 - [TEST_STEP][PASSED] - verifyElementClickable(findTestObject("Object Repository/Creating private workspace/Page_Element/div_Create")): Object 'Object Repository/Creating private workspace/Page_Element/div_Create' is clickable

2022-01-16 21:37:18 - [MESSAGE][PASSED] - Object 'Object Repository/Creating private workspace/Page_Element/div_Create' is clickable]]></system-out>
         <system-err><![CDATA[]]></system-err>
      </testcase>
      <testcase name="Test Cases/TC21-22. Create private workspace" time="676.786" classname="Test Cases/TC21-22. Create private workspace" status="PASSED">
         <system-out><![CDATA[2022-01-16 21:37:19 - [TEST_CASE][PASSED] - Test Cases/TC21-22. Create private workspace: Test Cases/TC21-22. Create private workspace

2022-01-16 21:37:19 - [TEST_STEP][PASSED] - openBrowser(""): Browser is opened with url: ''

2022-01-16 21:37:19 - [MESSAGE][WARNING] - A browser is already opened. Closing browser and opening a new one

2022-01-16 21:37:20 - [MESSAGE][INFO] - Starting 'Chrome' driver

2022-01-16 21:37:20 - [MESSAGE][INFO] - Action delay is set to 0 milliseconds

2022-01-16 21:37:33 - [MESSAGE][PASSED] - Browser is opened with url: ''

2022-01-16 21:37:33 - [TEST_STEP][PASSED] - navigateToUrl("http://localhost:8080/#/login"): Navigate to 'http://localhost:8080/#/login' successfully

2022-01-16 21:37:42 - [MESSAGE][PASSED] - Navigate to 'http://localhost:8080/#/login' successfully

2022-01-16 21:37:42 - [TEST_STEP][PASSED] - setText(findTestObject("Object Repository/Creating private workspace/Page_Element/input_Sign in with_username"), "tvminh19"): Text 'tvminh19' is set on object 'Object Repository/Creating private workspace/Page_Element/input_Sign in with_username'

2022-01-16 21:38:09 - [MESSAGE][PASSED] - Text 'tvminh19' is set on object 'Object Repository/Creating private workspace/Page_Element/input_Sign in with_username'

2022-01-16 21:38:10 - [TEST_STEP][PASSED] - setEncryptedText(findTestObject("Object Repository/Creating private workspace/Page_Element/input_Username_password"), "ZMYEqBLXlqKBS+xCxiYvcQ=="): Text ****** has been set on object 'Object Repository/Creating private workspace/Page_Element/input_Username_password'

2022-01-16 21:38:12 - [MESSAGE][PASSED] - Text ****** has been set on object 'Object Repository/Creating private workspace/Page_Element/input_Username_password'

2022-01-16 21:38:12 - [TEST_STEP][PASSED] - click(findTestObject("Object Repository/Creating private workspace/Page_Element/input_Forgot password_mx_Login_submit")): Object: 'Object Repository/Creating private workspace/Page_Element/input_Forgot password_mx_Login_submit' is clicked on

2022-01-16 21:38:15 - [MESSAGE][PASSED] - Object: 'Object Repository/Creating private workspace/Page_Element/input_Forgot password_mx_Login_submit' is clicked on

2022-01-16 21:38:15 - [TEST_STEP][PASSED] - click(findTestObject("Object Repository/Creating private workspace/Page_Element/div_Verify with Security Key")): Object: 'Object Repository/Creating private workspace/Page_Element/div_Verify with Security Key' is clicked on

2022-01-16 21:38:44 - [MESSAGE][PASSED] - Object: 'Object Repository/Creating private workspace/Page_Element/div_Verify with Security Key' is clicked on

2022-01-16 21:38:44 - [TEST_STEP][PASSED] - click(findTestObject("Object Repository/Creating private workspace/Page_Element/h2_Security Key")): Object: 'Object Repository/Creating private workspace/Page_Element/h2_Security Key' is clicked on

2022-01-16 21:44:12 - [MESSAGE][PASSED] - Object: 'Object Repository/Creating private workspace/Page_Element/h2_Security Key' is clicked on

2022-01-16 21:44:12 - [TEST_STEP][PASSED] - setText(findTestObject("Object Repository/Creating private workspace/Page_Element/input_Security Key_mx_Field_4"), "EsTz GjF9 i17E JLpz sfyb e7c5 tV5p wVxd Jh5S uSmg KYJr KDsR"): Text 'EsTz GjF9 i17E JLpz sfyb e7c5 tV5p wVxd Jh5S uSmg KYJr KDsR' is set on object 'Object Repository/Creating private workspace/Page_Element/input_Security Key_mx_Field_4'

2022-01-16 21:45:05 - [MESSAGE][PASSED] - Text 'EsTz GjF9 i17E JLpz sfyb e7c5 tV5p wVxd Jh5S uSmg KYJr KDsR' is set on object 'Object Repository/Creating private workspace/Page_Element/input_Security Key_mx_Field_4'

2022-01-16 21:45:06 - [TEST_STEP][PASSED] - click(findTestObject("Object Repository/Creating private workspace/Page_Element/button_Continue")): Object: 'Object Repository/Creating private workspace/Page_Element/button_Continue' is clicked on

2022-01-16 21:45:31 - [MESSAGE][PASSED] - Object: 'Object Repository/Creating private workspace/Page_Element/button_Continue' is clicked on

2022-01-16 21:45:31 - [TEST_STEP][PASSED] - click(findTestObject("Object Repository/Creating private workspace/Page_Element/div_Done")): Object: 'Object Repository/Creating private workspace/Page_Element/div_Done' is clicked on

2022-01-16 21:45:51 - [MESSAGE][PASSED] - Object: 'Object Repository/Creating private workspace/Page_Element/div_Done' is clicked on

2022-01-16 21:45:52 - [TEST_STEP][PASSED] - click(findTestObject("Object Repository/Creating private workspace/Page_Element/div_Check your devices_mx_SpaceButton_icon")): Object: 'Object Repository/Creating private workspace/Page_Element/div_Check your devices_mx_SpaceButton_icon' is clicked on

2022-01-16 21:46:24 - [MESSAGE][PASSED] - Object: 'Object Repository/Creating private workspace/Page_Element/div_Check your devices_mx_SpaceButton_icon' is clicked on

2022-01-16 21:46:26 - [TEST_STEP][PASSED] - click(findTestObject("Object Repository/Creating private workspace/Page_Element/div_Check your devices_mx_SpaceButton_icon_1")): Object: 'Object Repository/Creating private workspace/Page_Element/div_Check your devices_mx_SpaceButton_icon_1' is clicked on

2022-01-16 21:47:01 - [MESSAGE][PASSED] - Object: 'Object Repository/Creating private workspace/Page_Element/div_Check your devices_mx_SpaceButton_icon_1' is clicked on

2022-01-16 21:47:01 - [TEST_STEP][PASSED] - click(findTestObject("Object Repository/Creating private workspace/Page_Element/div_Check your devices_mx_SpaceButton_icon")): Object: 'Object Repository/Creating private workspace/Page_Element/div_Check your devices_mx_SpaceButton_icon' is clicked on

2022-01-16 21:47:05 - [MESSAGE][PASSED] - Object: 'Object Repository/Creating private workspace/Page_Element/div_Check your devices_mx_SpaceButton_icon' is clicked on

2022-01-16 21:47:06 - [TEST_STEP][PASSED] - click(findTestObject("Object Repository/Creating private workspace/Page_Element/div_PrivateInvite only, best for yourself or teams")): Object: 'Object Repository/Creating private workspace/Page_Element/div_PrivateInvite only, best for yourself or teams' is clicked on

2022-01-16 21:47:38 - [MESSAGE][PASSED] - Object: 'Object Repository/Creating private workspace/Page_Element/div_PrivateInvite only, best for yourself or teams' is clicked on

2022-01-16 21:47:38 - [TEST_STEP][PASSED] - setText(findTestObject("Object Repository/Creating private workspace/Page_Element/input_Upload_spaceName"), ws_name): Text 'Myprivatespace' is set on object 'Object Repository/Creating private workspace/Page_Element/input_Upload_spaceName'

2022-01-16 21:48:18 - [MESSAGE][PASSED] - Text 'Myprivatespace' is set on object 'Object Repository/Creating private workspace/Page_Element/input_Upload_spaceName'

2022-01-16 21:48:21 - [TEST_STEP][PASSED] - verifyElementClickable(findTestObject("Object Repository/Creating private workspace/Page_Element/div_Create")): Object 'Object Repository/Creating private workspace/Page_Element/div_Create' is clickable

2022-01-16 21:48:35 - [MESSAGE][PASSED] - Object 'Object Repository/Creating private workspace/Page_Element/div_Create' is clickable]]></system-out>
         <system-err><![CDATA[]]></system-err>
      </testcase>
      <system-out><![CDATA[2022-01-16 21:29:47 - [TEST_SUITE][PASSED] - TC21-22. Creating private workspace: Test Cases/TC21-22. Create private workspace]]></system-out>
      <system-err><![CDATA[]]></system-err>
   </testsuite>
</testsuites>
