<?xml version="1.0" encoding="UTF-8"?>
<testsuites name="TC39-40. Setting - PhoneNumber" time="1246.589" tests="2" failures="0" errors="0">
   <testsuite name="TC39-40. Setting - PhoneNumber" tests="2" failures="0" errors="0" time="1246.589" skipped="0" timestamp="2022-01-16 21:50:18" hostname="mixel - 192.168.1.10" id="Test Suites/TC39-40. Setting - PhoneNumber">
      <properties>
         <property name="deviceName" value=""/>
         <property name="devicePlatform" value=""/>
         <property name="logFolder" value="/Users/mixel/Documents/Github/Test-Automation-SE-Bonus-Katalon/Reports/20220116_212303/TC39-40. Setting - PhoneNumber/20220116_212329"/>
         <property name="logFiles" value="/Users/mixel/Documents/Github/Test-Automation-SE-Bonus-Katalon/Reports/20220116_212303/TC39-40. Setting - PhoneNumber/20220116_212329/execution0.log"/>
         <property name="attachments" value=""/>
         <property name="hostName" value="mixel - 192.168.1.10"/>
         <property name="os" value="Mac OS X 64bit"/>
         <property name="katalonVersion" value="8.2.0.208"/>
         <property name="browser" value="Chrome 97.0.4692.71"/>
         <property name="hostAddress" value="192.168.1.10"/>
         <property name="sessionId" value="f90f5da5e75f82a9cf750d188ff91502"/>
         <property name="seleniumVersion" value="3.141.59"/>
         <property name="proxyInformation" value="ProxyInformation { proxyOption=NO_PROXY, proxyServerType=HTTP, username=, password=********, proxyServerAddress=, proxyServerPort=0, executionList=&quot;&quot;, isApplyToDesiredCapabilities=true }"/>
         <property name="platform" value="Mac OS X"/>
      </properties>
      <testcase name="Test Cases/TC39-40. Setting - Phone Number" time="641.586" classname="Test Cases/TC39-40. Setting - Phone Number" status="PASSED">
         <system-out><![CDATA[2022-01-16 21:50:21 - [TEST_CASE][PASSED] - Test Cases/TC39-40. Setting - Phone Number: Test Cases/TC39-40. Setting - Phone Number

2022-01-16 21:50:22 - [TEST_STEP][PASSED] - openBrowser(""): Browser is opened with url: ''

2022-01-16 21:50:24 - [MESSAGE][INFO] - Starting 'Chrome' driver

2022-01-16 21:50:24 - [MESSAGE][INFO] - Action delay is set to 0 milliseconds

2022-01-16 21:50:47 - [MESSAGE][PASSED] - Browser is opened with url: ''

2022-01-16 21:50:48 - [TEST_STEP][PASSED] - navigateToUrl("http://localhost:8080/#/login"): Navigate to 'http://localhost:8080/#/login' successfully

2022-01-16 21:50:55 - [MESSAGE][PASSED] - Navigate to 'http://localhost:8080/#/login' successfully

2022-01-16 21:50:55 - [TEST_STEP][PASSED] - setText(findTestObject("Object Repository/Setting - Phone Number/Page_Element/input_Sign in with_username"), "nctai"): Text 'nctai' is set on object 'Object Repository/Setting - Phone Number/Page_Element/input_Sign in with_username'

2022-01-16 21:51:27 - [MESSAGE][PASSED] - Text 'nctai' is set on object 'Object Repository/Setting - Phone Number/Page_Element/input_Sign in with_username'

2022-01-16 21:51:27 - [TEST_STEP][PASSED] - setEncryptedText(findTestObject("Object Repository/Setting - Phone Number/Page_Element/input_Username_password"), "EkCegUu2cCIeOttlbhr1Gg=="): Text ****** has been set on object 'Object Repository/Setting - Phone Number/Page_Element/input_Username_password'

2022-01-16 21:51:33 - [MESSAGE][PASSED] - Text ****** has been set on object 'Object Repository/Setting - Phone Number/Page_Element/input_Username_password'

2022-01-16 21:51:34 - [TEST_STEP][PASSED] - click(findTestObject("Object Repository/Setting - Phone Number/Page_Element/input_Forgot password_mx_Login_submit")): Object: 'Object Repository/Setting - Phone Number/Page_Element/input_Forgot password_mx_Login_submit' is clicked on

2022-01-16 21:51:37 - [MESSAGE][PASSED] - Object: 'Object Repository/Setting - Phone Number/Page_Element/input_Forgot password_mx_Login_submit' is clicked on

2022-01-16 21:51:37 - [TEST_STEP][PASSED] - click(findTestObject("Object Repository/Setting - Phone Number/Page_Element 2/div_Verify with Security Key or Phrase")): Object: 'Object Repository/Setting - Phone Number/Page_Element 2/div_Verify with Security Key or Phrase' is clicked on

2022-01-16 21:52:08 - [MESSAGE][PASSED] - Object: 'Object Repository/Setting - Phone Number/Page_Element 2/div_Verify with Security Key or Phrase' is clicked on

2022-01-16 21:52:08 - [TEST_STEP][PASSED] - click(findTestObject("Object Repository/Setting - Phone Number/Page_Element 2/div_Security Phrase")): Object: 'Object Repository/Setting - Phone Number/Page_Element 2/div_Security Phrase' is clicked on

2022-01-16 21:52:39 - [MESSAGE][PASSED] - Object: 'Object Repository/Setting - Phone Number/Page_Element 2/div_Security Phrase' is clicked on

2022-01-16 21:52:39 - [TEST_STEP][PASSED] - setEncryptedText(findTestObject("Object Repository/Setting - Phone Number/Page_Element 2/input_use your Security Key_mx_passPhraseInput"), "reV6H350bXVA0kTbjZFhCPXAh4FFL4It6typrKizvxSyJdUn2mpvZeL5nXz6yBWwF/LIkIubCxLuDiWR7yvugw=="): Text ****** has been set on object 'Object Repository/Setting - Phone Number/Page_Element 2/input_use your Security Key_mx_passPhraseInput'

2022-01-16 21:53:06 - [MESSAGE][PASSED] - Text ****** has been set on object 'Object Repository/Setting - Phone Number/Page_Element 2/input_use your Security Key_mx_passPhraseInput'

2022-01-16 21:53:08 - [TEST_STEP][PASSED] - click(findTestObject("Object Repository/Setting - Phone Number/Page_Element 2/button_Continue")): Object: 'Object Repository/Setting - Phone Number/Page_Element 2/button_Continue' is clicked on

2022-01-16 21:53:31 - [MESSAGE][PASSED] - Object: 'Object Repository/Setting - Phone Number/Page_Element 2/button_Continue' is clicked on

2022-01-16 21:53:31 - [TEST_STEP][PASSED] - click(findTestObject("Object Repository/Setting - Phone Number/Page_Element 2/div_Done")): Object: 'Object Repository/Setting - Phone Number/Page_Element 2/div_Done' is clicked on

2022-01-16 21:53:47 - [MESSAGE][PASSED] - Object: 'Object Repository/Setting - Phone Number/Page_Element 2/div_Done' is clicked on

2022-01-16 21:53:48 - [TEST_STEP][PASSED] - click(findTestObject("Object Repository/Setting - Phone Number/Page_Element 2/img_Review_mx_BaseAvatar_image")): Object: 'Object Repository/Setting - Phone Number/Page_Element 2/img_Review_mx_BaseAvatar_image' is clicked on

2022-01-16 21:53:56 - [MESSAGE][PASSED] - Object: 'Object Repository/Setting - Phone Number/Page_Element 2/img_Review_mx_BaseAvatar_image' is clicked on

2022-01-16 21:53:57 - [TEST_STEP][PASSED] - click(findTestObject("Object Repository/Setting - Phone Number/Page_Element 2/span_Security  privacy_mx_IconizedContextMe_38942c")): Object: 'Object Repository/Setting - Phone Number/Page_Element 2/span_Security  privacy_mx_IconizedContextMe_38942c' is clicked on

2022-01-16 21:54:32 - [MESSAGE][PASSED] - Object: 'Object Repository/Setting - Phone Number/Page_Element 2/span_Security  privacy_mx_IconizedContextMe_38942c' is clicked on

2022-01-16 21:54:32 - [TEST_STEP][PASSED] - setText(findTestObject("Object Repository/Setting - Phone Number/Page_Element 2/input__mx_Field_10"), phoneNumber): Text 'abcdcasdfasdf' is set on object 'Object Repository/Setting - Phone Number/Page_Element 2/input__mx_Field_10'

2022-01-16 22:00:29 - [MESSAGE][PASSED] - Text 'abcdcasdfasdf' is set on object 'Object Repository/Setting - Phone Number/Page_Element 2/input__mx_Field_10'

2022-01-16 22:00:29 - [TEST_STEP][PASSED] - verifyElementClickable(findTestObject("Object Repository/Setting - Phone Number/Page_Element 2/div_Add")): Object 'Object Repository/Setting - Phone Number/Page_Element 2/div_Add' is clickable

2022-01-16 22:01:02 - [MESSAGE][PASSED] - Object 'Object Repository/Setting - Phone Number/Page_Element 2/div_Add' is clickable

2022-01-16 22:01:02 - [TEST_STEP][PASSED] - closeBrowser(): Browser is closed

2022-01-16 22:01:03 - [MESSAGE][PASSED] - Browser is closed]]></system-out>
         <system-err><![CDATA[]]></system-err>
      </testcase>
      <testcase name="Test Cases/TC39-40. Setting - Phone Number" time="601.545" classname="Test Cases/TC39-40. Setting - Phone Number" status="PASSED">
         <system-out><![CDATA[2022-01-16 22:01:03 - [TEST_CASE][PASSED] - Test Cases/TC39-40. Setting - Phone Number: Test Cases/TC39-40. Setting - Phone Number

2022-01-16 22:01:03 - [TEST_STEP][PASSED] - openBrowser(""): Browser is opened with url: ''

2022-01-16 22:01:04 - [MESSAGE][INFO] - Starting 'Chrome' driver

2022-01-16 22:01:04 - [MESSAGE][INFO] - Action delay is set to 0 milliseconds

2022-01-16 22:06:26 - [MESSAGE][PASSED] - Browser is opened with url: ''

2022-01-16 22:06:26 - [TEST_STEP][PASSED] - navigateToUrl("http://localhost:8080/#/login"): Navigate to 'http://localhost:8080/#/login' successfully

2022-01-16 22:06:32 - [MESSAGE][PASSED] - Navigate to 'http://localhost:8080/#/login' successfully

2022-01-16 22:06:32 - [TEST_STEP][PASSED] - setText(findTestObject("Object Repository/Setting - Phone Number/Page_Element/input_Sign in with_username"), "nctai"): Text 'nctai' is set on object 'Object Repository/Setting - Phone Number/Page_Element/input_Sign in with_username'

2022-01-16 22:06:57 - [MESSAGE][PASSED] - Text 'nctai' is set on object 'Object Repository/Setting - Phone Number/Page_Element/input_Sign in with_username'

2022-01-16 22:06:58 - [TEST_STEP][PASSED] - setEncryptedText(findTestObject("Object Repository/Setting - Phone Number/Page_Element/input_Username_password"), "EkCegUu2cCIeOttlbhr1Gg=="): Text ****** has been set on object 'Object Repository/Setting - Phone Number/Page_Element/input_Username_password'

2022-01-16 22:07:00 - [MESSAGE][PASSED] - Text ****** has been set on object 'Object Repository/Setting - Phone Number/Page_Element/input_Username_password'

2022-01-16 22:07:00 - [TEST_STEP][PASSED] - click(findTestObject("Object Repository/Setting - Phone Number/Page_Element/input_Forgot password_mx_Login_submit")): Object: 'Object Repository/Setting - Phone Number/Page_Element/input_Forgot password_mx_Login_submit' is clicked on

2022-01-16 22:07:02 - [MESSAGE][PASSED] - Object: 'Object Repository/Setting - Phone Number/Page_Element/input_Forgot password_mx_Login_submit' is clicked on

2022-01-16 22:07:02 - [TEST_STEP][PASSED] - click(findTestObject("Object Repository/Setting - Phone Number/Page_Element 2/div_Verify with Security Key or Phrase")): Object: 'Object Repository/Setting - Phone Number/Page_Element 2/div_Verify with Security Key or Phrase' is clicked on

2022-01-16 22:07:55 - [MESSAGE][PASSED] - Object: 'Object Repository/Setting - Phone Number/Page_Element 2/div_Verify with Security Key or Phrase' is clicked on

2022-01-16 22:07:56 - [TEST_STEP][PASSED] - click(findTestObject("Object Repository/Setting - Phone Number/Page_Element 2/div_Security Phrase")): Object: 'Object Repository/Setting - Phone Number/Page_Element 2/div_Security Phrase' is clicked on

2022-01-16 22:08:27 - [MESSAGE][PASSED] - Object: 'Object Repository/Setting - Phone Number/Page_Element 2/div_Security Phrase' is clicked on

2022-01-16 22:08:27 - [TEST_STEP][PASSED] - setEncryptedText(findTestObject("Object Repository/Setting - Phone Number/Page_Element 2/input_use your Security Key_mx_passPhraseInput"), "reV6H350bXVA0kTbjZFhCPXAh4FFL4It6typrKizvxSyJdUn2mpvZeL5nXz6yBWwF/LIkIubCxLuDiWR7yvugw=="): Text ****** has been set on object 'Object Repository/Setting - Phone Number/Page_Element 2/input_use your Security Key_mx_passPhraseInput'

2022-01-16 22:08:59 - [MESSAGE][PASSED] - Text ****** has been set on object 'Object Repository/Setting - Phone Number/Page_Element 2/input_use your Security Key_mx_passPhraseInput'

2022-01-16 22:08:59 - [TEST_STEP][PASSED] - click(findTestObject("Object Repository/Setting - Phone Number/Page_Element 2/button_Continue")): Object: 'Object Repository/Setting - Phone Number/Page_Element 2/button_Continue' is clicked on

2022-01-16 22:09:13 - [MESSAGE][PASSED] - Object: 'Object Repository/Setting - Phone Number/Page_Element 2/button_Continue' is clicked on

2022-01-16 22:09:13 - [TEST_STEP][PASSED] - click(findTestObject("Object Repository/Setting - Phone Number/Page_Element 2/div_Done")): Object: 'Object Repository/Setting - Phone Number/Page_Element 2/div_Done' is clicked on

2022-01-16 22:09:32 - [MESSAGE][PASSED] - Object: 'Object Repository/Setting - Phone Number/Page_Element 2/div_Done' is clicked on

2022-01-16 22:09:32 - [TEST_STEP][PASSED] - click(findTestObject("Object Repository/Setting - Phone Number/Page_Element 2/img_Review_mx_BaseAvatar_image")): Object: 'Object Repository/Setting - Phone Number/Page_Element 2/img_Review_mx_BaseAvatar_image' is clicked on

2022-01-16 22:10:03 - [MESSAGE][PASSED] - Object: 'Object Repository/Setting - Phone Number/Page_Element 2/img_Review_mx_BaseAvatar_image' is clicked on

2022-01-16 22:10:03 - [TEST_STEP][PASSED] - click(findTestObject("Object Repository/Setting - Phone Number/Page_Element 2/span_Security  privacy_mx_IconizedContextMe_38942c")): Object: 'Object Repository/Setting - Phone Number/Page_Element 2/span_Security  privacy_mx_IconizedContextMe_38942c' is clicked on

2022-01-16 22:10:35 - [MESSAGE][PASSED] - Object: 'Object Repository/Setting - Phone Number/Page_Element 2/span_Security  privacy_mx_IconizedContextMe_38942c' is clicked on

2022-01-16 22:10:35 - [TEST_STEP][PASSED] - setText(findTestObject("Object Repository/Setting - Phone Number/Page_Element 2/input__mx_Field_10"), phoneNumber): Text '0909999090' is set on object 'Object Repository/Setting - Phone Number/Page_Element 2/input__mx_Field_10'

2022-01-16 22:11:04 - [MESSAGE][PASSED] - Text '0909999090' is set on object 'Object Repository/Setting - Phone Number/Page_Element 2/input__mx_Field_10'

2022-01-16 22:11:04 - [TEST_STEP][PASSED] - verifyElementClickable(findTestObject("Object Repository/Setting - Phone Number/Page_Element 2/div_Add")): Object 'Object Repository/Setting - Phone Number/Page_Element 2/div_Add' is clickable

2022-01-16 22:11:04 - [MESSAGE][PASSED] - Object 'Object Repository/Setting - Phone Number/Page_Element 2/div_Add' is clickable

2022-01-16 22:11:04 - [TEST_STEP][PASSED] - closeBrowser(): Browser is closed

2022-01-16 22:11:05 - [MESSAGE][PASSED] - Browser is closed]]></system-out>
         <system-err><![CDATA[]]></system-err>
      </testcase>
      <system-out><![CDATA[2022-01-16 21:50:18 - [TEST_SUITE][PASSED] - TC39-40. Setting - PhoneNumber: Test Cases/TC39-40. Setting - Phone Number]]></system-out>
      <system-err><![CDATA[]]></system-err>
   </testsuite>
</testsuites>
