<?xml version="1.0" encoding="UTF-8"?>
<testsuites name="TC13-15. Test Security Key" time="576.827" tests="3" failures="0" errors="0">
   <testsuite name="TC13-15. Test Security Key" tests="3" failures="0" errors="0" time="576.827" skipped="0" timestamp="2022-01-16 23:05:40" hostname="Dell T5810 - T5810.mshome.net" id="Test Suites/TC13-15. Test Security Key">
      <properties>
         <property name="deviceName" value=""/>
         <property name="devicePlatform" value=""/>
         <property name="logFolder" value="D:\\Personal\\University\\3rd_year\\1st_term\\CS300_SoftwareEngineering x\\BONUS\\Test-Automation-SE-Bonus-Katalon\\Reports\\20220116_230421\\TC13-15. Test Security Key\\20220116_230431"/>
         <property name="logFiles" value="D:\\Personal\\University\\3rd_year\\1st_term\\CS300_SoftwareEngineering x\\BONUS\\Test-Automation-SE-Bonus-Katalon\\Reports\\20220116_230421\\TC13-15. Test Security Key\\20220116_230431\\execution0.log"/>
         <property name="attachments" value=""/>
         <property name="hostName" value="Dell T5810 - T5810.mshome.net"/>
         <property name="os" value="Windows 10 64bit"/>
         <property name="katalonVersion" value="8.2.0.208"/>
         <property name="browser" value="Chrome 97.0.4692.71"/>
         <property name="hostAddress" value="172.17.142.97"/>
         <property name="sessionId" value="4bacb66ce782bb1d175ec190121e2941"/>
         <property name="seleniumVersion" value="3.141.59"/>
         <property name="proxyInformation" value="ProxyInformation { proxyOption=NO_PROXY, proxyServerType=HTTP, username=, password=********, proxyServerAddress=, proxyServerPort=0, executionList=&quot;&quot;, isApplyToDesiredCapabilities=true }"/>
         <property name="platform" value="Windows 10"/>
      </properties>
      <testcase name="Test Cases/TC13-15. Test Security Key" time="151.189" classname="Test Cases/TC13-15. Test Security Key" status="PASSED">
         <system-out><![CDATA[2022-01-16 23:05:41 - [TEST_CASE][PASSED] - Test Cases/TC13-15. Test Security Key: Test Cases/TC13-15. Test Security Key

2022-01-16 23:05:42 - [TEST_STEP][PASSED] - openBrowser(""): Browser is opened with url: ''

2022-01-16 23:05:43 - [MESSAGE][INFO] - Starting 'Chrome' driver

2022-01-16 23:05:43 - [MESSAGE][INFO] - Action delay is set to 0 milliseconds

2022-01-16 23:05:47 - [MESSAGE][PASSED] - Browser is opened with url: ''

2022-01-16 23:05:47 - [TEST_STEP][PASSED] - navigateToUrl("http://localhost:8080/#/login"): Navigate to 'http://localhost:8080/#/login' successfully

2022-01-16 23:05:52 - [MESSAGE][PASSED] - Navigate to 'http://localhost:8080/#/login' successfully

2022-01-16 23:05:52 - [TEST_STEP][PASSED] - setText(findTestObject("Join From Explore Room/Page_Element/input_Sign in with_username"), username): Text 'nctai' is set on object 'Object Repository/Join From Explore Room/Page_Element/input_Sign in with_username'

2022-01-16 23:05:59 - [MESSAGE][PASSED] - Text 'nctai' is set on object 'Object Repository/Join From Explore Room/Page_Element/input_Sign in with_username'

2022-01-16 23:05:59 - [TEST_STEP][PASSED] - setText(findTestObject("Join From Explore Room/Page_Element/input_Username_password"), password): Text 'Congtai123' is set on object 'Object Repository/Join From Explore Room/Page_Element/input_Username_password'

2022-01-16 23:06:01 - [MESSAGE][PASSED] - Text 'Congtai123' is set on object 'Object Repository/Join From Explore Room/Page_Element/input_Username_password'

2022-01-16 23:06:01 - [TEST_STEP][PASSED] - click(findTestObject("Join From Explore Room/Page_Element/input_Forgot password_mx_Login_submit")): Object: 'Object Repository/Join From Explore Room/Page_Element/input_Forgot password_mx_Login_submit' is clicked on

2022-01-16 23:06:04 - [MESSAGE][PASSED] - Object: 'Object Repository/Join From Explore Room/Page_Element/input_Forgot password_mx_Login_submit' is clicked on

2022-01-16 23:06:04 - [TEST_STEP][PASSED] - click(findTestObject("Join From Explore Room/Page_Element/div_Verify this deviceVerify your identity _2e2358")): Object: 'Object Repository/Join From Explore Room/Page_Element/div_Verify this deviceVerify your identity _2e2358' is clicked on

2022-01-16 23:06:08 - [MESSAGE][PASSED] - Object: 'Object Repository/Join From Explore Room/Page_Element/div_Verify this deviceVerify your identity _2e2358' is clicked on

2022-01-16 23:06:08 - [TEST_STEP][PASSED] - click(findTestObject("Join From Explore Room/Page_Element/div_Verify with Security Key or Phrase")): Object: 'Object Repository/Join From Explore Room/Page_Element/div_Verify with Security Key or Phrase' is clicked on

2022-01-16 23:06:40 - [MESSAGE][PASSED] - Object: 'Object Repository/Join From Explore Room/Page_Element/div_Verify with Security Key or Phrase' is clicked on

2022-01-16 23:06:40 - [TEST_STEP][PASSED] - setText(findTestObject("Join From Explore Room/Page_Element/input_use your Security Key_mx_passPhraseInput"), securitykey): Text 'EsTB cL3a hPhQ ZaW1 Wq8P YQdB XTbC t7ng 7GEX dVYc LzPw f84Z' is set on object 'Object Repository/Join From Explore Room/Page_Element/input_use your Security Key_mx_passPhraseInput'

2022-01-16 23:07:41 - [MESSAGE][PASSED] - Text 'EsTB cL3a hPhQ ZaW1 Wq8P YQdB XTbC t7ng 7GEX dVYc LzPw f84Z' is set on object 'Object Repository/Join From Explore Room/Page_Element/input_use your Security Key_mx_passPhraseInput'

2022-01-16 23:07:41 - [TEST_STEP][PASSED] - verifyElementClickable(findTestObject("Join From Explore Room/Page_Element/button_Continue")): Object 'Object Repository/Join From Explore Room/Page_Element/button_Continue' is clickable

2022-01-16 23:08:11 - [MESSAGE][PASSED] - Object 'Object Repository/Join From Explore Room/Page_Element/button_Continue' is clickable

2022-01-16 23:08:11 - [TEST_STEP][PASSED] - closeBrowser(): Browser is closed

2022-01-16 23:08:12 - [MESSAGE][PASSED] - Browser is closed]]></system-out>
         <system-err><![CDATA[]]></system-err>
      </testcase>
      <testcase name="Test Cases/TC13-15. Test Security Key" time="307.289" classname="Test Cases/TC13-15. Test Security Key" status="PASSED">
         <system-out><![CDATA[2022-01-16 23:08:12 - [TEST_CASE][PASSED] - Test Cases/TC13-15. Test Security Key: Test Cases/TC13-15. Test Security Key

2022-01-16 23:08:12 - [TEST_STEP][PASSED] - openBrowser(""): Browser is opened with url: ''

2022-01-16 23:08:12 - [MESSAGE][INFO] - Starting 'Chrome' driver

2022-01-16 23:08:12 - [MESSAGE][INFO] - Action delay is set to 0 milliseconds

2022-01-16 23:08:13 - [MESSAGE][PASSED] - Browser is opened with url: ''

2022-01-16 23:08:13 - [TEST_STEP][PASSED] - navigateToUrl("http://localhost:8080/#/login"): Navigate to 'http://localhost:8080/#/login' successfully

2022-01-16 23:08:15 - [MESSAGE][PASSED] - Navigate to 'http://localhost:8080/#/login' successfully

2022-01-16 23:08:15 - [TEST_STEP][PASSED] - setText(findTestObject("Join From Explore Room/Page_Element/input_Sign in with_username"), username): Text 'nctai' is set on object 'Object Repository/Join From Explore Room/Page_Element/input_Sign in with_username'

2022-01-16 23:09:16 - [MESSAGE][PASSED] - Text 'nctai' is set on object 'Object Repository/Join From Explore Room/Page_Element/input_Sign in with_username'

2022-01-16 23:09:16 - [TEST_STEP][PASSED] - setText(findTestObject("Join From Explore Room/Page_Element/input_Username_password"), password): Text 'Congtai123' is set on object 'Object Repository/Join From Explore Room/Page_Element/input_Username_password'

2022-01-16 23:10:17 - [MESSAGE][PASSED] - Text 'Congtai123' is set on object 'Object Repository/Join From Explore Room/Page_Element/input_Username_password'

2022-01-16 23:10:17 - [TEST_STEP][PASSED] - click(findTestObject("Join From Explore Room/Page_Element/input_Forgot password_mx_Login_submit")): Object: 'Object Repository/Join From Explore Room/Page_Element/input_Forgot password_mx_Login_submit' is clicked on

2022-01-16 23:10:47 - [MESSAGE][PASSED] - Object: 'Object Repository/Join From Explore Room/Page_Element/input_Forgot password_mx_Login_submit' is clicked on

2022-01-16 23:10:47 - [TEST_STEP][PASSED] - click(findTestObject("Join From Explore Room/Page_Element/div_Verify this deviceVerify your identity _2e2358")): Object: 'Object Repository/Join From Explore Room/Page_Element/div_Verify this deviceVerify your identity _2e2358' is clicked on

2022-01-16 23:11:17 - [MESSAGE][PASSED] - Object: 'Object Repository/Join From Explore Room/Page_Element/div_Verify this deviceVerify your identity _2e2358' is clicked on

2022-01-16 23:11:17 - [TEST_STEP][PASSED] - click(findTestObject("Join From Explore Room/Page_Element/div_Verify with Security Key or Phrase")): Object: 'Object Repository/Join From Explore Room/Page_Element/div_Verify with Security Key or Phrase' is clicked on

2022-01-16 23:11:48 - [MESSAGE][PASSED] - Object: 'Object Repository/Join From Explore Room/Page_Element/div_Verify with Security Key or Phrase' is clicked on

2022-01-16 23:11:48 - [TEST_STEP][PASSED] - setText(findTestObject("Join From Explore Room/Page_Element/input_use your Security Key_mx_passPhraseInput"), securitykey): Text 'ռɢʊʏɛռȶɦǟռɦɖǟȶ' is set on object 'Object Repository/Join From Explore Room/Page_Element/input_use your Security Key_mx_passPhraseInput'

2022-01-16 23:12:48 - [MESSAGE][PASSED] - Text 'ռɢʊʏɛռȶɦǟռɦɖǟȶ' is set on object 'Object Repository/Join From Explore Room/Page_Element/input_use your Security Key_mx_passPhraseInput'

2022-01-16 23:12:48 - [TEST_STEP][PASSED] - verifyElementClickable(findTestObject("Join From Explore Room/Page_Element/button_Continue")): Object 'Object Repository/Join From Explore Room/Page_Element/button_Continue' is clickable

2022-01-16 23:13:18 - [MESSAGE][PASSED] - Object 'Object Repository/Join From Explore Room/Page_Element/button_Continue' is clickable

2022-01-16 23:13:18 - [TEST_STEP][PASSED] - closeBrowser(): Browser is closed

2022-01-16 23:13:20 - [MESSAGE][PASSED] - Browser is closed]]></system-out>
         <system-err><![CDATA[]]></system-err>
      </testcase>
      <testcase name="Test Cases/TC13-15. Test Security Key" time="116.786" classname="Test Cases/TC13-15. Test Security Key" status="PASSED">
         <system-out><![CDATA[2022-01-16 23:13:20 - [TEST_CASE][PASSED] - Test Cases/TC13-15. Test Security Key: Test Cases/TC13-15. Test Security Key

2022-01-16 23:13:20 - [TEST_STEP][PASSED] - openBrowser(""): Browser is opened with url: ''

2022-01-16 23:13:20 - [MESSAGE][INFO] - Starting 'Chrome' driver

2022-01-16 23:13:20 - [MESSAGE][INFO] - Action delay is set to 0 milliseconds

2022-01-16 23:13:21 - [MESSAGE][PASSED] - Browser is opened with url: ''

2022-01-16 23:13:21 - [TEST_STEP][PASSED] - navigateToUrl("http://localhost:8080/#/login"): Navigate to 'http://localhost:8080/#/login' successfully

2022-01-16 23:13:24 - [MESSAGE][PASSED] - Navigate to 'http://localhost:8080/#/login' successfully

2022-01-16 23:13:24 - [TEST_STEP][PASSED] - setText(findTestObject("Join From Explore Room/Page_Element/input_Sign in with_username"), username): Text 'nctai' is set on object 'Object Repository/Join From Explore Room/Page_Element/input_Sign in with_username'

2022-01-16 23:13:28 - [MESSAGE][PASSED] - Text 'nctai' is set on object 'Object Repository/Join From Explore Room/Page_Element/input_Sign in with_username'

2022-01-16 23:13:28 - [TEST_STEP][PASSED] - setText(findTestObject("Join From Explore Room/Page_Element/input_Username_password"), password): Text 'Congtai123' is set on object 'Object Repository/Join From Explore Room/Page_Element/input_Username_password'

2022-01-16 23:13:29 - [MESSAGE][PASSED] - Text 'Congtai123' is set on object 'Object Repository/Join From Explore Room/Page_Element/input_Username_password'

2022-01-16 23:13:29 - [TEST_STEP][PASSED] - click(findTestObject("Join From Explore Room/Page_Element/input_Forgot password_mx_Login_submit")): Object: 'Object Repository/Join From Explore Room/Page_Element/input_Forgot password_mx_Login_submit' is clicked on

2022-01-16 23:13:30 - [MESSAGE][PASSED] - Object: 'Object Repository/Join From Explore Room/Page_Element/input_Forgot password_mx_Login_submit' is clicked on

2022-01-16 23:13:30 - [TEST_STEP][PASSED] - click(findTestObject("Join From Explore Room/Page_Element/div_Verify this deviceVerify your identity _2e2358")): Object: 'Object Repository/Join From Explore Room/Page_Element/div_Verify this deviceVerify your identity _2e2358' is clicked on

2022-01-16 23:13:32 - [MESSAGE][PASSED] - Object: 'Object Repository/Join From Explore Room/Page_Element/div_Verify this deviceVerify your identity _2e2358' is clicked on

2022-01-16 23:13:32 - [TEST_STEP][PASSED] - click(findTestObject("Join From Explore Room/Page_Element/div_Verify with Security Key or Phrase")): Object: 'Object Repository/Join From Explore Room/Page_Element/div_Verify with Security Key or Phrase' is clicked on

2022-01-16 23:14:02 - [MESSAGE][PASSED] - Object: 'Object Repository/Join From Explore Room/Page_Element/div_Verify with Security Key or Phrase' is clicked on

2022-01-16 23:14:02 - [TEST_STEP][PASSED] - setText(findTestObject("Join From Explore Room/Page_Element/input_use your Security Key_mx_passPhraseInput"), securitykey): Text 'asflasdjflkc' is set on object 'Object Repository/Join From Explore Room/Page_Element/input_use your Security Key_mx_passPhraseInput'

2022-01-16 23:14:45 - [MESSAGE][PASSED] - Text 'asflasdjflkc' is set on object 'Object Repository/Join From Explore Room/Page_Element/input_use your Security Key_mx_passPhraseInput'

2022-01-16 23:14:45 - [TEST_STEP][PASSED] - verifyElementClickable(findTestObject("Join From Explore Room/Page_Element/button_Continue")): Object 'Object Repository/Join From Explore Room/Page_Element/button_Continue' is clickable

2022-01-16 23:15:16 - [MESSAGE][PASSED] - Object 'Object Repository/Join From Explore Room/Page_Element/button_Continue' is clickable

2022-01-16 23:15:16 - [TEST_STEP][PASSED] - closeBrowser(): Browser is closed

2022-01-16 23:15:16 - [MESSAGE][PASSED] - Browser is closed]]></system-out>
         <system-err><![CDATA[]]></system-err>
      </testcase>
      <system-out><![CDATA[2022-01-16 23:05:40 - [TEST_SUITE][PASSED] - TC13-15. Test Security Key: Test Cases/TC13-15. Test Security Key]]></system-out>
      <system-err><![CDATA[]]></system-err>
   </testsuite>
</testsuites>
