<?xml version="1.0" encoding="UTF-8"?>
<testsuites name="TC11-12. Sign In using email" time="38.254" tests="2" failures="0" errors="0">
   <testsuite name="TC11-12. Sign In using email" tests="2" failures="0" errors="0" time="38.254" skipped="0" timestamp="2022-01-16 00:01:20" hostname="Dell T5810 - T5810.mshome.net" id="Test Suites/TC11-12. Sign In using email">
      <properties>
         <property name="deviceName" value=""/>
         <property name="devicePlatform" value=""/>
         <property name="logFolder" value="D:\\Personal\\University\\3rd_year\\1st_term\\CS300_SoftwareEngineering x\\BONUS\\Test-Automation-SE-Bonus-Katalon\\Reports\\20220116_000024\\TC11-12. Sign In using email\\20220116_000027"/>
         <property name="logFiles" value="D:\\Personal\\University\\3rd_year\\1st_term\\CS300_SoftwareEngineering x\\BONUS\\Test-Automation-SE-Bonus-Katalon\\Reports\\20220116_000024\\TC11-12. Sign In using email\\20220116_000027\\execution0.log"/>
         <property name="attachments" value=""/>
         <property name="hostName" value="Dell T5810 - T5810.mshome.net"/>
         <property name="os" value="Windows 10 64bit"/>
         <property name="katalonVersion" value="8.2.0.208"/>
         <property name="browser" value="Chrome 97.0.4692.71"/>
         <property name="hostAddress" value="172.17.142.97"/>
         <property name="sessionId" value="d8d4467d5922d04fe42248cf432d0253"/>
         <property name="seleniumVersion" value="3.141.59"/>
         <property name="proxyInformation" value="ProxyInformation { proxyOption=NO_PROXY, proxyServerType=HTTP, username=, password=********, proxyServerAddress=, proxyServerPort=0, executionList=&quot;&quot;, isApplyToDesiredCapabilities=true }"/>
         <property name="platform" value="Windows 10"/>
      </properties>
      <testcase name="Test Cases/TC11-12. Sign In using email address" time="17.399" classname="Test Cases/TC11-12. Sign In using email address" status="PASSED">
         <system-out><![CDATA[2022-01-16 00:01:20 - [TEST_CASE][PASSED] - Test Cases/TC11-12. Sign In using email address: Test Cases/TC11-12. Sign In using email address

2022-01-16 00:01:21 - [TEST_STEP][PASSED] - openBrowser(""): Browser is opened with url: ''

2022-01-16 00:01:21 - [MESSAGE][INFO] - Starting 'Chrome' driver

2022-01-16 00:01:21 - [MESSAGE][INFO] - Action delay is set to 0 milliseconds

2022-01-16 00:01:24 - [MESSAGE][PASSED] - Browser is opened with url: ''

2022-01-16 00:01:24 - [TEST_STEP][PASSED] - navigateToUrl("http://localhost:8080/#/login"): Navigate to 'http://localhost:8080/#/login' successfully

2022-01-16 00:01:26 - [MESSAGE][PASSED] - Navigate to 'http://localhost:8080/#/login' successfully

2022-01-16 00:01:26 - [TEST_STEP][PASSED] - selectOptionByValue(findTestObject("Object Repository/SIgn in using email address/Page_Element/select_UsernameEmail addressPhone"), "login_field_email", true): All options with value 'login_field_email' are selected in object 'Object Repository/SIgn in using email address/Page_Element/select_UsernameEmail addressPhone'  using regular expression

2022-01-16 00:01:33 - [MESSAGE][PASSED] - All options with value 'login_field_email' are selected in object 'Object Repository/SIgn in using email address/Page_Element/select_UsernameEmail addressPhone'  using regular expression

2022-01-16 00:01:33 - [TEST_STEP][PASSED] - setText(findTestObject("Object Repository/SIgn in using email address/Page_Element/input_Sign in with_mx_Field_4"), email): Text 'nctai19@apcs.vn' is set on object 'Object Repository/SIgn in using email address/Page_Element/input_Sign in with_mx_Field_4'

2022-01-16 00:01:34 - [MESSAGE][PASSED] - Text 'nctai19@apcs.vn' is set on object 'Object Repository/SIgn in using email address/Page_Element/input_Sign in with_mx_Field_4'

2022-01-16 00:01:34 - [TEST_STEP][PASSED] - setText(findTestObject("Object Repository/SIgn in using email address/Page_Element/input_Email_password"), password): Text 'Congtai123' is set on object 'Object Repository/SIgn in using email address/Page_Element/input_Email_password'

2022-01-16 00:01:35 - [MESSAGE][PASSED] - Text 'Congtai123' is set on object 'Object Repository/SIgn in using email address/Page_Element/input_Email_password'

2022-01-16 00:01:35 - [TEST_STEP][PASSED] - click(findTestObject("Object Repository/SIgn in using email address/Page_Element/input_Forgot password_mx_Login_submit")): Object: 'Object Repository/SIgn in using email address/Page_Element/input_Forgot password_mx_Login_submit' is clicked on

2022-01-16 00:01:36 - [MESSAGE][PASSED] - Object: 'Object Repository/SIgn in using email address/Page_Element/input_Forgot password_mx_Login_submit' is clicked on

2022-01-16 00:01:36 - [TEST_STEP][PASSED] - closeBrowser(): Browser is closed

2022-01-16 00:01:38 - [MESSAGE][PASSED] - Browser is closed]]></system-out>
         <system-err><![CDATA[]]></system-err>
      </testcase>
      <testcase name="Test Cases/TC11-12. Sign In using email address" time="20.196" classname="Test Cases/TC11-12. Sign In using email address" status="PASSED">
         <system-out><![CDATA[2022-01-16 00:01:38 - [TEST_CASE][PASSED] - Test Cases/TC11-12. Sign In using email address: Test Cases/TC11-12. Sign In using email address

2022-01-16 00:01:38 - [TEST_STEP][PASSED] - openBrowser(""): Browser is opened with url: ''

2022-01-16 00:01:38 - [MESSAGE][INFO] - Starting 'Chrome' driver

2022-01-16 00:01:38 - [MESSAGE][INFO] - Action delay is set to 0 milliseconds

2022-01-16 00:01:40 - [MESSAGE][PASSED] - Browser is opened with url: ''

2022-01-16 00:01:40 - [TEST_STEP][PASSED] - navigateToUrl("http://localhost:8080/#/login"): Navigate to 'http://localhost:8080/#/login' successfully

2022-01-16 00:01:44 - [MESSAGE][PASSED] - Navigate to 'http://localhost:8080/#/login' successfully

2022-01-16 00:01:44 - [TEST_STEP][PASSED] - selectOptionByValue(findTestObject("Object Repository/SIgn in using email address/Page_Element/select_UsernameEmail addressPhone"), "login_field_email", true): All options with value 'login_field_email' are selected in object 'Object Repository/SIgn in using email address/Page_Element/select_UsernameEmail addressPhone'  using regular expression

2022-01-16 00:01:51 - [MESSAGE][PASSED] - All options with value 'login_field_email' are selected in object 'Object Repository/SIgn in using email address/Page_Element/select_UsernameEmail addressPhone'  using regular expression

2022-01-16 00:01:51 - [TEST_STEP][PASSED] - setText(findTestObject("Object Repository/SIgn in using email address/Page_Element/input_Sign in with_mx_Field_4"), email): Text 'nctai19@apcs.vn' is set on object 'Object Repository/SIgn in using email address/Page_Element/input_Sign in with_mx_Field_4'

2022-01-16 00:01:52 - [MESSAGE][PASSED] - Text 'nctai19@apcs.vn' is set on object 'Object Repository/SIgn in using email address/Page_Element/input_Sign in with_mx_Field_4'

2022-01-16 00:01:52 - [TEST_STEP][PASSED] - setText(findTestObject("Object Repository/SIgn in using email address/Page_Element/input_Email_password"), password): Text 'CongTai321' is set on object 'Object Repository/SIgn in using email address/Page_Element/input_Email_password'

2022-01-16 00:01:54 - [MESSAGE][PASSED] - Text 'CongTai321' is set on object 'Object Repository/SIgn in using email address/Page_Element/input_Email_password'

2022-01-16 00:01:54 - [TEST_STEP][PASSED] - click(findTestObject("Object Repository/SIgn in using email address/Page_Element/input_Forgot password_mx_Login_submit")): Object: 'Object Repository/SIgn in using email address/Page_Element/input_Forgot password_mx_Login_submit' is clicked on

2022-01-16 00:01:55 - [MESSAGE][PASSED] - Object: 'Object Repository/SIgn in using email address/Page_Element/input_Forgot password_mx_Login_submit' is clicked on

2022-01-16 00:01:55 - [TEST_STEP][PASSED] - closeBrowser(): Browser is closed

2022-01-16 00:01:58 - [MESSAGE][PASSED] - Browser is closed]]></system-out>
         <system-err><![CDATA[]]></system-err>
      </testcase>
      <system-out><![CDATA[2022-01-16 00:01:20 - [TEST_SUITE][PASSED] - TC11-12. Sign In using email: Test Cases/TC11-12. Sign In using email address]]></system-out>
      <system-err><![CDATA[]]></system-err>
   </testsuite>
</testsuites>
