<?xml version="1.0" encoding="UTF-8"?>
<testsuites name="TC47-48" time="754.657" tests="2" failures="0" errors="0">
   <testsuite name="TC47-48" tests="2" failures="0" errors="0" time="754.657" skipped="0" timestamp="2022-01-16 00:27:18" hostname="Dell T5810 - T5810.mshome.net" id="Test Suites/TC47-48">
      <properties>
         <property name="deviceName" value=""/>
         <property name="devicePlatform" value=""/>
         <property name="logFolder" value="D:\\Personal\\University\\3rd_year\\1st_term\\CS300_SoftwareEngineering x\\BONUS\\Test-Automation-SE-Bonus-Katalon\\Reports\\20220116_000024\\TC47-48\\20220116_000055"/>
         <property name="logFiles" value="D:\\Personal\\University\\3rd_year\\1st_term\\CS300_SoftwareEngineering x\\BONUS\\Test-Automation-SE-Bonus-Katalon\\Reports\\20220116_000024\\TC47-48\\20220116_000055\\execution0.log"/>
         <property name="attachments" value=""/>
         <property name="hostName" value="Dell T5810 - T5810.mshome.net"/>
         <property name="os" value="Windows 10 64bit"/>
         <property name="katalonVersion" value="8.2.0.208"/>
         <property name="browser" value="Chrome 97.0.4692.71"/>
         <property name="hostAddress" value="172.17.142.97"/>
         <property name="sessionId" value="d92e0245c962eefae5e288ea226ba767"/>
         <property name="seleniumVersion" value="3.141.59"/>
         <property name="proxyInformation" value="ProxyInformation { proxyOption=NO_PROXY, proxyServerType=HTTP, username=, password=********, proxyServerAddress=, proxyServerPort=0, executionList=&quot;&quot;, isApplyToDesiredCapabilities=true }"/>
         <property name="platform" value="Windows 10"/>
      </properties>
      <testcase name="Test Cases/TC47. Help and About - Submit debug logs" time="454.645" classname="Test Cases/TC47. Help and About - Submit debug logs" status="PASSED">
         <system-out><![CDATA[2022-01-16 00:27:19 - [TEST_CASE][PASSED] - Test Cases/TC47. Help and About - Submit debug logs: Test Cases/TC47. Help and About - Submit debug logs

2022-01-16 00:27:20 - [TEST_STEP][PASSED] - openBrowser(""): Browser is opened with url: ''

2022-01-16 00:27:20 - [MESSAGE][INFO] - Starting 'Chrome' driver

2022-01-16 00:27:20 - [MESSAGE][INFO] - Action delay is set to 0 milliseconds

2022-01-16 00:27:23 - [MESSAGE][PASSED] - Browser is opened with url: ''

2022-01-16 00:27:23 - [TEST_STEP][PASSED] - navigateToUrl("http://localhost:8080/#/login"): Navigate to 'http://localhost:8080/#/login' successfully

2022-01-16 00:27:27 - [MESSAGE][PASSED] - Navigate to 'http://localhost:8080/#/login' successfully

2022-01-16 00:27:27 - [TEST_STEP][PASSED] - setText(findTestObject("Object Repository/Help and About - Submit debug logs/Page_Element/input_Sign in with_username"), "nctai"): Text 'nctai' is set on object 'Object Repository/Help and About - Submit debug logs/Page_Element/input_Sign in with_username'

2022-01-16 00:27:32 - [MESSAGE][PASSED] - Text 'nctai' is set on object 'Object Repository/Help and About - Submit debug logs/Page_Element/input_Sign in with_username'

2022-01-16 00:27:32 - [TEST_STEP][PASSED] - setEncryptedText(findTestObject("Object Repository/Help and About - Submit debug logs/Page_Element/input_Username_password"), "EkCegUu2cCIeOttlbhr1Gg=="): Text ****** has been set on object 'Object Repository/Help and About - Submit debug logs/Page_Element/input_Username_password'

2022-01-16 00:27:33 - [MESSAGE][PASSED] - Text ****** has been set on object 'Object Repository/Help and About - Submit debug logs/Page_Element/input_Username_password'

2022-01-16 00:27:33 - [TEST_STEP][PASSED] - click(findTestObject("Object Repository/Help and About - Submit debug logs/Page_Element/input_Forgot password_mx_Login_submit")): Object: 'Object Repository/Help and About - Submit debug logs/Page_Element/input_Forgot password_mx_Login_submit' is clicked on

2022-01-16 00:27:33 - [MESSAGE][PASSED] - Object: 'Object Repository/Help and About - Submit debug logs/Page_Element/input_Forgot password_mx_Login_submit' is clicked on

2022-01-16 00:27:33 - [TEST_STEP][PASSED] - click(findTestObject("Object Repository/Help and About - Submit debug logs/Page_Element 3/div_Verify with Security Key or Phrase")): Object: 'Object Repository/Help and About - Submit debug logs/Page_Element 3/div_Verify with Security Key or Phrase' is clicked on

2022-01-16 00:28:28 - [MESSAGE][PASSED] - Object: 'Object Repository/Help and About - Submit debug logs/Page_Element 3/div_Verify with Security Key or Phrase' is clicked on

2022-01-16 00:28:28 - [TEST_STEP][PASSED] - setEncryptedText(findTestObject("Object Repository/Help and About - Submit debug logs/Page_Element 3/input_use your Security Key_mx_passPhraseInput"), "reV6H350bXVA0kTbjZFhCPXAh4FFL4It6typrKizvxSyJdUn2mpvZeL5nXz6yBWwF/LIkIubCxLuDiWR7yvugw=="): Text ****** has been set on object 'Object Repository/Help and About - Submit debug logs/Page_Element 3/input_use your Security Key_mx_passPhraseInput'

2022-01-16 00:28:59 - [MESSAGE][PASSED] - Text ****** has been set on object 'Object Repository/Help and About - Submit debug logs/Page_Element 3/input_use your Security Key_mx_passPhraseInput'

2022-01-16 00:28:59 - [TEST_STEP][PASSED] - click(findTestObject("Object Repository/Help and About - Submit debug logs/Page_Element 3/button_Continue")): Object: 'Object Repository/Help and About - Submit debug logs/Page_Element 3/button_Continue' is clicked on

2022-01-16 00:29:29 - [MESSAGE][PASSED] - Object: 'Object Repository/Help and About - Submit debug logs/Page_Element 3/button_Continue' is clicked on

2022-01-16 00:29:29 - [TEST_STEP][PASSED] - click(findTestObject("Object Repository/Help and About - Submit debug logs/Page_Element 3/div_Done")): Object: 'Object Repository/Help and About - Submit debug logs/Page_Element 3/div_Done' is clicked on

2022-01-16 00:30:00 - [MESSAGE][PASSED] - Object: 'Object Repository/Help and About - Submit debug logs/Page_Element 3/div_Done' is clicked on

2022-01-16 00:30:00 - [TEST_STEP][PASSED] - click(findTestObject("Object Repository/Help and About - Submit debug logs/Page_Element 3/img_Review_mx_BaseAvatar_image")): Object: 'Object Repository/Help and About - Submit debug logs/Page_Element 3/img_Review_mx_BaseAvatar_image' is clicked on

2022-01-16 00:30:30 - [MESSAGE][PASSED] - Object: 'Object Repository/Help and About - Submit debug logs/Page_Element 3/img_Review_mx_BaseAvatar_image' is clicked on

2022-01-16 00:30:30 - [TEST_STEP][PASSED] - click(findTestObject("Object Repository/Help and About - Submit debug logs/Page_Element 3/span_Security  privacy_mx_IconizedContextMe_38942c")): Object: 'Object Repository/Help and About - Submit debug logs/Page_Element 3/span_Security  privacy_mx_IconizedContextMe_38942c' is clicked on

2022-01-16 00:31:00 - [MESSAGE][PASSED] - Object: 'Object Repository/Help and About - Submit debug logs/Page_Element 3/span_Security  privacy_mx_IconizedContextMe_38942c' is clicked on

2022-01-16 00:31:00 - [TEST_STEP][PASSED] - click(findTestObject("Object Repository/Help and About - Submit debug logs/Page_Element 3/div_Help  About")): Object: 'Object Repository/Help and About - Submit debug logs/Page_Element 3/div_Help  About' is clicked on

2022-01-16 00:31:31 - [MESSAGE][PASSED] - Object: 'Object Repository/Help and About - Submit debug logs/Page_Element 3/div_Help  About' is clicked on

2022-01-16 00:31:31 - [TEST_STEP][PASSED] - click(findTestObject("Object Repository/Help and About - Submit debug logs/Page_Element 3/div_Submit debug logs")): Object: 'Object Repository/Help and About - Submit debug logs/Page_Element 3/div_Submit debug logs' is clicked on

2022-01-16 00:32:01 - [MESSAGE][PASSED] - Object: 'Object Repository/Help and About - Submit debug logs/Page_Element 3/div_Submit debug logs' is clicked on

2022-01-16 00:32:01 - [TEST_STEP][PASSED] - setText(findTestObject("Object Repository/Help and About - Submit debug logs/Page_Element 3/input_Download logs_mx_Field_11"), "aabscd"): Text 'aabscd' is set on object 'Object Repository/Help and About - Submit debug logs/Page_Element 3/input_Download logs_mx_Field_11'

2022-01-16 00:33:01 - [MESSAGE][PASSED] - Text 'aabscd' is set on object 'Object Repository/Help and About - Submit debug logs/Page_Element 3/input_Download logs_mx_Field_11'

2022-01-16 00:33:01 - [TEST_STEP][PASSED] - rightClick(findTestObject("Object Repository/Help and About - Submit debug logs/Page_Element 3/button_Send logs")): Object: 'Object Repository/Help and About - Submit debug logs/Page_Element 3/button_Send logs' is right clicked on

2022-01-16 00:33:32 - [MESSAGE][PASSED] - Object: 'Object Repository/Help and About - Submit debug logs/Page_Element 3/button_Send logs' is right clicked on

2022-01-16 00:33:32 - [TEST_STEP][PASSED] - setText(findTestObject("Object Repository/Help and About - Submit debug logs/Page_Element 3/textarea_asdfasdf"), "asdfasdf"): Text 'asdfasdf' is set on object 'Object Repository/Help and About - Submit debug logs/Page_Element 3/textarea_asdfasdf'

2022-01-16 00:34:23 - [MESSAGE][PASSED] - Text 'asdfasdf' is set on object 'Object Repository/Help and About - Submit debug logs/Page_Element 3/textarea_asdfasdf'

2022-01-16 00:34:23 - [TEST_STEP][PASSED] - verifyElementClickable(findTestObject("Object Repository/Help and About - Submit debug logs/Page_Element 3/button_Send logs")): Object 'Object Repository/Help and About - Submit debug logs/Page_Element 3/button_Send logs' is clickable

2022-01-16 00:34:53 - [MESSAGE][PASSED] - Object 'Object Repository/Help and About - Submit debug logs/Page_Element 3/button_Send logs' is clickable]]></system-out>
         <system-err><![CDATA[]]></system-err>
      </testcase>
      <testcase name="Test Cases/TC48. Help and About - Check for update" time="299.284" classname="Test Cases/TC48. Help and About - Check for update" status="PASSED">
         <system-out><![CDATA[2022-01-16 00:34:53 - [TEST_CASE][PASSED] - Test Cases/TC48. Help and About - Check for update: Test Cases/TC48. Help and About - Check for update

2022-01-16 00:34:54 - [TEST_STEP][PASSED] - openBrowser(""): Browser is opened with url: ''

2022-01-16 00:34:54 - [MESSAGE][WARNING] - A browser is already opened. Closing browser and opening a new one

2022-01-16 00:34:55 - [MESSAGE][INFO] - Starting 'Chrome' driver

2022-01-16 00:34:55 - [MESSAGE][INFO] - Action delay is set to 0 milliseconds

2022-01-16 00:34:56 - [MESSAGE][PASSED] - Browser is opened with url: ''

2022-01-16 00:34:56 - [TEST_STEP][PASSED] - navigateToUrl("http://localhost:8080/#/login"): Navigate to 'http://localhost:8080/#/login' successfully

2022-01-16 00:34:58 - [MESSAGE][PASSED] - Navigate to 'http://localhost:8080/#/login' successfully

2022-01-16 00:34:58 - [TEST_STEP][PASSED] - setText(findTestObject("Object Repository/Help and About - Check for update/Page_Element/input_Sign in with_username"), "nctai"): Text 'nctai' is set on object 'Object Repository/Help and About - Check for update/Page_Element/input_Sign in with_username'

2022-01-16 00:35:03 - [MESSAGE][PASSED] - Text 'nctai' is set on object 'Object Repository/Help and About - Check for update/Page_Element/input_Sign in with_username'

2022-01-16 00:35:03 - [TEST_STEP][PASSED] - setEncryptedText(findTestObject("Object Repository/Help and About - Check for update/Page_Element/input_Username_password"), "EkCegUu2cCIeOttlbhr1Gg=="): Text ****** has been set on object 'Object Repository/Help and About - Check for update/Page_Element/input_Username_password'

2022-01-16 00:35:03 - [MESSAGE][PASSED] - Text ****** has been set on object 'Object Repository/Help and About - Check for update/Page_Element/input_Username_password'

2022-01-16 00:35:03 - [TEST_STEP][PASSED] - click(findTestObject("Object Repository/Help and About - Check for update/Page_Element/input_Forgot password_mx_Login_submit")): Object: 'Object Repository/Help and About - Check for update/Page_Element/input_Forgot password_mx_Login_submit' is clicked on

2022-01-16 00:35:04 - [MESSAGE][PASSED] - Object: 'Object Repository/Help and About - Check for update/Page_Element/input_Forgot password_mx_Login_submit' is clicked on

2022-01-16 00:35:04 - [TEST_STEP][PASSED] - click(findTestObject("Object Repository/Help and About - Check for update/Page_Element 3/div_Verify with Security Key or Phrase")): Object: 'Object Repository/Help and About - Check for update/Page_Element 3/div_Verify with Security Key or Phrase' is clicked on

2022-01-16 00:35:49 - [MESSAGE][PASSED] - Object: 'Object Repository/Help and About - Check for update/Page_Element 3/div_Verify with Security Key or Phrase' is clicked on

2022-01-16 00:35:49 - [TEST_STEP][PASSED] - click(findTestObject("Object Repository/Help and About - Check for update/Page_Element 3/label_Security Phrase")): Object: 'Object Repository/Help and About - Check for update/Page_Element 3/label_Security Phrase' is clicked on

2022-01-16 00:36:19 - [MESSAGE][PASSED] - Object: 'Object Repository/Help and About - Check for update/Page_Element 3/label_Security Phrase' is clicked on

2022-01-16 00:36:19 - [TEST_STEP][PASSED] - setEncryptedText(findTestObject("Object Repository/Help and About - Check for update/Page_Element 3/input_use your Security Key_mx_passPhraseInput"), "reV6H350bXVA0kTbjZFhCPXAh4FFL4It6typrKizvxSyJdUn2mpvZeL5nXz6yBWwF/LIkIubCxLuDiWR7yvugw=="): Text ****** has been set on object 'Object Repository/Help and About - Check for update/Page_Element 3/input_use your Security Key_mx_passPhraseInput'

2022-01-16 00:36:50 - [MESSAGE][PASSED] - Text ****** has been set on object 'Object Repository/Help and About - Check for update/Page_Element 3/input_use your Security Key_mx_passPhraseInput'

2022-01-16 00:36:50 - [TEST_STEP][PASSED] - click(findTestObject("Object Repository/Help and About - Check for update/Page_Element 3/button_Continue")): Object: 'Object Repository/Help and About - Check for update/Page_Element 3/button_Continue' is clicked on

2022-01-16 00:37:20 - [MESSAGE][PASSED] - Object: 'Object Repository/Help and About - Check for update/Page_Element 3/button_Continue' is clicked on

2022-01-16 00:37:20 - [TEST_STEP][PASSED] - click(findTestObject("Object Repository/Help and About - Check for update/Page_Element 3/div_Done")): Object: 'Object Repository/Help and About - Check for update/Page_Element 3/div_Done' is clicked on

2022-01-16 00:37:51 - [MESSAGE][PASSED] - Object: 'Object Repository/Help and About - Check for update/Page_Element 3/div_Done' is clicked on

2022-01-16 00:37:51 - [TEST_STEP][PASSED] - click(findTestObject("Object Repository/Help and About - Check for update/Page_Element 3/img_Review_mx_BaseAvatar_image")): Object: 'Object Repository/Help and About - Check for update/Page_Element 3/img_Review_mx_BaseAvatar_image' is clicked on

2022-01-16 00:38:21 - [MESSAGE][PASSED] - Object: 'Object Repository/Help and About - Check for update/Page_Element 3/img_Review_mx_BaseAvatar_image' is clicked on

2022-01-16 00:38:21 - [TEST_STEP][PASSED] - click(findTestObject("Object Repository/Help and About - Check for update/Page_Element 3/span_Security  privacy_mx_IconizedContextMe_38942c")): Object: 'Object Repository/Help and About - Check for update/Page_Element 3/span_Security  privacy_mx_IconizedContextMe_38942c' is clicked on

2022-01-16 00:38:52 - [MESSAGE][PASSED] - Object: 'Object Repository/Help and About - Check for update/Page_Element 3/span_Security  privacy_mx_IconizedContextMe_38942c' is clicked on

2022-01-16 00:38:52 - [TEST_STEP][PASSED] - click(findTestObject("Object Repository/Help and About - Check for update/Page_Element 3/span_Help  About")): Object: 'Object Repository/Help and About - Check for update/Page_Element 3/span_Help  About' is clicked on

2022-01-16 00:39:22 - [MESSAGE][PASSED] - Object: 'Object Repository/Help and About - Check for update/Page_Element 3/span_Help  About' is clicked on

2022-01-16 00:39:22 - [TEST_STEP][PASSED] - verifyElementClickable(findTestObject("Object Repository/Help and About - Check for update/Page_Element 3/div_Check for update")): Object 'Object Repository/Help and About - Check for update/Page_Element 3/div_Check for update' is clickable

2022-01-16 00:39:52 - [MESSAGE][PASSED] - Object 'Object Repository/Help and About - Check for update/Page_Element 3/div_Check for update' is clickable

2022-01-16 00:39:52 - [TEST_STEP][PASSED] - closeBrowser(): Browser is closed

2022-01-16 00:39:53 - [MESSAGE][PASSED] - Browser is closed]]></system-out>
         <system-err><![CDATA[]]></system-err>
      </testcase>
      <system-out><![CDATA[2022-01-16 00:27:18 - [TEST_SUITE][PASSED] - TC47-48: Test Cases/TC48. Help and About - Check for update]]></system-out>
      <system-err><![CDATA[]]></system-err>
   </testsuite>
</testsuites>
