<?xml version="1.0" encoding="UTF-8"?>
<testsuites name="TC17-20. Creating public workspace" time="1846.629" tests="4" failures="0" errors="0">
   <testsuite name="TC17-20. Creating public workspace" tests="4" failures="0" errors="0" time="1846.629" skipped="0" timestamp="2022-01-16 19:36:35" hostname="Dell T5810 - T5810.mshome.net" id="Test Suites/TC17-20. Creating public workspace">
      <properties>
         <property name="deviceName" value=""/>
         <property name="devicePlatform" value=""/>
         <property name="logFolder" value="D:\\Personal\\University\\3rd_year\\1st_term\\CS300_SoftwareEngineering x\\BONUS\\Test-Automation-SE-Bonus-Katalon\\Reports\\20220116_193452\\TC17-20. Creating public workspace\\20220116_193503"/>
         <property name="logFiles" value="D:\\Personal\\University\\3rd_year\\1st_term\\CS300_SoftwareEngineering x\\BONUS\\Test-Automation-SE-Bonus-Katalon\\Reports\\20220116_193452\\TC17-20. Creating public workspace\\20220116_193503\\execution0.log"/>
         <property name="attachments" value=""/>
         <property name="hostName" value="Dell T5810 - T5810.mshome.net"/>
         <property name="os" value="Windows 10 64bit"/>
         <property name="katalonVersion" value="8.2.0.208"/>
         <property name="browser" value="Chrome 97.0.4692.71"/>
         <property name="hostAddress" value="172.17.142.97"/>
         <property name="sessionId" value="c5b337505e10ef37d3e9851f830202f9"/>
         <property name="seleniumVersion" value="3.141.59"/>
         <property name="proxyInformation" value="ProxyInformation { proxyOption=NO_PROXY, proxyServerType=HTTP, username=, password=********, proxyServerAddress=, proxyServerPort=0, executionList=&quot;&quot;, isApplyToDesiredCapabilities=true }"/>
         <property name="platform" value="Windows 10"/>
      </properties>
      <testcase name="Test Cases/TC17-20. Creating public workspace with address" time="519.254" classname="Test Cases/TC17-20. Creating public workspace with address" status="PASSED">
         <system-out><![CDATA[2022-01-16 19:36:35 - [TEST_CASE][PASSED] - Test Cases/TC17-20. Creating public workspace with address: Test Cases/TC17-20. Creating public workspace with address

2022-01-16 19:36:36 - [TEST_STEP][PASSED] - openBrowser(""): Browser is opened with url: ''

2022-01-16 19:36:36 - [MESSAGE][INFO] - Starting 'Chrome' driver

2022-01-16 19:36:36 - [MESSAGE][INFO] - Action delay is set to 0 milliseconds

2022-01-16 19:36:39 - [MESSAGE][PASSED] - Browser is opened with url: ''

2022-01-16 19:36:39 - [TEST_STEP][PASSED] - navigateToUrl("http://localhost:8080/#/login"): Navigate to 'http://localhost:8080/#/login' successfully

2022-01-16 19:36:40 - [MESSAGE][PASSED] - Navigate to 'http://localhost:8080/#/login' successfully

2022-01-16 19:36:40 - [TEST_STEP][PASSED] - setText(findTestObject("Object Repository/Creating public workspace/Page_Element/input_Sign in with_username"), "tvminh19"): Text 'tvminh19' is set on object 'Object Repository/Creating public workspace/Page_Element/input_Sign in with_username'

2022-01-16 19:37:41 - [MESSAGE][PASSED] - Text 'tvminh19' is set on object 'Object Repository/Creating public workspace/Page_Element/input_Sign in with_username'

2022-01-16 19:37:41 - [TEST_STEP][PASSED] - setEncryptedText(findTestObject("Object Repository/Creating public workspace/Page_Element/input_Username_password"), "ZMYEqBLXlqKBS+xCxiYvcQ=="): Text ****** has been set on object 'Object Repository/Creating public workspace/Page_Element/input_Username_password'

2022-01-16 19:38:12 - [MESSAGE][PASSED] - Text ****** has been set on object 'Object Repository/Creating public workspace/Page_Element/input_Username_password'

2022-01-16 19:38:12 - [TEST_STEP][PASSED] - click(findTestObject("Object Repository/Creating public workspace/Page_Element/input_Forgot password_mx_Login_submit")): Object: 'Object Repository/Creating public workspace/Page_Element/input_Forgot password_mx_Login_submit' is clicked on

2022-01-16 19:38:42 - [MESSAGE][PASSED] - Object: 'Object Repository/Creating public workspace/Page_Element/input_Forgot password_mx_Login_submit' is clicked on

2022-01-16 19:38:42 - [TEST_STEP][PASSED] - click(findTestObject("Object Repository/Creating public workspace/Page_Element/div_Verify with Security Key")): Object: 'Object Repository/Creating public workspace/Page_Element/div_Verify with Security Key' is clicked on

2022-01-16 19:39:12 - [MESSAGE][PASSED] - Object: 'Object Repository/Creating public workspace/Page_Element/div_Verify with Security Key' is clicked on

2022-01-16 19:39:12 - [TEST_STEP][PASSED] - setText(findTestObject("Object Repository/Creating public workspace/Page_Element/input_Security Key_mx_Field_4"), "EsTz GjF9 i17E JLpz sfyb e7c5 tV5p wVxd Jh5S uSmg KYJr KDsR"): Text 'EsTz GjF9 i17E JLpz sfyb e7c5 tV5p wVxd Jh5S uSmg KYJr KDsR' is set on object 'Object Repository/Creating public workspace/Page_Element/input_Security Key_mx_Field_4'

2022-01-16 19:40:12 - [MESSAGE][PASSED] - Text 'EsTz GjF9 i17E JLpz sfyb e7c5 tV5p wVxd Jh5S uSmg KYJr KDsR' is set on object 'Object Repository/Creating public workspace/Page_Element/input_Security Key_mx_Field_4'

2022-01-16 19:40:12 - [TEST_STEP][PASSED] - click(findTestObject("Object Repository/Creating public workspace/Page_Element/button_Continue")): Object: 'Object Repository/Creating public workspace/Page_Element/button_Continue' is clicked on

2022-01-16 19:40:43 - [MESSAGE][PASSED] - Object: 'Object Repository/Creating public workspace/Page_Element/button_Continue' is clicked on

2022-01-16 19:40:43 - [TEST_STEP][PASSED] - click(findTestObject("Object Repository/Creating public workspace/Page_Element/div_Done")): Object: 'Object Repository/Creating public workspace/Page_Element/div_Done' is clicked on

2022-01-16 19:41:13 - [MESSAGE][PASSED] - Object: 'Object Repository/Creating public workspace/Page_Element/div_Done' is clicked on

2022-01-16 19:41:13 - [TEST_STEP][PASSED] - click(findTestObject("Object Repository/Creating public workspace/Page_Element/div_Enable_mx_SpaceButton_icon")): Object: 'Object Repository/Creating public workspace/Page_Element/div_Enable_mx_SpaceButton_icon' is clicked on

2022-01-16 19:41:43 - [MESSAGE][PASSED] - Object: 'Object Repository/Creating public workspace/Page_Element/div_Enable_mx_SpaceButton_icon' is clicked on

2022-01-16 19:41:43 - [TEST_STEP][PASSED] - click(findTestObject("Object Repository/Creating public workspace/Page_Element/span_Open space for anyone, best for communities")): Object: 'Object Repository/Creating public workspace/Page_Element/span_Open space for anyone, best for communities' is clicked on

2022-01-16 19:42:13 - [MESSAGE][PASSED] - Object: 'Object Repository/Creating public workspace/Page_Element/span_Open space for anyone, best for communities' is clicked on

2022-01-16 19:42:13 - [TEST_STEP][PASSED] - setText(findTestObject("Object Repository/Creating public workspace/Page_Element/input_Upload_spaceName"), ws_name): Text 'lkfja;dlskfja;lsdkfj' is set on object 'Object Repository/Creating public workspace/Page_Element/input_Upload_spaceName'

2022-01-16 19:43:13 - [MESSAGE][PASSED] - Text 'lkfja;dlskfja;lsdkfj' is set on object 'Object Repository/Creating public workspace/Page_Element/input_Upload_spaceName'

2022-01-16 19:43:13 - [TEST_STEP][PASSED] - click(findTestObject("Object Repository/Creating public workspace/Page_Element/div_Addressmatrix.org")): Object: 'Object Repository/Creating public workspace/Page_Element/div_Addressmatrix.org' is clicked on

2022-01-16 19:43:43 - [MESSAGE][PASSED] - Object: 'Object Repository/Creating public workspace/Page_Element/div_Addressmatrix.org' is clicked on

2022-01-16 19:43:43 - [TEST_STEP][PASSED] - setText(findTestObject("Object Repository/Creating public workspace/Page_Element/input__mx_Field_6"), ws_add): Text '' is set on object 'Object Repository/Creating public workspace/Page_Element/input__mx_Field_6'

2022-01-16 19:44:44 - [MESSAGE][PASSED] - Text '' is set on object 'Object Repository/Creating public workspace/Page_Element/input__mx_Field_6'

2022-01-16 19:44:44 - [TEST_STEP][PASSED] - verifyElementClickable(findTestObject("Object Repository/Creating public workspace/Page_Element/div_Create")): Object 'Object Repository/Creating public workspace/Page_Element/div_Create' is clickable

2022-01-16 19:45:14 - [MESSAGE][PASSED] - Object 'Object Repository/Creating public workspace/Page_Element/div_Create' is clickable

2022-01-16 19:45:14 - [TEST_STEP][PASSED] - closeBrowser(): Browser is closed

2022-01-16 19:45:15 - [MESSAGE][PASSED] - Browser is closed]]></system-out>
         <system-err><![CDATA[]]></system-err>
      </testcase>
      <testcase name="Test Cases/TC17-20. Creating public workspace with address" time="404.735" classname="Test Cases/TC17-20. Creating public workspace with address" status="PASSED">
         <system-out><![CDATA[2022-01-16 19:45:15 - [TEST_CASE][PASSED] - Test Cases/TC17-20. Creating public workspace with address: Test Cases/TC17-20. Creating public workspace with address

2022-01-16 19:45:15 - [TEST_STEP][PASSED] - openBrowser(""): Browser is opened with url: ''

2022-01-16 19:45:15 - [MESSAGE][INFO] - Starting 'Chrome' driver

2022-01-16 19:45:15 - [MESSAGE][INFO] - Action delay is set to 0 milliseconds

2022-01-16 19:45:16 - [MESSAGE][PASSED] - Browser is opened with url: ''

2022-01-16 19:45:16 - [TEST_STEP][PASSED] - navigateToUrl("http://localhost:8080/#/login"): Navigate to 'http://localhost:8080/#/login' successfully

2022-01-16 19:45:18 - [MESSAGE][PASSED] - Navigate to 'http://localhost:8080/#/login' successfully

2022-01-16 19:45:18 - [TEST_STEP][PASSED] - setText(findTestObject("Object Repository/Creating public workspace/Page_Element/input_Sign in with_username"), "tvminh19"): Text 'tvminh19' is set on object 'Object Repository/Creating public workspace/Page_Element/input_Sign in with_username'

2022-01-16 19:45:22 - [MESSAGE][PASSED] - Text 'tvminh19' is set on object 'Object Repository/Creating public workspace/Page_Element/input_Sign in with_username'

2022-01-16 19:45:22 - [TEST_STEP][PASSED] - setEncryptedText(findTestObject("Object Repository/Creating public workspace/Page_Element/input_Username_password"), "ZMYEqBLXlqKBS+xCxiYvcQ=="): Text ****** has been set on object 'Object Repository/Creating public workspace/Page_Element/input_Username_password'

2022-01-16 19:45:22 - [MESSAGE][PASSED] - Text ****** has been set on object 'Object Repository/Creating public workspace/Page_Element/input_Username_password'

2022-01-16 19:45:22 - [TEST_STEP][PASSED] - click(findTestObject("Object Repository/Creating public workspace/Page_Element/input_Forgot password_mx_Login_submit")): Object: 'Object Repository/Creating public workspace/Page_Element/input_Forgot password_mx_Login_submit' is clicked on

2022-01-16 19:45:23 - [MESSAGE][PASSED] - Object: 'Object Repository/Creating public workspace/Page_Element/input_Forgot password_mx_Login_submit' is clicked on

2022-01-16 19:45:23 - [TEST_STEP][PASSED] - click(findTestObject("Object Repository/Creating public workspace/Page_Element/div_Verify with Security Key")): Object: 'Object Repository/Creating public workspace/Page_Element/div_Verify with Security Key' is clicked on

2022-01-16 19:45:57 - [MESSAGE][PASSED] - Object: 'Object Repository/Creating public workspace/Page_Element/div_Verify with Security Key' is clicked on

2022-01-16 19:45:57 - [TEST_STEP][PASSED] - setText(findTestObject("Object Repository/Creating public workspace/Page_Element/input_Security Key_mx_Field_4"), "EsTz GjF9 i17E JLpz sfyb e7c5 tV5p wVxd Jh5S uSmg KYJr KDsR"): Text 'EsTz GjF9 i17E JLpz sfyb e7c5 tV5p wVxd Jh5S uSmg KYJr KDsR' is set on object 'Object Repository/Creating public workspace/Page_Element/input_Security Key_mx_Field_4'

2022-01-16 19:46:57 - [MESSAGE][PASSED] - Text 'EsTz GjF9 i17E JLpz sfyb e7c5 tV5p wVxd Jh5S uSmg KYJr KDsR' is set on object 'Object Repository/Creating public workspace/Page_Element/input_Security Key_mx_Field_4'

2022-01-16 19:46:57 - [TEST_STEP][PASSED] - click(findTestObject("Object Repository/Creating public workspace/Page_Element/button_Continue")): Object: 'Object Repository/Creating public workspace/Page_Element/button_Continue' is clicked on

2022-01-16 19:47:27 - [MESSAGE][PASSED] - Object: 'Object Repository/Creating public workspace/Page_Element/button_Continue' is clicked on

2022-01-16 19:47:27 - [TEST_STEP][PASSED] - click(findTestObject("Object Repository/Creating public workspace/Page_Element/div_Done")): Object: 'Object Repository/Creating public workspace/Page_Element/div_Done' is clicked on

2022-01-16 19:47:58 - [MESSAGE][PASSED] - Object: 'Object Repository/Creating public workspace/Page_Element/div_Done' is clicked on

2022-01-16 19:47:58 - [TEST_STEP][PASSED] - click(findTestObject("Object Repository/Creating public workspace/Page_Element/div_Enable_mx_SpaceButton_icon")): Object: 'Object Repository/Creating public workspace/Page_Element/div_Enable_mx_SpaceButton_icon' is clicked on

2022-01-16 19:48:28 - [MESSAGE][PASSED] - Object: 'Object Repository/Creating public workspace/Page_Element/div_Enable_mx_SpaceButton_icon' is clicked on

2022-01-16 19:48:28 - [TEST_STEP][PASSED] - click(findTestObject("Object Repository/Creating public workspace/Page_Element/span_Open space for anyone, best for communities")): Object: 'Object Repository/Creating public workspace/Page_Element/span_Open space for anyone, best for communities' is clicked on

2022-01-16 19:48:58 - [MESSAGE][PASSED] - Object: 'Object Repository/Creating public workspace/Page_Element/span_Open space for anyone, best for communities' is clicked on

2022-01-16 19:48:58 - [TEST_STEP][PASSED] - setText(findTestObject("Object Repository/Creating public workspace/Page_Element/input_Upload_spaceName"), ws_name): Text 'fakjsdfa;klsdjflk;adsjf' is set on object 'Object Repository/Creating public workspace/Page_Element/input_Upload_spaceName'

2022-01-16 19:49:58 - [MESSAGE][PASSED] - Text 'fakjsdfa;klsdjflk;adsjf' is set on object 'Object Repository/Creating public workspace/Page_Element/input_Upload_spaceName'

2022-01-16 19:49:58 - [TEST_STEP][PASSED] - click(findTestObject("Object Repository/Creating public workspace/Page_Element/div_Addressmatrix.org")): Object: 'Object Repository/Creating public workspace/Page_Element/div_Addressmatrix.org' is clicked on

2022-01-16 19:50:28 - [MESSAGE][PASSED] - Object: 'Object Repository/Creating public workspace/Page_Element/div_Addressmatrix.org' is clicked on

2022-01-16 19:50:28 - [TEST_STEP][PASSED] - setText(findTestObject("Object Repository/Creating public workspace/Page_Element/input__mx_Field_6"), ws_add): Text 'test1' is set on object 'Object Repository/Creating public workspace/Page_Element/input__mx_Field_6'

2022-01-16 19:51:29 - [MESSAGE][PASSED] - Text 'test1' is set on object 'Object Repository/Creating public workspace/Page_Element/input__mx_Field_6'

2022-01-16 19:51:29 - [TEST_STEP][PASSED] - verifyElementClickable(findTestObject("Object Repository/Creating public workspace/Page_Element/div_Create")): Object 'Object Repository/Creating public workspace/Page_Element/div_Create' is clickable

2022-01-16 19:51:59 - [MESSAGE][PASSED] - Object 'Object Repository/Creating public workspace/Page_Element/div_Create' is clickable

2022-01-16 19:51:59 - [TEST_STEP][PASSED] - closeBrowser(): Browser is closed

2022-01-16 19:51:59 - [MESSAGE][PASSED] - Browser is closed]]></system-out>
         <system-err><![CDATA[]]></system-err>
      </testcase>
      <testcase name="Test Cases/TC17-20. Creating public workspace with address" time="516.94" classname="Test Cases/TC17-20. Creating public workspace with address" status="PASSED">
         <system-out><![CDATA[2022-01-16 19:51:59 - [TEST_CASE][PASSED] - Test Cases/TC17-20. Creating public workspace with address: Test Cases/TC17-20. Creating public workspace with address

2022-01-16 19:51:59 - [TEST_STEP][PASSED] - openBrowser(""): Browser is opened with url: ''

2022-01-16 19:51:59 - [MESSAGE][INFO] - Starting 'Chrome' driver

2022-01-16 19:51:59 - [MESSAGE][INFO] - Action delay is set to 0 milliseconds

2022-01-16 19:52:01 - [MESSAGE][PASSED] - Browser is opened with url: ''

2022-01-16 19:52:01 - [TEST_STEP][PASSED] - navigateToUrl("http://localhost:8080/#/login"): Navigate to 'http://localhost:8080/#/login' successfully

2022-01-16 19:52:02 - [MESSAGE][PASSED] - Navigate to 'http://localhost:8080/#/login' successfully

2022-01-16 19:52:02 - [TEST_STEP][PASSED] - setText(findTestObject("Object Repository/Creating public workspace/Page_Element/input_Sign in with_username"), "tvminh19"): Text 'tvminh19' is set on object 'Object Repository/Creating public workspace/Page_Element/input_Sign in with_username'

2022-01-16 19:53:03 - [MESSAGE][PASSED] - Text 'tvminh19' is set on object 'Object Repository/Creating public workspace/Page_Element/input_Sign in with_username'

2022-01-16 19:53:03 - [TEST_STEP][PASSED] - setEncryptedText(findTestObject("Object Repository/Creating public workspace/Page_Element/input_Username_password"), "ZMYEqBLXlqKBS+xCxiYvcQ=="): Text ****** has been set on object 'Object Repository/Creating public workspace/Page_Element/input_Username_password'

2022-01-16 19:53:33 - [MESSAGE][PASSED] - Text ****** has been set on object 'Object Repository/Creating public workspace/Page_Element/input_Username_password'

2022-01-16 19:53:33 - [TEST_STEP][PASSED] - click(findTestObject("Object Repository/Creating public workspace/Page_Element/input_Forgot password_mx_Login_submit")): Object: 'Object Repository/Creating public workspace/Page_Element/input_Forgot password_mx_Login_submit' is clicked on

2022-01-16 19:54:03 - [MESSAGE][PASSED] - Object: 'Object Repository/Creating public workspace/Page_Element/input_Forgot password_mx_Login_submit' is clicked on

2022-01-16 19:54:03 - [TEST_STEP][PASSED] - click(findTestObject("Object Repository/Creating public workspace/Page_Element/div_Verify with Security Key")): Object: 'Object Repository/Creating public workspace/Page_Element/div_Verify with Security Key' is clicked on

2022-01-16 19:54:34 - [MESSAGE][PASSED] - Object: 'Object Repository/Creating public workspace/Page_Element/div_Verify with Security Key' is clicked on

2022-01-16 19:54:34 - [TEST_STEP][PASSED] - setText(findTestObject("Object Repository/Creating public workspace/Page_Element/input_Security Key_mx_Field_4"), "EsTz GjF9 i17E JLpz sfyb e7c5 tV5p wVxd Jh5S uSmg KYJr KDsR"): Text 'EsTz GjF9 i17E JLpz sfyb e7c5 tV5p wVxd Jh5S uSmg KYJr KDsR' is set on object 'Object Repository/Creating public workspace/Page_Element/input_Security Key_mx_Field_4'

2022-01-16 19:55:34 - [MESSAGE][PASSED] - Text 'EsTz GjF9 i17E JLpz sfyb e7c5 tV5p wVxd Jh5S uSmg KYJr KDsR' is set on object 'Object Repository/Creating public workspace/Page_Element/input_Security Key_mx_Field_4'

2022-01-16 19:55:34 - [TEST_STEP][PASSED] - click(findTestObject("Object Repository/Creating public workspace/Page_Element/button_Continue")): Object: 'Object Repository/Creating public workspace/Page_Element/button_Continue' is clicked on

2022-01-16 19:56:04 - [MESSAGE][PASSED] - Object: 'Object Repository/Creating public workspace/Page_Element/button_Continue' is clicked on

2022-01-16 19:56:04 - [TEST_STEP][PASSED] - click(findTestObject("Object Repository/Creating public workspace/Page_Element/div_Done")): Object: 'Object Repository/Creating public workspace/Page_Element/div_Done' is clicked on

2022-01-16 19:56:34 - [MESSAGE][PASSED] - Object: 'Object Repository/Creating public workspace/Page_Element/div_Done' is clicked on

2022-01-16 19:56:34 - [TEST_STEP][PASSED] - click(findTestObject("Object Repository/Creating public workspace/Page_Element/div_Enable_mx_SpaceButton_icon")): Object: 'Object Repository/Creating public workspace/Page_Element/div_Enable_mx_SpaceButton_icon' is clicked on

2022-01-16 19:57:04 - [MESSAGE][PASSED] - Object: 'Object Repository/Creating public workspace/Page_Element/div_Enable_mx_SpaceButton_icon' is clicked on

2022-01-16 19:57:04 - [TEST_STEP][PASSED] - click(findTestObject("Object Repository/Creating public workspace/Page_Element/span_Open space for anyone, best for communities")): Object: 'Object Repository/Creating public workspace/Page_Element/span_Open space for anyone, best for communities' is clicked on

2022-01-16 19:57:35 - [MESSAGE][PASSED] - Object: 'Object Repository/Creating public workspace/Page_Element/span_Open space for anyone, best for communities' is clicked on

2022-01-16 19:57:35 - [TEST_STEP][PASSED] - setText(findTestObject("Object Repository/Creating public workspace/Page_Element/input_Upload_spaceName"), ws_name): Text 'nctaiiii' is set on object 'Object Repository/Creating public workspace/Page_Element/input_Upload_spaceName'

2022-01-16 19:58:35 - [MESSAGE][PASSED] - Text 'nctaiiii' is set on object 'Object Repository/Creating public workspace/Page_Element/input_Upload_spaceName'

2022-01-16 19:58:35 - [TEST_STEP][PASSED] - click(findTestObject("Object Repository/Creating public workspace/Page_Element/div_Addressmatrix.org")): Object: 'Object Repository/Creating public workspace/Page_Element/div_Addressmatrix.org' is clicked on

2022-01-16 19:59:05 - [MESSAGE][PASSED] - Object: 'Object Repository/Creating public workspace/Page_Element/div_Addressmatrix.org' is clicked on

2022-01-16 19:59:05 - [TEST_STEP][PASSED] - setText(findTestObject("Object Repository/Creating public workspace/Page_Element/input__mx_Field_6"), ws_add): Text 'nctaiiiii' is set on object 'Object Repository/Creating public workspace/Page_Element/input__mx_Field_6'

2022-01-16 20:00:05 - [MESSAGE][PASSED] - Text 'nctaiiiii' is set on object 'Object Repository/Creating public workspace/Page_Element/input__mx_Field_6'

2022-01-16 20:00:05 - [TEST_STEP][PASSED] - verifyElementClickable(findTestObject("Object Repository/Creating public workspace/Page_Element/div_Create")): Object 'Object Repository/Creating public workspace/Page_Element/div_Create' is clickable

2022-01-16 20:00:36 - [MESSAGE][PASSED] - Object 'Object Repository/Creating public workspace/Page_Element/div_Create' is clickable

2022-01-16 20:00:36 - [TEST_STEP][PASSED] - closeBrowser(): Browser is closed

2022-01-16 20:00:36 - [MESSAGE][PASSED] - Browser is closed]]></system-out>
         <system-err><![CDATA[]]></system-err>
      </testcase>
      <testcase name="Test Cases/TC17-20. Creating public workspace with address" time="405.09" classname="Test Cases/TC17-20. Creating public workspace with address" status="PASSED">
         <system-out><![CDATA[2022-01-16 20:00:36 - [TEST_CASE][PASSED] - Test Cases/TC17-20. Creating public workspace with address: Test Cases/TC17-20. Creating public workspace with address

2022-01-16 20:00:36 - [TEST_STEP][PASSED] - openBrowser(""): Browser is opened with url: ''

2022-01-16 20:00:36 - [MESSAGE][INFO] - Starting 'Chrome' driver

2022-01-16 20:00:36 - [MESSAGE][INFO] - Action delay is set to 0 milliseconds

2022-01-16 20:00:38 - [MESSAGE][PASSED] - Browser is opened with url: ''

2022-01-16 20:00:38 - [TEST_STEP][PASSED] - navigateToUrl("http://localhost:8080/#/login"): Navigate to 'http://localhost:8080/#/login' successfully

2022-01-16 20:00:40 - [MESSAGE][PASSED] - Navigate to 'http://localhost:8080/#/login' successfully

2022-01-16 20:00:40 - [TEST_STEP][PASSED] - setText(findTestObject("Object Repository/Creating public workspace/Page_Element/input_Sign in with_username"), "tvminh19"): Text 'tvminh19' is set on object 'Object Repository/Creating public workspace/Page_Element/input_Sign in with_username'

2022-01-16 20:00:44 - [MESSAGE][PASSED] - Text 'tvminh19' is set on object 'Object Repository/Creating public workspace/Page_Element/input_Sign in with_username'

2022-01-16 20:00:44 - [TEST_STEP][PASSED] - setEncryptedText(findTestObject("Object Repository/Creating public workspace/Page_Element/input_Username_password"), "ZMYEqBLXlqKBS+xCxiYvcQ=="): Text ****** has been set on object 'Object Repository/Creating public workspace/Page_Element/input_Username_password'

2022-01-16 20:00:45 - [MESSAGE][PASSED] - Text ****** has been set on object 'Object Repository/Creating public workspace/Page_Element/input_Username_password'

2022-01-16 20:00:45 - [TEST_STEP][PASSED] - click(findTestObject("Object Repository/Creating public workspace/Page_Element/input_Forgot password_mx_Login_submit")): Object: 'Object Repository/Creating public workspace/Page_Element/input_Forgot password_mx_Login_submit' is clicked on

2022-01-16 20:00:45 - [MESSAGE][PASSED] - Object: 'Object Repository/Creating public workspace/Page_Element/input_Forgot password_mx_Login_submit' is clicked on

2022-01-16 20:00:45 - [TEST_STEP][PASSED] - click(findTestObject("Object Repository/Creating public workspace/Page_Element/div_Verify with Security Key")): Object: 'Object Repository/Creating public workspace/Page_Element/div_Verify with Security Key' is clicked on

2022-01-16 20:01:19 - [MESSAGE][PASSED] - Object: 'Object Repository/Creating public workspace/Page_Element/div_Verify with Security Key' is clicked on

2022-01-16 20:01:19 - [TEST_STEP][PASSED] - setText(findTestObject("Object Repository/Creating public workspace/Page_Element/input_Security Key_mx_Field_4"), "EsTz GjF9 i17E JLpz sfyb e7c5 tV5p wVxd Jh5S uSmg KYJr KDsR"): Text 'EsTz GjF9 i17E JLpz sfyb e7c5 tV5p wVxd Jh5S uSmg KYJr KDsR' is set on object 'Object Repository/Creating public workspace/Page_Element/input_Security Key_mx_Field_4'

2022-01-16 20:02:19 - [MESSAGE][PASSED] - Text 'EsTz GjF9 i17E JLpz sfyb e7c5 tV5p wVxd Jh5S uSmg KYJr KDsR' is set on object 'Object Repository/Creating public workspace/Page_Element/input_Security Key_mx_Field_4'

2022-01-16 20:02:19 - [TEST_STEP][PASSED] - click(findTestObject("Object Repository/Creating public workspace/Page_Element/button_Continue")): Object: 'Object Repository/Creating public workspace/Page_Element/button_Continue' is clicked on

2022-01-16 20:02:49 - [MESSAGE][PASSED] - Object: 'Object Repository/Creating public workspace/Page_Element/button_Continue' is clicked on

2022-01-16 20:02:49 - [TEST_STEP][PASSED] - click(findTestObject("Object Repository/Creating public workspace/Page_Element/div_Done")): Object: 'Object Repository/Creating public workspace/Page_Element/div_Done' is clicked on

2022-01-16 20:03:19 - [MESSAGE][PASSED] - Object: 'Object Repository/Creating public workspace/Page_Element/div_Done' is clicked on

2022-01-16 20:03:19 - [TEST_STEP][PASSED] - click(findTestObject("Object Repository/Creating public workspace/Page_Element/div_Enable_mx_SpaceButton_icon")): Object: 'Object Repository/Creating public workspace/Page_Element/div_Enable_mx_SpaceButton_icon' is clicked on

2022-01-16 20:03:50 - [MESSAGE][PASSED] - Object: 'Object Repository/Creating public workspace/Page_Element/div_Enable_mx_SpaceButton_icon' is clicked on

2022-01-16 20:03:50 - [TEST_STEP][PASSED] - click(findTestObject("Object Repository/Creating public workspace/Page_Element/span_Open space for anyone, best for communities")): Object: 'Object Repository/Creating public workspace/Page_Element/span_Open space for anyone, best for communities' is clicked on

2022-01-16 20:04:20 - [MESSAGE][PASSED] - Object: 'Object Repository/Creating public workspace/Page_Element/span_Open space for anyone, best for communities' is clicked on

2022-01-16 20:04:20 - [TEST_STEP][PASSED] - setText(findTestObject("Object Repository/Creating public workspace/Page_Element/input_Upload_spaceName"), ws_name): Text '' is set on object 'Object Repository/Creating public workspace/Page_Element/input_Upload_spaceName'

2022-01-16 20:05:20 - [MESSAGE][PASSED] - Text '' is set on object 'Object Repository/Creating public workspace/Page_Element/input_Upload_spaceName'

2022-01-16 20:05:20 - [TEST_STEP][PASSED] - click(findTestObject("Object Repository/Creating public workspace/Page_Element/div_Addressmatrix.org")): Object: 'Object Repository/Creating public workspace/Page_Element/div_Addressmatrix.org' is clicked on

2022-01-16 20:05:50 - [MESSAGE][PASSED] - Object: 'Object Repository/Creating public workspace/Page_Element/div_Addressmatrix.org' is clicked on

2022-01-16 20:05:50 - [TEST_STEP][PASSED] - setText(findTestObject("Object Repository/Creating public workspace/Page_Element/input__mx_Field_6"), ws_add): Text 'abccdef' is set on object 'Object Repository/Creating public workspace/Page_Element/input__mx_Field_6'

2022-01-16 20:06:51 - [MESSAGE][PASSED] - Text 'abccdef' is set on object 'Object Repository/Creating public workspace/Page_Element/input__mx_Field_6'

2022-01-16 20:06:51 - [TEST_STEP][PASSED] - verifyElementClickable(findTestObject("Object Repository/Creating public workspace/Page_Element/div_Create")): Object 'Object Repository/Creating public workspace/Page_Element/div_Create' is clickable

2022-01-16 20:07:21 - [MESSAGE][PASSED] - Object 'Object Repository/Creating public workspace/Page_Element/div_Create' is clickable

2022-01-16 20:07:21 - [TEST_STEP][PASSED] - closeBrowser(): Browser is closed

2022-01-16 20:07:21 - [MESSAGE][PASSED] - Browser is closed]]></system-out>
         <system-err><![CDATA[]]></system-err>
      </testcase>
      <system-out><![CDATA[2022-01-16 19:36:35 - [TEST_SUITE][PASSED] - TC17-20. Creating public workspace: Test Cases/TC17-20. Creating public workspace with address]]></system-out>
      <system-err><![CDATA[]]></system-err>
   </testsuite>
</testsuites>
