<?xml version="1.0" encoding="UTF-8"?>
<testsuites name="TC47-48" time="729.291" tests="2" failures="0" errors="0">
   <testsuite name="TC47-48" tests="2" failures="0" errors="0" time="729.291" skipped="0" timestamp="2022-01-16 23:38:32" hostname="Dell T5810 - T5810.mshome.net" id="Test Suites/TC47-48">
      <properties>
         <property name="deviceName" value=""/>
         <property name="devicePlatform" value=""/>
         <property name="logFolder" value="D:\\Personal\\University\\3rd_year\\1st_term\\CS300_SoftwareEngineering x\\BONUS\\Test-Automation-SE-Bonus-Katalon\\Reports\\20220116_230421\\TC47-48\\20220116_230455"/>
         <property name="logFiles" value="D:\\Personal\\University\\3rd_year\\1st_term\\CS300_SoftwareEngineering x\\BONUS\\Test-Automation-SE-Bonus-Katalon\\Reports\\20220116_230421\\TC47-48\\20220116_230455\\execution0.log"/>
         <property name="attachments" value=""/>
         <property name="hostName" value="Dell T5810 - T5810.mshome.net"/>
         <property name="os" value="Windows 10 64bit"/>
         <property name="katalonVersion" value="8.2.0.208"/>
         <property name="browser" value="Chrome 97.0.4692.71"/>
         <property name="hostAddress" value="172.17.142.97"/>
         <property name="sessionId" value="5484a6a87c3c533b741df04747cc1d4e"/>
         <property name="seleniumVersion" value="3.141.59"/>
         <property name="proxyInformation" value="ProxyInformation { proxyOption=NO_PROXY, proxyServerType=HTTP, username=, password=********, proxyServerAddress=, proxyServerPort=0, executionList=&quot;&quot;, isApplyToDesiredCapabilities=true }"/>
         <property name="platform" value="Windows 10"/>
      </properties>
      <testcase name="Test Cases/TC47. Help and About - Submit debug logs" time="431.01" classname="Test Cases/TC47. Help and About - Submit debug logs" status="PASSED">
         <system-out><![CDATA[2022-01-16 23:38:32 - [TEST_CASE][PASSED] - Test Cases/TC47. Help and About - Submit debug logs: Test Cases/TC47. Help and About - Submit debug logs

2022-01-16 23:38:33 - [TEST_STEP][PASSED] - openBrowser(""): Browser is opened with url: ''

2022-01-16 23:38:34 - [MESSAGE][INFO] - Starting 'Chrome' driver

2022-01-16 23:38:34 - [MESSAGE][INFO] - Action delay is set to 0 milliseconds

2022-01-16 23:38:37 - [MESSAGE][PASSED] - Browser is opened with url: ''

2022-01-16 23:38:37 - [TEST_STEP][PASSED] - navigateToUrl("http://localhost:8080/#/login"): Navigate to 'http://localhost:8080/#/login' successfully

2022-01-16 23:38:39 - [MESSAGE][PASSED] - Navigate to 'http://localhost:8080/#/login' successfully

2022-01-16 23:38:39 - [TEST_STEP][PASSED] - setText(findTestObject("Object Repository/Help and About - Submit debug logs/Page_Element/input_Sign in with_username"), "nctai"): Text 'nctai' is set on object 'Object Repository/Help and About - Submit debug logs/Page_Element/input_Sign in with_username'

2022-01-16 23:38:43 - [MESSAGE][PASSED] - Text 'nctai' is set on object 'Object Repository/Help and About - Submit debug logs/Page_Element/input_Sign in with_username'

2022-01-16 23:38:43 - [TEST_STEP][PASSED] - setEncryptedText(findTestObject("Object Repository/Help and About - Submit debug logs/Page_Element/input_Username_password"), "EkCegUu2cCIeOttlbhr1Gg=="): Text ****** has been set on object 'Object Repository/Help and About - Submit debug logs/Page_Element/input_Username_password'

2022-01-16 23:38:44 - [MESSAGE][PASSED] - Text ****** has been set on object 'Object Repository/Help and About - Submit debug logs/Page_Element/input_Username_password'

2022-01-16 23:38:44 - [TEST_STEP][PASSED] - click(findTestObject("Object Repository/Help and About - Submit debug logs/Page_Element/input_Forgot password_mx_Login_submit")): Object: 'Object Repository/Help and About - Submit debug logs/Page_Element/input_Forgot password_mx_Login_submit' is clicked on

2022-01-16 23:38:44 - [MESSAGE][PASSED] - Object: 'Object Repository/Help and About - Submit debug logs/Page_Element/input_Forgot password_mx_Login_submit' is clicked on

2022-01-16 23:38:44 - [TEST_STEP][PASSED] - click(findTestObject("Object Repository/Help and About - Submit debug logs/Page_Element 3/div_Verify with Security Key or Phrase")): Object: 'Object Repository/Help and About - Submit debug logs/Page_Element 3/div_Verify with Security Key or Phrase' is clicked on

2022-01-16 23:39:30 - [MESSAGE][PASSED] - Object: 'Object Repository/Help and About - Submit debug logs/Page_Element 3/div_Verify with Security Key or Phrase' is clicked on

2022-01-16 23:39:30 - [TEST_STEP][PASSED] - setEncryptedText(findTestObject("Object Repository/Help and About - Submit debug logs/Page_Element 3/input_use your Security Key_mx_passPhraseInput"), "reV6H350bXVA0kTbjZFhCPXAh4FFL4It6typrKizvxSyJdUn2mpvZeL5nXz6yBWwF/LIkIubCxLuDiWR7yvugw=="): Text ****** has been set on object 'Object Repository/Help and About - Submit debug logs/Page_Element 3/input_use your Security Key_mx_passPhraseInput'

2022-01-16 23:40:01 - [MESSAGE][PASSED] - Text ****** has been set on object 'Object Repository/Help and About - Submit debug logs/Page_Element 3/input_use your Security Key_mx_passPhraseInput'

2022-01-16 23:40:01 - [TEST_STEP][PASSED] - click(findTestObject("Object Repository/Help and About - Submit debug logs/Page_Element 3/button_Continue")): Object: 'Object Repository/Help and About - Submit debug logs/Page_Element 3/button_Continue' is clicked on

2022-01-16 23:40:31 - [MESSAGE][PASSED] - Object: 'Object Repository/Help and About - Submit debug logs/Page_Element 3/button_Continue' is clicked on

2022-01-16 23:40:31 - [TEST_STEP][PASSED] - click(findTestObject("Object Repository/Help and About - Submit debug logs/Page_Element 3/div_Done")): Object: 'Object Repository/Help and About - Submit debug logs/Page_Element 3/div_Done' is clicked on

2022-01-16 23:40:53 - [MESSAGE][PASSED] - Object: 'Object Repository/Help and About - Submit debug logs/Page_Element 3/div_Done' is clicked on

2022-01-16 23:40:53 - [TEST_STEP][PASSED] - click(findTestObject("Object Repository/Help and About - Submit debug logs/Page_Element 3/img_Review_mx_BaseAvatar_image")): Object: 'Object Repository/Help and About - Submit debug logs/Page_Element 3/img_Review_mx_BaseAvatar_image' is clicked on

2022-01-16 23:41:24 - [MESSAGE][PASSED] - Object: 'Object Repository/Help and About - Submit debug logs/Page_Element 3/img_Review_mx_BaseAvatar_image' is clicked on

2022-01-16 23:41:24 - [TEST_STEP][PASSED] - click(findTestObject("Object Repository/Help and About - Submit debug logs/Page_Element 3/span_Security  privacy_mx_IconizedContextMe_38942c")): Object: 'Object Repository/Help and About - Submit debug logs/Page_Element 3/span_Security  privacy_mx_IconizedContextMe_38942c' is clicked on

2022-01-16 23:41:42 - [MESSAGE][PASSED] - Object: 'Object Repository/Help and About - Submit debug logs/Page_Element 3/span_Security  privacy_mx_IconizedContextMe_38942c' is clicked on

2022-01-16 23:41:42 - [TEST_STEP][PASSED] - click(findTestObject("Object Repository/Help and About - Submit debug logs/Page_Element 3/div_Help  About")): Object: 'Object Repository/Help and About - Submit debug logs/Page_Element 3/div_Help  About' is clicked on

2022-01-16 23:42:12 - [MESSAGE][PASSED] - Object: 'Object Repository/Help and About - Submit debug logs/Page_Element 3/div_Help  About' is clicked on

2022-01-16 23:42:12 - [TEST_STEP][PASSED] - click(findTestObject("Object Repository/Help and About - Submit debug logs/Page_Element 3/div_Submit debug logs")): Object: 'Object Repository/Help and About - Submit debug logs/Page_Element 3/div_Submit debug logs' is clicked on

2022-01-16 23:42:42 - [MESSAGE][PASSED] - Object: 'Object Repository/Help and About - Submit debug logs/Page_Element 3/div_Submit debug logs' is clicked on

2022-01-16 23:42:42 - [TEST_STEP][PASSED] - setText(findTestObject("Object Repository/Help and About - Submit debug logs/Page_Element 3/input_Download logs_mx_Field_11"), "aabscd"): Text 'aabscd' is set on object 'Object Repository/Help and About - Submit debug logs/Page_Element 3/input_Download logs_mx_Field_11'

2022-01-16 23:43:42 - [MESSAGE][PASSED] - Text 'aabscd' is set on object 'Object Repository/Help and About - Submit debug logs/Page_Element 3/input_Download logs_mx_Field_11'

2022-01-16 23:43:42 - [TEST_STEP][PASSED] - rightClick(findTestObject("Object Repository/Help and About - Submit debug logs/Page_Element 3/button_Send logs")): Object: 'Object Repository/Help and About - Submit debug logs/Page_Element 3/button_Send logs' is right clicked on

2022-01-16 23:44:13 - [MESSAGE][PASSED] - Object: 'Object Repository/Help and About - Submit debug logs/Page_Element 3/button_Send logs' is right clicked on

2022-01-16 23:44:13 - [TEST_STEP][PASSED] - setText(findTestObject("Object Repository/Help and About - Submit debug logs/Page_Element 3/textarea_asdfasdf"), "asdfasdf"): Text 'asdfasdf' is set on object 'Object Repository/Help and About - Submit debug logs/Page_Element 3/textarea_asdfasdf'

2022-01-16 23:45:13 - [MESSAGE][PASSED] - Text 'asdfasdf' is set on object 'Object Repository/Help and About - Submit debug logs/Page_Element 3/textarea_asdfasdf'

2022-01-16 23:45:13 - [TEST_STEP][PASSED] - verifyElementClickable(findTestObject("Object Repository/Help and About - Submit debug logs/Page_Element 3/button_Send logs")): Object 'Object Repository/Help and About - Submit debug logs/Page_Element 3/button_Send logs' is clickable

2022-01-16 23:45:43 - [MESSAGE][PASSED] - Object 'Object Repository/Help and About - Submit debug logs/Page_Element 3/button_Send logs' is clickable]]></system-out>
         <system-err><![CDATA[]]></system-err>
      </testcase>
      <testcase name="Test Cases/TC48. Help and About - Check for update" time="297.799" classname="Test Cases/TC48. Help and About - Check for update" status="PASSED">
         <system-out><![CDATA[2022-01-16 23:45:43 - [TEST_CASE][PASSED] - Test Cases/TC48. Help and About - Check for update: Test Cases/TC48. Help and About - Check for update

2022-01-16 23:45:44 - [TEST_STEP][PASSED] - openBrowser(""): Browser is opened with url: ''

2022-01-16 23:45:44 - [MESSAGE][WARNING] - A browser is already opened. Closing browser and opening a new one

2022-01-16 23:45:45 - [MESSAGE][INFO] - Starting 'Chrome' driver

2022-01-16 23:45:45 - [MESSAGE][INFO] - Action delay is set to 0 milliseconds

2022-01-16 23:45:46 - [MESSAGE][PASSED] - Browser is opened with url: ''

2022-01-16 23:45:46 - [TEST_STEP][PASSED] - navigateToUrl("http://localhost:8080/#/login"): Navigate to 'http://localhost:8080/#/login' successfully

2022-01-16 23:45:49 - [MESSAGE][PASSED] - Navigate to 'http://localhost:8080/#/login' successfully

2022-01-16 23:45:49 - [TEST_STEP][PASSED] - setText(findTestObject("Object Repository/Help and About - Check for update/Page_Element/input_Sign in with_username"), "nctai"): Text 'nctai' is set on object 'Object Repository/Help and About - Check for update/Page_Element/input_Sign in with_username'

2022-01-16 23:45:53 - [MESSAGE][PASSED] - Text 'nctai' is set on object 'Object Repository/Help and About - Check for update/Page_Element/input_Sign in with_username'

2022-01-16 23:45:53 - [TEST_STEP][PASSED] - setEncryptedText(findTestObject("Object Repository/Help and About - Check for update/Page_Element/input_Username_password"), "EkCegUu2cCIeOttlbhr1Gg=="): Text ****** has been set on object 'Object Repository/Help and About - Check for update/Page_Element/input_Username_password'

2022-01-16 23:45:53 - [MESSAGE][PASSED] - Text ****** has been set on object 'Object Repository/Help and About - Check for update/Page_Element/input_Username_password'

2022-01-16 23:45:53 - [TEST_STEP][PASSED] - click(findTestObject("Object Repository/Help and About - Check for update/Page_Element/input_Forgot password_mx_Login_submit")): Object: 'Object Repository/Help and About - Check for update/Page_Element/input_Forgot password_mx_Login_submit' is clicked on

2022-01-16 23:45:54 - [MESSAGE][PASSED] - Object: 'Object Repository/Help and About - Check for update/Page_Element/input_Forgot password_mx_Login_submit' is clicked on

2022-01-16 23:45:54 - [TEST_STEP][PASSED] - click(findTestObject("Object Repository/Help and About - Check for update/Page_Element 3/div_Verify with Security Key or Phrase")): Object: 'Object Repository/Help and About - Check for update/Page_Element 3/div_Verify with Security Key or Phrase' is clicked on

2022-01-16 23:46:38 - [MESSAGE][PASSED] - Object: 'Object Repository/Help and About - Check for update/Page_Element 3/div_Verify with Security Key or Phrase' is clicked on

2022-01-16 23:46:38 - [TEST_STEP][PASSED] - click(findTestObject("Object Repository/Help and About - Check for update/Page_Element 3/label_Security Phrase")): Object: 'Object Repository/Help and About - Check for update/Page_Element 3/label_Security Phrase' is clicked on

2022-01-16 23:47:09 - [MESSAGE][PASSED] - Object: 'Object Repository/Help and About - Check for update/Page_Element 3/label_Security Phrase' is clicked on

2022-01-16 23:47:09 - [TEST_STEP][PASSED] - setEncryptedText(findTestObject("Object Repository/Help and About - Check for update/Page_Element 3/input_use your Security Key_mx_passPhraseInput"), "reV6H350bXVA0kTbjZFhCPXAh4FFL4It6typrKizvxSyJdUn2mpvZeL5nXz6yBWwF/LIkIubCxLuDiWR7yvugw=="): Text ****** has been set on object 'Object Repository/Help and About - Check for update/Page_Element 3/input_use your Security Key_mx_passPhraseInput'

2022-01-16 23:47:39 - [MESSAGE][PASSED] - Text ****** has been set on object 'Object Repository/Help and About - Check for update/Page_Element 3/input_use your Security Key_mx_passPhraseInput'

2022-01-16 23:47:39 - [TEST_STEP][PASSED] - click(findTestObject("Object Repository/Help and About - Check for update/Page_Element 3/button_Continue")): Object: 'Object Repository/Help and About - Check for update/Page_Element 3/button_Continue' is clicked on

2022-01-16 23:48:09 - [MESSAGE][PASSED] - Object: 'Object Repository/Help and About - Check for update/Page_Element 3/button_Continue' is clicked on

2022-01-16 23:48:09 - [TEST_STEP][PASSED] - click(findTestObject("Object Repository/Help and About - Check for update/Page_Element 3/div_Done")): Object: 'Object Repository/Help and About - Check for update/Page_Element 3/div_Done' is clicked on

2022-01-16 23:48:39 - [MESSAGE][PASSED] - Object: 'Object Repository/Help and About - Check for update/Page_Element 3/div_Done' is clicked on

2022-01-16 23:48:39 - [TEST_STEP][PASSED] - click(findTestObject("Object Repository/Help and About - Check for update/Page_Element 3/img_Review_mx_BaseAvatar_image")): Object: 'Object Repository/Help and About - Check for update/Page_Element 3/img_Review_mx_BaseAvatar_image' is clicked on

2022-01-16 23:49:10 - [MESSAGE][PASSED] - Object: 'Object Repository/Help and About - Check for update/Page_Element 3/img_Review_mx_BaseAvatar_image' is clicked on

2022-01-16 23:49:10 - [TEST_STEP][PASSED] - click(findTestObject("Object Repository/Help and About - Check for update/Page_Element 3/span_Security  privacy_mx_IconizedContextMe_38942c")): Object: 'Object Repository/Help and About - Check for update/Page_Element 3/span_Security  privacy_mx_IconizedContextMe_38942c' is clicked on

2022-01-16 23:49:40 - [MESSAGE][PASSED] - Object: 'Object Repository/Help and About - Check for update/Page_Element 3/span_Security  privacy_mx_IconizedContextMe_38942c' is clicked on

2022-01-16 23:49:40 - [TEST_STEP][PASSED] - click(findTestObject("Object Repository/Help and About - Check for update/Page_Element 3/span_Help  About")): Object: 'Object Repository/Help and About - Check for update/Page_Element 3/span_Help  About' is clicked on

2022-01-16 23:50:10 - [MESSAGE][PASSED] - Object: 'Object Repository/Help and About - Check for update/Page_Element 3/span_Help  About' is clicked on

2022-01-16 23:50:10 - [TEST_STEP][PASSED] - verifyElementClickable(findTestObject("Object Repository/Help and About - Check for update/Page_Element 3/div_Check for update")): Object 'Object Repository/Help and About - Check for update/Page_Element 3/div_Check for update' is clickable

2022-01-16 23:50:41 - [MESSAGE][PASSED] - Object 'Object Repository/Help and About - Check for update/Page_Element 3/div_Check for update' is clickable

2022-01-16 23:50:41 - [TEST_STEP][PASSED] - closeBrowser(): Browser is closed

2022-01-16 23:50:41 - [MESSAGE][PASSED] - Browser is closed]]></system-out>
         <system-err><![CDATA[]]></system-err>
      </testcase>
      <system-out><![CDATA[2022-01-16 23:38:32 - [TEST_SUITE][PASSED] - TC47-48: Test Cases/TC48. Help and About - Check for update]]></system-out>
      <system-err><![CDATA[]]></system-err>
   </testsuite>
</testsuites>
