<?xml version="1.0" encoding="UTF-8"?>
<testsuites name="TC7-10. Sign In" time="206.523" tests="4" failures="0" errors="0">
   <testsuite name="TC7-10. Sign In" tests="4" failures="0" errors="0" time="206.523" skipped="0" timestamp="2022-01-16 19:35:23" hostname="Dell T5810 - T5810.mshome.net" id="Test Suites/TC7-10. Sign In">
      <properties>
         <property name="deviceName" value=""/>
         <property name="devicePlatform" value=""/>
         <property name="logFolder" value="D:\\Personal\\University\\3rd_year\\1st_term\\CS300_SoftwareEngineering x\\BONUS\\Test-Automation-SE-Bonus-Katalon\\Reports\\20220116_193452\\TC7-10. Sign In\\20220116_193455"/>
         <property name="logFiles" value="D:\\Personal\\University\\3rd_year\\1st_term\\CS300_SoftwareEngineering x\\BONUS\\Test-Automation-SE-Bonus-Katalon\\Reports\\20220116_193452\\TC7-10. Sign In\\20220116_193455\\execution0.log"/>
         <property name="attachments" value=""/>
         <property name="hostName" value="Dell T5810 - T5810.mshome.net"/>
         <property name="os" value="Windows 10 64bit"/>
         <property name="katalonVersion" value="8.2.0.208"/>
         <property name="browser" value="Chrome 97.0.4692.71"/>
         <property name="hostAddress" value="172.17.142.97"/>
         <property name="sessionId" value="226d73464aaad21e3f6ad652678cc8ea"/>
         <property name="seleniumVersion" value="3.141.59"/>
         <property name="proxyInformation" value="ProxyInformation { proxyOption=NO_PROXY, proxyServerType=HTTP, username=, password=********, proxyServerAddress=, proxyServerPort=0, executionList=&quot;&quot;, isApplyToDesiredCapabilities=true }"/>
         <property name="platform" value="Windows 10"/>
      </properties>
      <testcase name="Test Cases/TC7-10. Sign In" time="17.827" classname="Test Cases/TC7-10. Sign In" status="PASSED">
         <system-out><![CDATA[2022-01-16 19:35:24 - [TEST_CASE][PASSED] - Test Cases/TC7-10. Sign In: Test Cases/TC7-10. Sign In

2022-01-16 19:35:24 - [TEST_STEP][PASSED] - openBrowser(""): Browser is opened with url: ''

2022-01-16 19:35:25 - [MESSAGE][INFO] - Starting 'Chrome' driver

2022-01-16 19:35:25 - [MESSAGE][INFO] - Action delay is set to 0 milliseconds

2022-01-16 19:35:27 - [MESSAGE][PASSED] - Browser is opened with url: ''

2022-01-16 19:35:27 - [TEST_STEP][PASSED] - navigateToUrl("http://localhost:8080/#/login"): Navigate to 'http://localhost:8080/#/login' successfully

2022-01-16 19:35:31 - [MESSAGE][PASSED] - Navigate to 'http://localhost:8080/#/login' successfully

2022-01-16 19:35:31 - [TEST_STEP][PASSED] - setText(findTestObject("Sign In/using Username/input_Sign in with_username"), username): Text 'nctai' is set on object 'Object Repository/Sign In/using Username/input_Sign in with_username'

2022-01-16 19:35:37 - [MESSAGE][PASSED] - Text 'nctai' is set on object 'Object Repository/Sign In/using Username/input_Sign in with_username'

2022-01-16 19:35:37 - [TEST_STEP][PASSED] - setText(findTestObject("Sign In/using Username/input_Username_password"), password): Text 'Congtai123' is set on object 'Object Repository/Sign In/using Username/input_Username_password'

2022-01-16 19:35:38 - [MESSAGE][PASSED] - Text 'Congtai123' is set on object 'Object Repository/Sign In/using Username/input_Username_password'

2022-01-16 19:35:38 - [TEST_STEP][PASSED] - click(findTestObject("Sign In/using Username/input_Forgot password_mx_Login_submit")): Object: 'Object Repository/Sign In/using Username/input_Forgot password_mx_Login_submit' is clicked on

2022-01-16 19:35:39 - [MESSAGE][PASSED] - Object: 'Object Repository/Sign In/using Username/input_Forgot password_mx_Login_submit' is clicked on

2022-01-16 19:35:39 - [TEST_STEP][PASSED] - waitForPageLoad(1000, STOP_ON_FAILURE): Wait for page load successfully

2022-01-16 19:35:40 - [MESSAGE][PASSED] - Wait for page load successfully

2022-01-16 19:35:40 - [TEST_STEP][PASSED] - closeBrowser(STOP_ON_FAILURE): Browser is closed

2022-01-16 19:35:41 - [MESSAGE][PASSED] - Browser is closed]]></system-out>
         <system-err><![CDATA[]]></system-err>
      </testcase>
      <testcase name="Test Cases/TC7-10. Sign In" time="17.639" classname="Test Cases/TC7-10. Sign In" status="PASSED">
         <system-out><![CDATA[2022-01-16 19:35:41 - [TEST_CASE][PASSED] - Test Cases/TC7-10. Sign In: Test Cases/TC7-10. Sign In

2022-01-16 19:35:41 - [TEST_STEP][PASSED] - openBrowser(""): Browser is opened with url: ''

2022-01-16 19:35:41 - [MESSAGE][INFO] - Starting 'Chrome' driver

2022-01-16 19:35:41 - [MESSAGE][INFO] - Action delay is set to 0 milliseconds

2022-01-16 19:35:45 - [MESSAGE][PASSED] - Browser is opened with url: ''

2022-01-16 19:35:45 - [TEST_STEP][PASSED] - navigateToUrl("http://localhost:8080/#/login"): Navigate to 'http://localhost:8080/#/login' successfully

2022-01-16 19:35:48 - [MESSAGE][PASSED] - Navigate to 'http://localhost:8080/#/login' successfully

2022-01-16 19:35:48 - [TEST_STEP][PASSED] - setText(findTestObject("Sign In/using Username/input_Sign in with_username"), username): Text '' is set on object 'Object Repository/Sign In/using Username/input_Sign in with_username'

2022-01-16 19:35:54 - [MESSAGE][PASSED] - Text '' is set on object 'Object Repository/Sign In/using Username/input_Sign in with_username'

2022-01-16 19:35:54 - [TEST_STEP][PASSED] - setText(findTestObject("Sign In/using Username/input_Username_password"), password): Text 'Congtai123' is set on object 'Object Repository/Sign In/using Username/input_Username_password'

2022-01-16 19:35:55 - [MESSAGE][PASSED] - Text 'Congtai123' is set on object 'Object Repository/Sign In/using Username/input_Username_password'

2022-01-16 19:35:55 - [TEST_STEP][PASSED] - click(findTestObject("Sign In/using Username/input_Forgot password_mx_Login_submit")): Object: 'Object Repository/Sign In/using Username/input_Forgot password_mx_Login_submit' is clicked on

2022-01-16 19:35:56 - [MESSAGE][PASSED] - Object: 'Object Repository/Sign In/using Username/input_Forgot password_mx_Login_submit' is clicked on

2022-01-16 19:35:56 - [TEST_STEP][PASSED] - waitForPageLoad(1000, STOP_ON_FAILURE): Wait for page load successfully

2022-01-16 19:35:56 - [MESSAGE][PASSED] - Wait for page load successfully

2022-01-16 19:35:56 - [TEST_STEP][PASSED] - closeBrowser(STOP_ON_FAILURE): Browser is closed

2022-01-16 19:35:59 - [MESSAGE][PASSED] - Browser is closed]]></system-out>
         <system-err><![CDATA[]]></system-err>
      </testcase>
      <testcase name="Test Cases/TC7-10. Sign In" time="14.64" classname="Test Cases/TC7-10. Sign In" status="PASSED">
         <system-out><![CDATA[2022-01-16 19:35:59 - [TEST_CASE][PASSED] - Test Cases/TC7-10. Sign In: Test Cases/TC7-10. Sign In

2022-01-16 19:35:59 - [TEST_STEP][PASSED] - openBrowser(""): Browser is opened with url: ''

2022-01-16 19:35:59 - [MESSAGE][INFO] - Starting 'Chrome' driver

2022-01-16 19:35:59 - [MESSAGE][INFO] - Action delay is set to 0 milliseconds

2022-01-16 19:36:01 - [MESSAGE][PASSED] - Browser is opened with url: ''

2022-01-16 19:36:01 - [TEST_STEP][PASSED] - navigateToUrl("http://localhost:8080/#/login"): Navigate to 'http://localhost:8080/#/login' successfully

2022-01-16 19:36:07 - [MESSAGE][PASSED] - Navigate to 'http://localhost:8080/#/login' successfully

2022-01-16 19:36:07 - [TEST_STEP][PASSED] - setText(findTestObject("Sign In/using Username/input_Sign in with_username"), username): Text '' is set on object 'Object Repository/Sign In/using Username/input_Sign in with_username'

2022-01-16 19:36:11 - [MESSAGE][PASSED] - Text '' is set on object 'Object Repository/Sign In/using Username/input_Sign in with_username'

2022-01-16 19:36:11 - [TEST_STEP][PASSED] - setText(findTestObject("Sign In/using Username/input_Username_password"), password): Text '' is set on object 'Object Repository/Sign In/using Username/input_Username_password'

2022-01-16 19:36:12 - [MESSAGE][PASSED] - Text '' is set on object 'Object Repository/Sign In/using Username/input_Username_password'

2022-01-16 19:36:12 - [TEST_STEP][PASSED] - click(findTestObject("Sign In/using Username/input_Forgot password_mx_Login_submit")): Object: 'Object Repository/Sign In/using Username/input_Forgot password_mx_Login_submit' is clicked on

2022-01-16 19:36:13 - [MESSAGE][PASSED] - Object: 'Object Repository/Sign In/using Username/input_Forgot password_mx_Login_submit' is clicked on

2022-01-16 19:36:13 - [TEST_STEP][PASSED] - waitForPageLoad(1000, STOP_ON_FAILURE): Wait for page load successfully

2022-01-16 19:36:13 - [MESSAGE][PASSED] - Wait for page load successfully

2022-01-16 19:36:13 - [TEST_STEP][PASSED] - closeBrowser(STOP_ON_FAILURE): Browser is closed

2022-01-16 19:36:14 - [MESSAGE][PASSED] - Browser is closed]]></system-out>
         <system-err><![CDATA[]]></system-err>
      </testcase>
      <testcase name="Test Cases/TC7-10. Sign In" time="155.815" classname="Test Cases/TC7-10. Sign In" status="PASSED">
         <system-out><![CDATA[2022-01-16 19:36:14 - [TEST_CASE][PASSED] - Test Cases/TC7-10. Sign In: Test Cases/TC7-10. Sign In

2022-01-16 19:36:14 - [TEST_STEP][PASSED] - openBrowser(""): Browser is opened with url: ''

2022-01-16 19:36:14 - [MESSAGE][INFO] - Starting 'Chrome' driver

2022-01-16 19:36:14 - [MESSAGE][INFO] - Action delay is set to 0 milliseconds

2022-01-16 19:36:15 - [MESSAGE][PASSED] - Browser is opened with url: ''

2022-01-16 19:36:15 - [TEST_STEP][PASSED] - navigateToUrl("http://localhost:8080/#/login"): Navigate to 'http://localhost:8080/#/login' successfully

2022-01-16 19:36:18 - [MESSAGE][PASSED] - Navigate to 'http://localhost:8080/#/login' successfully

2022-01-16 19:36:18 - [TEST_STEP][PASSED] - setText(findTestObject("Sign In/using Username/input_Sign in with_username"), username): Text 'ntdat' is set on object 'Object Repository/Sign In/using Username/input_Sign in with_username'

2022-01-16 19:37:19 - [MESSAGE][PASSED] - Text 'ntdat' is set on object 'Object Repository/Sign In/using Username/input_Sign in with_username'

2022-01-16 19:37:19 - [TEST_STEP][PASSED] - setText(findTestObject("Sign In/using Username/input_Username_password"), password): Text '' is set on object 'Object Repository/Sign In/using Username/input_Username_password'

2022-01-16 19:38:19 - [MESSAGE][PASSED] - Text '' is set on object 'Object Repository/Sign In/using Username/input_Username_password'

2022-01-16 19:38:19 - [TEST_STEP][PASSED] - click(findTestObject("Sign In/using Username/input_Forgot password_mx_Login_submit")): Object: 'Object Repository/Sign In/using Username/input_Forgot password_mx_Login_submit' is clicked on

2022-01-16 19:38:49 - [MESSAGE][PASSED] - Object: 'Object Repository/Sign In/using Username/input_Forgot password_mx_Login_submit' is clicked on

2022-01-16 19:38:49 - [TEST_STEP][PASSED] - waitForPageLoad(1000, STOP_ON_FAILURE): Wait for page load successfully

2022-01-16 19:38:49 - [MESSAGE][PASSED] - Wait for page load successfully

2022-01-16 19:38:49 - [TEST_STEP][PASSED] - closeBrowser(STOP_ON_FAILURE): Browser is closed

2022-01-16 19:38:50 - [MESSAGE][PASSED] - Browser is closed]]></system-out>
         <system-err><![CDATA[]]></system-err>
      </testcase>
      <system-out><![CDATA[2022-01-16 19:35:23 - [TEST_SUITE][PASSED] - TC7-10. Sign In: Test Cases/TC7-10. Sign In]]></system-out>
      <system-err><![CDATA[]]></system-err>
   </testsuite>
</testsuites>
