<?xml version="1.0" encoding="UTF-8"?>
<testsuites name="TC1-6. Sign Up" time="357.447" tests="6" failures="0" errors="0">
   <testsuite name="TC1-6. Sign Up" tests="6" failures="0" errors="0" time="357.447" skipped="0" timestamp="2022-01-16 19:35:15" hostname="Dell T5810 - T5810.mshome.net" id="Test Suites/TC1-6. Sign Up">
      <properties>
         <property name="deviceName" value=""/>
         <property name="devicePlatform" value=""/>
         <property name="logFolder" value="D:\\Personal\\University\\3rd_year\\1st_term\\CS300_SoftwareEngineering x\\BONUS\\Test-Automation-SE-Bonus-Katalon\\Reports\\20220116_193452\\TC1-6. Sign Up\\20220116_193453"/>
         <property name="logFiles" value="D:\\Personal\\University\\3rd_year\\1st_term\\CS300_SoftwareEngineering x\\BONUS\\Test-Automation-SE-Bonus-Katalon\\Reports\\20220116_193452\\TC1-6. Sign Up\\20220116_193453\\execution0.log"/>
         <property name="attachments" value=""/>
         <property name="hostName" value="Dell T5810 - T5810.mshome.net"/>
         <property name="os" value="Windows 10 64bit"/>
         <property name="katalonVersion" value="8.2.0.208"/>
         <property name="browser" value="Chrome 97.0.4692.71"/>
         <property name="hostAddress" value="172.17.142.97"/>
         <property name="sessionId" value="6805b3a64a19b2056c6794a9c9083c94"/>
         <property name="seleniumVersion" value="3.141.59"/>
         <property name="proxyInformation" value="ProxyInformation { proxyOption=NO_PROXY, proxyServerType=HTTP, username=, password=********, proxyServerAddress=, proxyServerPort=0, executionList=&quot;&quot;, isApplyToDesiredCapabilities=true }"/>
         <property name="platform" value="Windows 10"/>
      </properties>
      <testcase name="Test Cases/TC1-6. Sign Up" time="16.009" classname="Test Cases/TC1-6. Sign Up" status="PASSED">
         <system-out><![CDATA[2022-01-16 19:35:16 - [TEST_CASE][PASSED] - Test Cases/TC1-6. Sign Up: Test Cases/TC1-6. Sign Up

2022-01-16 19:35:17 - [TEST_STEP][PASSED] - openBrowser(""): Browser is opened with url: ''

2022-01-16 19:35:17 - [MESSAGE][INFO] - Starting 'Chrome' driver

2022-01-16 19:35:17 - [MESSAGE][INFO] - Action delay is set to 0 milliseconds

2022-01-16 19:35:19 - [MESSAGE][PASSED] - Browser is opened with url: ''

2022-01-16 19:35:19 - [TEST_STEP][PASSED] - navigateToUrl("http://localhost:8080/#/register"): Navigate to 'http://localhost:8080/#/register' successfully

2022-01-16 19:35:22 - [MESSAGE][PASSED] - Navigate to 'http://localhost:8080/#/register' successfully

2022-01-16 19:35:22 - [TEST_STEP][PASSED] - setText(findTestObject("Object Repository/Sign Up/Page_Element/input_Or_mx_RegistrationForm_username"), username): Text 'nctaiii' is set on object 'Object Repository/Sign Up/Page_Element/input_Or_mx_RegistrationForm_username'

2022-01-16 19:35:27 - [MESSAGE][PASSED] - Text 'nctaiii' is set on object 'Object Repository/Sign Up/Page_Element/input_Or_mx_RegistrationForm_username'

2022-01-16 19:35:27 - [TEST_STEP][PASSED] - setText(findTestObject("Object Repository/Sign Up/Page_Element/input_Username_mx_RegistrationForm_password"), password): Text 'Congtai123' is set on object 'Object Repository/Sign Up/Page_Element/input_Username_mx_RegistrationForm_password'

2022-01-16 19:35:28 - [MESSAGE][PASSED] - Text 'Congtai123' is set on object 'Object Repository/Sign Up/Page_Element/input_Username_mx_RegistrationForm_password'

2022-01-16 19:35:28 - [TEST_STEP][PASSED] - click(findTestObject("Object Repository/Sign Up/Page_Element/div_Confirm password")): Object: 'Object Repository/Sign Up/Page_Element/div_Confirm password' is clicked on

2022-01-16 19:35:30 - [MESSAGE][PASSED] - Object: 'Object Repository/Sign Up/Page_Element/div_Confirm password' is clicked on

2022-01-16 19:35:30 - [TEST_STEP][PASSED] - setText(findTestObject("Object Repository/Sign Up/Page_Element/input_Password_mx_RegistrationForm_passwordConfirm"), confirmpassword): Text 'Congtai123' is set on object 'Object Repository/Sign Up/Page_Element/input_Password_mx_RegistrationForm_passwordConfirm'

2022-01-16 19:35:30 - [MESSAGE][PASSED] - Text 'Congtai123' is set on object 'Object Repository/Sign Up/Page_Element/input_Password_mx_RegistrationForm_passwordConfirm'

2022-01-16 19:35:30 - [TEST_STEP][PASSED] - setText(findTestObject("Object Repository/Sign Up/Page_Element/input_Confirm password_mx_Field_1"), email): Text 'xmonkeydlufx@gmail.com' is set on object 'Object Repository/Sign Up/Page_Element/input_Confirm password_mx_Field_1'

2022-01-16 19:35:31 - [MESSAGE][PASSED] - Text 'xmonkeydlufx@gmail.com' is set on object 'Object Repository/Sign Up/Page_Element/input_Confirm password_mx_Field_1'

2022-01-16 19:35:31 - [TEST_STEP][PASSED] - closeBrowser(): Browser is closed

2022-01-16 19:35:32 - [MESSAGE][PASSED] - Browser is closed]]></system-out>
         <system-err><![CDATA[]]></system-err>
      </testcase>
      <testcase name="Test Cases/TC1-6. Sign Up" time="23.333" classname="Test Cases/TC1-6. Sign Up" status="PASSED">
         <system-out><![CDATA[2022-01-16 19:35:32 - [TEST_CASE][PASSED] - Test Cases/TC1-6. Sign Up: Test Cases/TC1-6. Sign Up

2022-01-16 19:35:32 - [TEST_STEP][PASSED] - openBrowser(""): Browser is opened with url: ''

2022-01-16 19:35:32 - [MESSAGE][INFO] - Starting 'Chrome' driver

2022-01-16 19:35:32 - [MESSAGE][INFO] - Action delay is set to 0 milliseconds

2022-01-16 19:35:34 - [MESSAGE][PASSED] - Browser is opened with url: ''

2022-01-16 19:35:34 - [TEST_STEP][PASSED] - navigateToUrl("http://localhost:8080/#/register"): Navigate to 'http://localhost:8080/#/register' successfully

2022-01-16 19:35:38 - [MESSAGE][PASSED] - Navigate to 'http://localhost:8080/#/register' successfully

2022-01-16 19:35:38 - [TEST_STEP][PASSED] - setText(findTestObject("Object Repository/Sign Up/Page_Element/input_Or_mx_RegistrationForm_username"), username): Text 'nctaiiii' is set on object 'Object Repository/Sign Up/Page_Element/input_Or_mx_RegistrationForm_username'

2022-01-16 19:35:46 - [MESSAGE][PASSED] - Text 'nctaiiii' is set on object 'Object Repository/Sign Up/Page_Element/input_Or_mx_RegistrationForm_username'

2022-01-16 19:35:46 - [TEST_STEP][PASSED] - setText(findTestObject("Object Repository/Sign Up/Page_Element/input_Username_mx_RegistrationForm_password"), password): Text 'Congtai123' is set on object 'Object Repository/Sign Up/Page_Element/input_Username_mx_RegistrationForm_password'

2022-01-16 19:35:48 - [MESSAGE][PASSED] - Text 'Congtai123' is set on object 'Object Repository/Sign Up/Page_Element/input_Username_mx_RegistrationForm_password'

2022-01-16 19:35:48 - [TEST_STEP][PASSED] - click(findTestObject("Object Repository/Sign Up/Page_Element/div_Confirm password")): Object: 'Object Repository/Sign Up/Page_Element/div_Confirm password' is clicked on

2022-01-16 19:35:50 - [MESSAGE][PASSED] - Object: 'Object Repository/Sign Up/Page_Element/div_Confirm password' is clicked on

2022-01-16 19:35:50 - [TEST_STEP][PASSED] - setText(findTestObject("Object Repository/Sign Up/Page_Element/input_Password_mx_RegistrationForm_passwordConfirm"), confirmpassword): Text 'Congtai123' is set on object 'Object Repository/Sign Up/Page_Element/input_Password_mx_RegistrationForm_passwordConfirm'

2022-01-16 19:35:51 - [MESSAGE][PASSED] - Text 'Congtai123' is set on object 'Object Repository/Sign Up/Page_Element/input_Password_mx_RegistrationForm_passwordConfirm'

2022-01-16 19:35:51 - [TEST_STEP][PASSED] - setText(findTestObject("Object Repository/Sign Up/Page_Element/input_Confirm password_mx_Field_1"), email): Text 'nctai31122001@gmail.com' is set on object 'Object Repository/Sign Up/Page_Element/input_Confirm password_mx_Field_1'

2022-01-16 19:35:53 - [MESSAGE][PASSED] - Text 'nctai31122001@gmail.com' is set on object 'Object Repository/Sign Up/Page_Element/input_Confirm password_mx_Field_1'

2022-01-16 19:35:53 - [TEST_STEP][PASSED] - closeBrowser(): Browser is closed

2022-01-16 19:35:55 - [MESSAGE][PASSED] - Browser is closed]]></system-out>
         <system-err><![CDATA[]]></system-err>
      </testcase>
      <testcase name="Test Cases/TC1-6. Sign Up" time="18.953" classname="Test Cases/TC1-6. Sign Up" status="PASSED">
         <system-out><![CDATA[2022-01-16 19:35:56 - [TEST_CASE][PASSED] - Test Cases/TC1-6. Sign Up: Test Cases/TC1-6. Sign Up

2022-01-16 19:35:56 - [TEST_STEP][PASSED] - openBrowser(""): Browser is opened with url: ''

2022-01-16 19:35:56 - [MESSAGE][INFO] - Starting 'Chrome' driver

2022-01-16 19:35:56 - [MESSAGE][INFO] - Action delay is set to 0 milliseconds

2022-01-16 19:35:58 - [MESSAGE][PASSED] - Browser is opened with url: ''

2022-01-16 19:35:58 - [TEST_STEP][PASSED] - navigateToUrl("http://localhost:8080/#/register"): Navigate to 'http://localhost:8080/#/register' successfully

2022-01-16 19:36:03 - [MESSAGE][PASSED] - Navigate to 'http://localhost:8080/#/register' successfully

2022-01-16 19:36:03 - [TEST_STEP][PASSED] - setText(findTestObject("Object Repository/Sign Up/Page_Element/input_Or_mx_RegistrationForm_username"), username): Text 'nctai' is set on object 'Object Repository/Sign Up/Page_Element/input_Or_mx_RegistrationForm_username'

2022-01-16 19:36:08 - [MESSAGE][PASSED] - Text 'nctai' is set on object 'Object Repository/Sign Up/Page_Element/input_Or_mx_RegistrationForm_username'

2022-01-16 19:36:08 - [TEST_STEP][PASSED] - setText(findTestObject("Object Repository/Sign Up/Page_Element/input_Username_mx_RegistrationForm_password"), password): Text 'Congtai123' is set on object 'Object Repository/Sign Up/Page_Element/input_Username_mx_RegistrationForm_password'

2022-01-16 19:36:09 - [MESSAGE][PASSED] - Text 'Congtai123' is set on object 'Object Repository/Sign Up/Page_Element/input_Username_mx_RegistrationForm_password'

2022-01-16 19:36:09 - [TEST_STEP][PASSED] - click(findTestObject("Object Repository/Sign Up/Page_Element/div_Confirm password")): Object: 'Object Repository/Sign Up/Page_Element/div_Confirm password' is clicked on

2022-01-16 19:36:12 - [MESSAGE][PASSED] - Object: 'Object Repository/Sign Up/Page_Element/div_Confirm password' is clicked on

2022-01-16 19:36:12 - [TEST_STEP][PASSED] - setText(findTestObject("Object Repository/Sign Up/Page_Element/input_Password_mx_RegistrationForm_passwordConfirm"), confirmpassword): Text 'Congtai123' is set on object 'Object Repository/Sign Up/Page_Element/input_Password_mx_RegistrationForm_passwordConfirm'

2022-01-16 19:36:13 - [MESSAGE][PASSED] - Text 'Congtai123' is set on object 'Object Repository/Sign Up/Page_Element/input_Password_mx_RegistrationForm_passwordConfirm'

2022-01-16 19:36:13 - [TEST_STEP][PASSED] - setText(findTestObject("Object Repository/Sign Up/Page_Element/input_Confirm password_mx_Field_1"), email): Text 'xmonkeydlufx@gmail.com' is set on object 'Object Repository/Sign Up/Page_Element/input_Confirm password_mx_Field_1'

2022-01-16 19:36:14 - [MESSAGE][PASSED] - Text 'xmonkeydlufx@gmail.com' is set on object 'Object Repository/Sign Up/Page_Element/input_Confirm password_mx_Field_1'

2022-01-16 19:36:14 - [TEST_STEP][PASSED] - closeBrowser(): Browser is closed

2022-01-16 19:36:15 - [MESSAGE][PASSED] - Browser is closed]]></system-out>
         <system-err><![CDATA[]]></system-err>
      </testcase>
      <testcase name="Test Cases/TC1-6. Sign Up" time="11.899" classname="Test Cases/TC1-6. Sign Up" status="PASSED">
         <system-out><![CDATA[2022-01-16 19:36:15 - [TEST_CASE][PASSED] - Test Cases/TC1-6. Sign Up: Test Cases/TC1-6. Sign Up

2022-01-16 19:36:15 - [TEST_STEP][PASSED] - openBrowser(""): Browser is opened with url: ''

2022-01-16 19:36:15 - [MESSAGE][INFO] - Starting 'Chrome' driver

2022-01-16 19:36:15 - [MESSAGE][INFO] - Action delay is set to 0 milliseconds

2022-01-16 19:36:16 - [MESSAGE][PASSED] - Browser is opened with url: ''

2022-01-16 19:36:16 - [TEST_STEP][PASSED] - navigateToUrl("http://localhost:8080/#/register"): Navigate to 'http://localhost:8080/#/register' successfully

2022-01-16 19:36:18 - [MESSAGE][PASSED] - Navigate to 'http://localhost:8080/#/register' successfully

2022-01-16 19:36:18 - [TEST_STEP][PASSED] - setText(findTestObject("Object Repository/Sign Up/Page_Element/input_Or_mx_RegistrationForm_username"), username): Text 'nctaiiii' is set on object 'Object Repository/Sign Up/Page_Element/input_Or_mx_RegistrationForm_username'

2022-01-16 19:36:22 - [MESSAGE][PASSED] - Text 'nctaiiii' is set on object 'Object Repository/Sign Up/Page_Element/input_Or_mx_RegistrationForm_username'

2022-01-16 19:36:22 - [TEST_STEP][PASSED] - setText(findTestObject("Object Repository/Sign Up/Page_Element/input_Username_mx_RegistrationForm_password"), password): Text 'Congtai123' is set on object 'Object Repository/Sign Up/Page_Element/input_Username_mx_RegistrationForm_password'

2022-01-16 19:36:23 - [MESSAGE][PASSED] - Text 'Congtai123' is set on object 'Object Repository/Sign Up/Page_Element/input_Username_mx_RegistrationForm_password'

2022-01-16 19:36:23 - [TEST_STEP][PASSED] - click(findTestObject("Object Repository/Sign Up/Page_Element/div_Confirm password")): Object: 'Object Repository/Sign Up/Page_Element/div_Confirm password' is clicked on

2022-01-16 19:36:24 - [MESSAGE][PASSED] - Object: 'Object Repository/Sign Up/Page_Element/div_Confirm password' is clicked on

2022-01-16 19:36:24 - [TEST_STEP][PASSED] - setText(findTestObject("Object Repository/Sign Up/Page_Element/input_Password_mx_RegistrationForm_passwordConfirm"), confirmpassword): Text 'Congtai1234' is set on object 'Object Repository/Sign Up/Page_Element/input_Password_mx_RegistrationForm_passwordConfirm'

2022-01-16 19:36:25 - [MESSAGE][PASSED] - Text 'Congtai1234' is set on object 'Object Repository/Sign Up/Page_Element/input_Password_mx_RegistrationForm_passwordConfirm'

2022-01-16 19:36:25 - [TEST_STEP][PASSED] - setText(findTestObject("Object Repository/Sign Up/Page_Element/input_Confirm password_mx_Field_1"), email): Text 'xmonkeydlufx@gmail.com' is set on object 'Object Repository/Sign Up/Page_Element/input_Confirm password_mx_Field_1'

2022-01-16 19:36:26 - [MESSAGE][PASSED] - Text 'xmonkeydlufx@gmail.com' is set on object 'Object Repository/Sign Up/Page_Element/input_Confirm password_mx_Field_1'

2022-01-16 19:36:26 - [TEST_STEP][PASSED] - closeBrowser(): Browser is closed

2022-01-16 19:36:26 - [MESSAGE][PASSED] - Browser is closed]]></system-out>
         <system-err><![CDATA[]]></system-err>
      </testcase>
      <testcase name="Test Cases/TC1-6. Sign Up" time="274.769" classname="Test Cases/TC1-6. Sign Up" status="PASSED">
         <system-out><![CDATA[2022-01-16 19:36:27 - [TEST_CASE][PASSED] - Test Cases/TC1-6. Sign Up: Test Cases/TC1-6. Sign Up

2022-01-16 19:36:27 - [TEST_STEP][PASSED] - openBrowser(""): Browser is opened with url: ''

2022-01-16 19:36:27 - [MESSAGE][INFO] - Starting 'Chrome' driver

2022-01-16 19:36:27 - [MESSAGE][INFO] - Action delay is set to 0 milliseconds

2022-01-16 19:36:28 - [MESSAGE][PASSED] - Browser is opened with url: ''

2022-01-16 19:36:28 - [TEST_STEP][PASSED] - navigateToUrl("http://localhost:8080/#/register"): Navigate to 'http://localhost:8080/#/register' successfully

2022-01-16 19:36:29 - [MESSAGE][PASSED] - Navigate to 'http://localhost:8080/#/register' successfully

2022-01-16 19:36:29 - [TEST_STEP][PASSED] - setText(findTestObject("Object Repository/Sign Up/Page_Element/input_Or_mx_RegistrationForm_username"), username): Text '' is set on object 'Object Repository/Sign Up/Page_Element/input_Or_mx_RegistrationForm_username'

2022-01-16 19:37:30 - [MESSAGE][PASSED] - Text '' is set on object 'Object Repository/Sign Up/Page_Element/input_Or_mx_RegistrationForm_username'

2022-01-16 19:37:30 - [TEST_STEP][PASSED] - setText(findTestObject("Object Repository/Sign Up/Page_Element/input_Username_mx_RegistrationForm_password"), password): Text '' is set on object 'Object Repository/Sign Up/Page_Element/input_Username_mx_RegistrationForm_password'

2022-01-16 19:38:30 - [MESSAGE][PASSED] - Text '' is set on object 'Object Repository/Sign Up/Page_Element/input_Username_mx_RegistrationForm_password'

2022-01-16 19:38:30 - [TEST_STEP][PASSED] - click(findTestObject("Object Repository/Sign Up/Page_Element/div_Confirm password")): Object: 'Object Repository/Sign Up/Page_Element/div_Confirm password' is clicked on

2022-01-16 19:39:00 - [MESSAGE][PASSED] - Object: 'Object Repository/Sign Up/Page_Element/div_Confirm password' is clicked on

2022-01-16 19:39:00 - [TEST_STEP][PASSED] - setText(findTestObject("Object Repository/Sign Up/Page_Element/input_Password_mx_RegistrationForm_passwordConfirm"), confirmpassword): Text '' is set on object 'Object Repository/Sign Up/Page_Element/input_Password_mx_RegistrationForm_passwordConfirm'

2022-01-16 19:40:01 - [MESSAGE][PASSED] - Text '' is set on object 'Object Repository/Sign Up/Page_Element/input_Password_mx_RegistrationForm_passwordConfirm'

2022-01-16 19:40:01 - [TEST_STEP][PASSED] - setText(findTestObject("Object Repository/Sign Up/Page_Element/input_Confirm password_mx_Field_1"), email): Text '' is set on object 'Object Repository/Sign Up/Page_Element/input_Confirm password_mx_Field_1'

2022-01-16 19:41:01 - [MESSAGE][PASSED] - Text '' is set on object 'Object Repository/Sign Up/Page_Element/input_Confirm password_mx_Field_1'

2022-01-16 19:41:01 - [TEST_STEP][PASSED] - closeBrowser(): Browser is closed

2022-01-16 19:41:01 - [MESSAGE][PASSED] - Browser is closed]]></system-out>
         <system-err><![CDATA[]]></system-err>
      </testcase>
      <testcase name="Test Cases/TC1-6. Sign Up" time="11.512" classname="Test Cases/TC1-6. Sign Up" status="PASSED">
         <system-out><![CDATA[2022-01-16 19:41:01 - [TEST_CASE][PASSED] - Test Cases/TC1-6. Sign Up: Test Cases/TC1-6. Sign Up

2022-01-16 19:41:01 - [TEST_STEP][PASSED] - openBrowser(""): Browser is opened with url: ''

2022-01-16 19:41:01 - [MESSAGE][INFO] - Starting 'Chrome' driver

2022-01-16 19:41:01 - [MESSAGE][INFO] - Action delay is set to 0 milliseconds

2022-01-16 19:41:03 - [MESSAGE][PASSED] - Browser is opened with url: ''

2022-01-16 19:41:03 - [TEST_STEP][PASSED] - navigateToUrl("http://localhost:8080/#/register"): Navigate to 'http://localhost:8080/#/register' successfully

2022-01-16 19:41:04 - [MESSAGE][PASSED] - Navigate to 'http://localhost:8080/#/register' successfully

2022-01-16 19:41:04 - [TEST_STEP][PASSED] - setText(findTestObject("Object Repository/Sign Up/Page_Element/input_Or_mx_RegistrationForm_username"), username): Text 'nctaiiiii' is set on object 'Object Repository/Sign Up/Page_Element/input_Or_mx_RegistrationForm_username'

2022-01-16 19:41:08 - [MESSAGE][PASSED] - Text 'nctaiiiii' is set on object 'Object Repository/Sign Up/Page_Element/input_Or_mx_RegistrationForm_username'

2022-01-16 19:41:08 - [TEST_STEP][PASSED] - setText(findTestObject("Object Repository/Sign Up/Page_Element/input_Username_mx_RegistrationForm_password"), password): Text 'Congtai123' is set on object 'Object Repository/Sign Up/Page_Element/input_Username_mx_RegistrationForm_password'

2022-01-16 19:41:09 - [MESSAGE][PASSED] - Text 'Congtai123' is set on object 'Object Repository/Sign Up/Page_Element/input_Username_mx_RegistrationForm_password'

2022-01-16 19:41:09 - [TEST_STEP][PASSED] - click(findTestObject("Object Repository/Sign Up/Page_Element/div_Confirm password")): Object: 'Object Repository/Sign Up/Page_Element/div_Confirm password' is clicked on

2022-01-16 19:41:11 - [MESSAGE][PASSED] - Object: 'Object Repository/Sign Up/Page_Element/div_Confirm password' is clicked on

2022-01-16 19:41:11 - [TEST_STEP][PASSED] - setText(findTestObject("Object Repository/Sign Up/Page_Element/input_Password_mx_RegistrationForm_passwordConfirm"), confirmpassword): Text 'Congtai123' is set on object 'Object Repository/Sign Up/Page_Element/input_Password_mx_RegistrationForm_passwordConfirm'

2022-01-16 19:41:11 - [MESSAGE][PASSED] - Text 'Congtai123' is set on object 'Object Repository/Sign Up/Page_Element/input_Password_mx_RegistrationForm_passwordConfirm'

2022-01-16 19:41:11 - [TEST_STEP][PASSED] - setText(findTestObject("Object Repository/Sign Up/Page_Element/input_Confirm password_mx_Field_1"), email): Text '' is set on object 'Object Repository/Sign Up/Page_Element/input_Confirm password_mx_Field_1'

2022-01-16 19:41:12 - [MESSAGE][PASSED] - Text '' is set on object 'Object Repository/Sign Up/Page_Element/input_Confirm password_mx_Field_1'

2022-01-16 19:41:12 - [TEST_STEP][PASSED] - closeBrowser(): Browser is closed

2022-01-16 19:41:13 - [MESSAGE][PASSED] - Browser is closed]]></system-out>
         <system-err><![CDATA[]]></system-err>
      </testcase>
      <system-out><![CDATA[2022-01-16 19:35:15 - [TEST_SUITE][PASSED] - TC1-6. Sign Up: Test Cases/TC1-6. Sign Up]]></system-out>
      <system-err><![CDATA[]]></system-err>
   </testsuite>
</testsuites>
