<?xml version="1.0" encoding="UTF-8"?>
<testsuites name="TC11-12. Sign In using email" time="271.422" tests="2" failures="0" errors="0">
   <testsuite name="TC11-12. Sign In using email" tests="2" failures="0" errors="0" time="271.422" skipped="0" timestamp="2022-01-16 21:24:23" hostname="mixel - 192.168.1.10" id="Test Suites/TC11-12. Sign In using email">
      <properties>
         <property name="deviceName" value=""/>
         <property name="devicePlatform" value=""/>
         <property name="logFolder" value="/Users/mixel/Documents/Github/Test-Automation-SE-Bonus-Katalon/Reports/20220116_212303/TC11-12. Sign In using email/20220116_212310"/>
         <property name="logFiles" value="/Users/mixel/Documents/Github/Test-Automation-SE-Bonus-Katalon/Reports/20220116_212303/TC11-12. Sign In using email/20220116_212310/execution0.log"/>
         <property name="attachments" value=""/>
         <property name="hostName" value="mixel - 192.168.1.10"/>
         <property name="os" value="Mac OS X 64bit"/>
         <property name="katalonVersion" value="8.2.0.208"/>
         <property name="browser" value="Chrome 97.0.4692.71"/>
         <property name="hostAddress" value="192.168.1.10"/>
         <property name="sessionId" value="6f747e6d3c2f668aca34ec5d6414bf5f"/>
         <property name="seleniumVersion" value="3.141.59"/>
         <property name="proxyInformation" value="ProxyInformation { proxyOption=NO_PROXY, proxyServerType=HTTP, username=, password=********, proxyServerAddress=, proxyServerPort=0, executionList=&quot;&quot;, isApplyToDesiredCapabilities=true }"/>
         <property name="platform" value="Mac OS X"/>
      </properties>
      <testcase name="Test Cases/TC11-12. Sign In using email address" time="151.414" classname="Test Cases/TC11-12. Sign In using email address" status="PASSED">
         <system-out><![CDATA[2022-01-16 21:24:26 - [TEST_CASE][PASSED] - Test Cases/TC11-12. Sign In using email address: Test Cases/TC11-12. Sign In using email address

2022-01-16 21:24:28 - [TEST_STEP][PASSED] - openBrowser(""): Browser is opened with url: ''

2022-01-16 21:24:29 - [MESSAGE][INFO] - Starting 'Chrome' driver

2022-01-16 21:24:30 - [MESSAGE][INFO] - Action delay is set to 0 milliseconds

2022-01-16 21:25:06 - [MESSAGE][PASSED] - Browser is opened with url: ''

2022-01-16 21:25:06 - [TEST_STEP][PASSED] - navigateToUrl("http://localhost:8080/#/login"): Navigate to 'http://localhost:8080/#/login' successfully

2022-01-16 21:25:22 - [MESSAGE][PASSED] - Navigate to 'http://localhost:8080/#/login' successfully

2022-01-16 21:25:22 - [TEST_STEP][PASSED] - selectOptionByValue(findTestObject("Object Repository/SIgn in using email address/Page_Element/select_UsernameEmail addressPhone"), "login_field_email", true): All options with value 'login_field_email' are selected in object 'Object Repository/SIgn in using email address/Page_Element/select_UsernameEmail addressPhone'  using regular expression

2022-01-16 21:26:05 - [MESSAGE][PASSED] - All options with value 'login_field_email' are selected in object 'Object Repository/SIgn in using email address/Page_Element/select_UsernameEmail addressPhone'  using regular expression

2022-01-16 21:26:06 - [TEST_STEP][PASSED] - setText(findTestObject("Object Repository/SIgn in using email address/Page_Element/input_Sign in with_mx_Field_4"), email): Text 'nctai19@apcs.vn' is set on object 'Object Repository/SIgn in using email address/Page_Element/input_Sign in with_mx_Field_4'

2022-01-16 21:26:28 - [MESSAGE][PASSED] - Text 'nctai19@apcs.vn' is set on object 'Object Repository/SIgn in using email address/Page_Element/input_Sign in with_mx_Field_4'

2022-01-16 21:26:28 - [TEST_STEP][PASSED] - setText(findTestObject("Object Repository/SIgn in using email address/Page_Element/input_Email_password"), password): Text 'Congtai123' is set on object 'Object Repository/SIgn in using email address/Page_Element/input_Email_password'

2022-01-16 21:26:37 - [MESSAGE][PASSED] - Text 'Congtai123' is set on object 'Object Repository/SIgn in using email address/Page_Element/input_Email_password'

2022-01-16 21:26:38 - [TEST_STEP][PASSED] - click(findTestObject("Object Repository/SIgn in using email address/Page_Element/input_Forgot password_mx_Login_submit")): Object: 'Object Repository/SIgn in using email address/Page_Element/input_Forgot password_mx_Login_submit' is clicked on

2022-01-16 21:26:51 - [MESSAGE][PASSED] - Object: 'Object Repository/SIgn in using email address/Page_Element/input_Forgot password_mx_Login_submit' is clicked on

2022-01-16 21:26:52 - [TEST_STEP][PASSED] - closeBrowser(): Browser is closed

2022-01-16 21:26:57 - [MESSAGE][PASSED] - Browser is closed]]></system-out>
         <system-err><![CDATA[]]></system-err>
      </testcase>
      <testcase name="Test Cases/TC11-12. Sign In using email address" time="114.282" classname="Test Cases/TC11-12. Sign In using email address" status="PASSED">
         <system-out><![CDATA[2022-01-16 21:27:00 - [TEST_CASE][PASSED] - Test Cases/TC11-12. Sign In using email address: Test Cases/TC11-12. Sign In using email address

2022-01-16 21:27:03 - [TEST_STEP][PASSED] - openBrowser(""): Browser is opened with url: ''

2022-01-16 21:27:03 - [MESSAGE][INFO] - Starting 'Chrome' driver

2022-01-16 21:27:04 - [MESSAGE][INFO] - Action delay is set to 0 milliseconds

2022-01-16 21:27:25 - [MESSAGE][PASSED] - Browser is opened with url: ''

2022-01-16 21:27:25 - [TEST_STEP][PASSED] - navigateToUrl("http://localhost:8080/#/login"): Navigate to 'http://localhost:8080/#/login' successfully

2022-01-16 21:27:52 - [MESSAGE][PASSED] - Navigate to 'http://localhost:8080/#/login' successfully

2022-01-16 21:27:52 - [TEST_STEP][PASSED] - selectOptionByValue(findTestObject("Object Repository/SIgn in using email address/Page_Element/select_UsernameEmail addressPhone"), "login_field_email", true): All options with value 'login_field_email' are selected in object 'Object Repository/SIgn in using email address/Page_Element/select_UsernameEmail addressPhone'  using regular expression

2022-01-16 21:28:33 - [MESSAGE][PASSED] - All options with value 'login_field_email' are selected in object 'Object Repository/SIgn in using email address/Page_Element/select_UsernameEmail addressPhone'  using regular expression

2022-01-16 21:28:35 - [TEST_STEP][PASSED] - setText(findTestObject("Object Repository/SIgn in using email address/Page_Element/input_Sign in with_mx_Field_4"), email): Text 'nctai19@apcs.vn' is set on object 'Object Repository/SIgn in using email address/Page_Element/input_Sign in with_mx_Field_4'

2022-01-16 21:28:46 - [MESSAGE][PASSED] - Text 'nctai19@apcs.vn' is set on object 'Object Repository/SIgn in using email address/Page_Element/input_Sign in with_mx_Field_4'

2022-01-16 21:28:46 - [TEST_STEP][PASSED] - setText(findTestObject("Object Repository/SIgn in using email address/Page_Element/input_Email_password"), password): Text 'CongTai321' is set on object 'Object Repository/SIgn in using email address/Page_Element/input_Email_password'

2022-01-16 21:28:51 - [MESSAGE][PASSED] - Text 'CongTai321' is set on object 'Object Repository/SIgn in using email address/Page_Element/input_Email_password'

2022-01-16 21:28:51 - [TEST_STEP][PASSED] - click(findTestObject("Object Repository/SIgn in using email address/Page_Element/input_Forgot password_mx_Login_submit")): Object: 'Object Repository/SIgn in using email address/Page_Element/input_Forgot password_mx_Login_submit' is clicked on

2022-01-16 21:28:54 - [MESSAGE][PASSED] - Object: 'Object Repository/SIgn in using email address/Page_Element/input_Forgot password_mx_Login_submit' is clicked on

2022-01-16 21:28:54 - [TEST_STEP][PASSED] - closeBrowser(): Browser is closed

2022-01-16 21:28:55 - [MESSAGE][PASSED] - Browser is closed]]></system-out>
         <system-err><![CDATA[]]></system-err>
      </testcase>
      <system-out><![CDATA[2022-01-16 21:24:23 - [TEST_SUITE][PASSED] - TC11-12. Sign In using email: Test Cases/TC11-12. Sign In using email address]]></system-out>
      <system-err><![CDATA[]]></system-err>
   </testsuite>
</testsuites>
